20:42:59:500  WARN 16456 --- [mass-pay-service] [main] c.a.nacos.client.logging.NacosLogging    : Load Logback Configuration of Nacos fail, message: Could not initialize Logback Nacos logging from classpath:nacos-logback.xml
20:42:59:526  INFO 16456 --- [mass-pay-service] [main] cn.finetool.pay.PayApplication           : The following 1 profile is active: "dev"
20:43:00:198  INFO 16456 --- [mass-pay-service] [main] .s.d.r.c.RepositoryConfigurationDelegate : Multiple Spring Data modules found, entering strict repository configuration mode
20:43:00:200  INFO 16456 --- [mass-pay-service] [main] .s.d.r.c.RepositoryConfigurationDelegate : Bootstrapping Spring Data Elasticsearch repositories in DEFAULT mode.
20:43:00:212  INFO 16456 --- [mass-pay-service] [main] .s.d.r.c.RepositoryConfigurationDelegate : Finished Spring Data repository scanning in 8 ms. Found 0 Elasticsearch repository interfaces.
20:43:00:217  INFO 16456 --- [mass-pay-service] [main] .s.d.r.c.RepositoryConfigurationDelegate : Multiple Spring Data modules found, entering strict repository configuration mode
20:43:00:218  INFO 16456 --- [mass-pay-service] [main] .s.d.r.c.RepositoryConfigurationDelegate : Bootstrapping Spring Data Reactive Elasticsearch repositories in DEFAULT mode.
20:43:00:220  INFO 16456 --- [mass-pay-service] [main] .s.d.r.c.RepositoryConfigurationDelegate : Finished Spring Data repository scanning in 1 ms. Found 0 Reactive Elasticsearch repository interfaces.
20:43:00:231  INFO 16456 --- [mass-pay-service] [main] .s.d.r.c.RepositoryConfigurationDelegate : Multiple Spring Data modules found, entering strict repository configuration mode
20:43:00:232  INFO 16456 --- [mass-pay-service] [main] .s.d.r.c.RepositoryConfigurationDelegate : Bootstrapping Spring Data Redis repositories in DEFAULT mode.
20:43:00:242  INFO 16456 --- [mass-pay-service] [main] .s.d.r.c.RepositoryConfigurationDelegate : Finished Spring Data repository scanning in 2 ms. Found 0 Redis repository interfaces.
20:43:00:382  WARN 16456 --- [mass-pay-service] [main] o.m.s.mapper.ClassPathMapperScanner      : No MyBatis mapper was found in '[cn.finetool.pay]' package. Please check your configuration.
20:43:00:450  INFO 16456 --- [mass-pay-service] [main] o.s.cloud.context.scope.GenericScope     : BeanFactory id=283459e8-478f-3357-8b21-e0a469dd1bc6
20:43:00:617  WARN 16456 --- [mass-pay-service] [main] trationDelegate$BeanPostProcessorChecker : Bean 'org.springframework.cloud.client.loadbalancer.LoadBalancerAutoConfiguration$RetryInterceptorAutoConfiguration' of type [org.springframework.cloud.client.loadbalancer.LoadBalancerAutoConfiguration$RetryInterceptorAutoConfiguration] is not eligible for getting processed by all BeanPostProcessors (for example: not eligible for auto-proxying). The currently created BeanPostProcessor [lbRestClientPostProcessor] is declared through a non-static factory method on that class; consider declaring it as static instead.
20:43:00:619  WARN 16456 --- [mass-pay-service] [main] trationDelegate$BeanPostProcessorChecker : Bean 'org.springframework.cloud.loadbalancer.config.BlockingLoadBalancerClientAutoConfiguration' of type [org.springframework.cloud.loadbalancer.config.BlockingLoadBalancerClientAutoConfiguration] is not eligible for getting processed by all BeanPostProcessors (for example: not eligible for auto-proxying). Is this bean getting eagerly injected into a currently created BeanPostProcessor [lbRestClientPostProcessor]? Check the corresponding BeanPostProcessor declaration and its dependencies.
20:43:00:620  WARN 16456 --- [mass-pay-service] [main] trationDelegate$BeanPostProcessorChecker : Bean 'org.springframework.cloud.loadbalancer.config.LoadBalancerAutoConfiguration' of type [org.springframework.cloud.loadbalancer.config.LoadBalancerAutoConfiguration] is not eligible for getting processed by all BeanPostProcessors (for example: not eligible for auto-proxying). Is this bean getting eagerly injected into a currently created BeanPostProcessor [lbRestClientPostProcessor]? Check the corresponding BeanPostProcessor declaration and its dependencies.
20:43:00:623  WARN 16456 --- [mass-pay-service] [main] trationDelegate$BeanPostProcessorChecker : Bean 'org.springframework.cloud.commons.config.CommonsConfigAutoConfiguration' of type [org.springframework.cloud.commons.config.CommonsConfigAutoConfiguration] is not eligible for getting processed by all BeanPostProcessors (for example: not eligible for auto-proxying). Is this bean getting eagerly injected into a currently created BeanPostProcessor [lbRestClientPostProcessor]? Check the corresponding BeanPostProcessor declaration and its dependencies.
20:43:00:624  WARN 16456 --- [mass-pay-service] [main] trationDelegate$BeanPostProcessorChecker : Bean 'org.springframework.cloud.client.loadbalancer.LoadBalancerDefaultMappingsProviderAutoConfiguration' of type [org.springframework.cloud.client.loadbalancer.LoadBalancerDefaultMappingsProviderAutoConfiguration] is not eligible for getting processed by all BeanPostProcessors (for example: not eligible for auto-proxying). Is this bean getting eagerly injected into a currently created BeanPostProcessor [lbRestClientPostProcessor]? Check the corresponding BeanPostProcessor declaration and its dependencies.
20:43:00:625  WARN 16456 --- [mass-pay-service] [main] trationDelegate$BeanPostProcessorChecker : Bean 'loadBalancerClientsDefaultsMappingsProvider' of type [org.springframework.cloud.client.loadbalancer.LoadBalancerDefaultMappingsProviderAutoConfiguration$$Lambda/0x000001d7c8625e98] is not eligible for getting processed by all BeanPostProcessors (for example: not eligible for auto-proxying). Is this bean getting eagerly injected into a currently created BeanPostProcessor [lbRestClientPostProcessor]? Check the corresponding BeanPostProcessor declaration and its dependencies.
20:43:00:625  WARN 16456 --- [mass-pay-service] [main] trationDelegate$BeanPostProcessorChecker : Bean 'defaultsBindHandlerAdvisor' of type [org.springframework.cloud.commons.config.DefaultsBindHandlerAdvisor] is not eligible for getting processed by all BeanPostProcessors (for example: not eligible for auto-proxying). Is this bean getting eagerly injected into a currently created BeanPostProcessor [lbRestClientPostProcessor]? Check the corresponding BeanPostProcessor declaration and its dependencies.
20:43:00:629  WARN 16456 --- [mass-pay-service] [main] trationDelegate$BeanPostProcessorChecker : Bean 'spring.cloud.loadbalancer-org.springframework.cloud.client.loadbalancer.LoadBalancerClientsProperties' of type [org.springframework.cloud.client.loadbalancer.LoadBalancerClientsProperties] is not eligible for getting processed by all BeanPostProcessors (for example: not eligible for auto-proxying). Is this bean getting eagerly injected into a currently created BeanPostProcessor [lbRestClientPostProcessor]? Check the corresponding BeanPostProcessor declaration and its dependencies.
20:43:00:632  WARN 16456 --- [mass-pay-service] [main] trationDelegate$BeanPostProcessorChecker : Bean 'default.org.springframework.cloud.loadbalancer.config.LoadBalancerAutoConfiguration.LoadBalancerClientSpecification' of type [org.springframework.cloud.loadbalancer.annotation.LoadBalancerClientSpecification] is not eligible for getting processed by all BeanPostProcessors (for example: not eligible for auto-proxying). Is this bean getting eagerly injected into a currently created BeanPostProcessor [lbRestClientPostProcessor]? Check the corresponding BeanPostProcessor declaration and its dependencies.
20:43:00:633  WARN 16456 --- [mass-pay-service] [main] trationDelegate$BeanPostProcessorChecker : Bean 'default.org.springframework.cloud.loadbalancer.config.BlockingLoadBalancerClientAutoConfiguration.LoadBalancerClientSpecification' of type [org.springframework.cloud.loadbalancer.annotation.LoadBalancerClientSpecification] is not eligible for getting processed by all BeanPostProcessors (for example: not eligible for auto-proxying). Is this bean getting eagerly injected into a currently created BeanPostProcessor [lbRestClientPostProcessor]? Check the corresponding BeanPostProcessor declaration and its dependencies.
20:43:00:634  WARN 16456 --- [mass-pay-service] [main] trationDelegate$BeanPostProcessorChecker : Bean 'loadBalancerClientFactory' of type [org.springframework.cloud.loadbalancer.support.LoadBalancerClientFactory] is not eligible for getting processed by all BeanPostProcessors (for example: not eligible for auto-proxying). Is this bean getting eagerly injected into a currently created BeanPostProcessor [lbRestClientPostProcessor]? Check the corresponding BeanPostProcessor declaration and its dependencies.
20:43:00:638  WARN 16456 --- [mass-pay-service] [main] trationDelegate$BeanPostProcessorChecker : Bean 'blockingLoadBalancerClient' of type [org.springframework.cloud.loadbalancer.blocking.client.BlockingLoadBalancerClient] is not eligible for getting processed by all BeanPostProcessors (for example: not eligible for auto-proxying). Is this bean getting eagerly injected into a currently created BeanPostProcessor [lbRestClientPostProcessor]? Check the corresponding BeanPostProcessor declaration and its dependencies.
20:43:00:644  WARN 16456 --- [mass-pay-service] [main] trationDelegate$BeanPostProcessorChecker : Bean 'loadBalancerServiceInstanceCookieTransformer' of type [org.springframework.cloud.loadbalancer.core.LoadBalancerServiceInstanceCookieTransformer] is not eligible for getting processed by all BeanPostProcessors (for example: not eligible for auto-proxying). Is this bean getting eagerly injected into a currently created BeanPostProcessor [lbRestClientPostProcessor]? Check the corresponding BeanPostProcessor declaration and its dependencies.
20:43:00:645  WARN 16456 --- [mass-pay-service] [main] trationDelegate$BeanPostProcessorChecker : Bean 'xForwarderHeadersTransformer' of type [org.springframework.cloud.loadbalancer.blocking.XForwardedHeadersTransformer] is not eligible for getting processed by all BeanPostProcessors (for example: not eligible for auto-proxying). Is this bean getting eagerly injected into a currently created BeanPostProcessor [lbRestClientPostProcessor]? Check the corresponding BeanPostProcessor declaration and its dependencies.
20:43:00:646  WARN 16456 --- [mass-pay-service] [main] trationDelegate$BeanPostProcessorChecker : Bean 'org.springframework.cloud.client.loadbalancer.LoadBalancerAutoConfiguration' of type [org.springframework.cloud.client.loadbalancer.LoadBalancerAutoConfiguration] is not eligible for getting processed by all BeanPostProcessors (for example: not eligible for auto-proxying). Is this bean getting eagerly injected into a currently created BeanPostProcessor [lbRestClientPostProcessor]? Check the corresponding BeanPostProcessor declaration and its dependencies.
20:43:00:647  WARN 16456 --- [mass-pay-service] [main] trationDelegate$BeanPostProcessorChecker : Bean 'loadBalancerRequestFactory' of type [org.springframework.cloud.client.loadbalancer.LoadBalancerRequestFactory] is not eligible for getting processed by all BeanPostProcessors (for example: not eligible for auto-proxying). Is this bean getting eagerly injected into a currently created BeanPostProcessor [lbRestClientPostProcessor]? Check the corresponding BeanPostProcessor declaration and its dependencies.
20:43:00:648  WARN 16456 --- [mass-pay-service] [main] trationDelegate$BeanPostProcessorChecker : Bean 'org.springframework.cloud.loadbalancer.config.BlockingLoadBalancerClientAutoConfiguration$BlockingLoadBalancerRetryConfig' of type [org.springframework.cloud.loadbalancer.config.BlockingLoadBalancerClientAutoConfiguration$BlockingLoadBalancerRetryConfig$$SpringCGLIB$$0] is not eligible for getting processed by all BeanPostProcessors (for example: not eligible for auto-proxying). Is this bean getting eagerly injected into a currently created BeanPostProcessor [lbRestClientPostProcessor]? Check the corresponding BeanPostProcessor declaration and its dependencies.
20:43:00:650  WARN 16456 --- [mass-pay-service] [main] trationDelegate$BeanPostProcessorChecker : Bean 'loadBalancedRetryFactory' of type [org.springframework.cloud.loadbalancer.blocking.retry.BlockingLoadBalancedRetryFactory] is not eligible for getting processed by all BeanPostProcessors (for example: not eligible for auto-proxying). Is this bean getting eagerly injected into a currently created BeanPostProcessor [lbRestClientPostProcessor]? Check the corresponding BeanPostProcessor declaration and its dependencies.
20:43:00:653  WARN 16456 --- [mass-pay-service] [main] trationDelegate$BeanPostProcessorChecker : Bean 'loadBalancerInterceptor' of type [org.springframework.cloud.client.loadbalancer.RetryLoadBalancerInterceptor] is not eligible for getting processed by all BeanPostProcessors (for example: not eligible for auto-proxying). Is this bean getting eagerly injected into a currently created BeanPostProcessor [lbRestClientPostProcessor]? Check the corresponding BeanPostProcessor declaration and its dependencies.
20:43:00:840  INFO 16456 --- [mass-pay-service] [main] o.s.b.w.embedded.tomcat.TomcatWebServer  : Tomcat initialized with port 8086 (http)
20:43:00:852  INFO 16456 --- [mass-pay-service] [main] o.apache.catalina.core.StandardService   : Starting service [Tomcat]
20:43:00:853  INFO 16456 --- [mass-pay-service] [main] o.apache.catalina.core.StandardEngine    : Starting Servlet engine: [Apache Tomcat/10.1.19]
20:43:00:909  INFO 16456 --- [mass-pay-service] [main] o.a.c.c.C.[Tomcat].[localhost].[/]       : Initializing Spring embedded WebApplicationContext
20:43:00:909  INFO 16456 --- [mass-pay-service] [main] w.s.c.ServletWebServerApplicationContext : Root WebApplicationContext: initialization completed in 1328 ms
20:43:01:100  INFO 16456 --- [mass-pay-service] [main] o.s.c.openfeign.FeignClientFactoryBean   : For 'mass-order-service' URL not provided. Will try picking an instance via load-balancing.
20:43:01:146  INFO 16456 --- [mass-pay-service] [main] o.s.c.openfeign.FeignClientFactoryBean   : For 'mass-account-service' URL not provided. Will try picking an instance via load-balancing.
20:43:01:361  INFO 16456 --- [mass-pay-service] [main] c.f.p.strategy.OrderTypeStrategyFactory  : init OrderTypeStrategy
20:43:02:382  WARN 16456 --- [mass-pay-service] [main] iguration$LoadBalancerCaffeineWarnLogger : Spring Cloud LoadBalancer is currently working with the default cache. While this cache implementation is useful for development and tests, it's recommended to use Caffeine cache in production.You can switch to using Caffeine cache, by adding it and org.springframework.cache.caffeine.CaffeineCacheManager to the classpath.
20:43:02:484  INFO 16456 --- [mass-pay-service] [main] o.s.b.w.embedded.tomcat.TomcatWebServer  : Tomcat started on port 8086 (http) with context path ''
20:43:02:488  INFO 16456 --- [mass-pay-service] [main] com.alibaba.nacos.client.naming          : initializer namespace from ans.namespace attribute : null
20:43:02:488  INFO 16456 --- [mass-pay-service] [main] com.alibaba.nacos.client.naming          : initializer namespace from ALIBABA_ALIWARE_NAMESPACE attribute :null
20:43:02:488  INFO 16456 --- [mass-pay-service] [main] com.alibaba.nacos.client.naming          : initializer namespace from namespace attribute :null
20:43:02:496  INFO 16456 --- [mass-pay-service] [main] c.a.n.p.a.s.c.ClientAuthPluginManager    : [ClientAuthPluginManager] Load ClientAuthService com.alibaba.nacos.client.auth.impl.NacosClientAuthServiceImpl success.
20:43:02:496  INFO 16456 --- [mass-pay-service] [main] c.a.n.p.a.s.c.ClientAuthPluginManager    : [ClientAuthPluginManager] Load ClientAuthService com.alibaba.nacos.client.auth.ram.RamClientAuthServiceImpl success.
20:43:02:501  INFO 16456 --- [mass-pay-service] [main] com.alibaba.nacos.common.remote.client   : [RpcClientFactory] create a new rpc client of 7eaf4767-1992-4af1-94f7-c484b5c8bea8
20:43:02:503  INFO 16456 --- [mass-pay-service] [main] com.alibaba.nacos.common.remote.client   : [7eaf4767-1992-4af1-94f7-c484b5c8bea8] RpcClient init, ServerListFactory = com.alibaba.nacos.client.naming.core.ServerListManager
20:43:02:503  INFO 16456 --- [mass-pay-service] [main] com.alibaba.nacos.common.remote.client   : [7eaf4767-1992-4af1-94f7-c484b5c8bea8] Registry connection listener to current client:com.alibaba.nacos.client.naming.remote.gprc.redo.NamingGrpcRedoService
20:43:02:504  INFO 16456 --- [mass-pay-service] [main] com.alibaba.nacos.common.remote.client   : [7eaf4767-1992-4af1-94f7-c484b5c8bea8] Register server push request handler:com.alibaba.nacos.client.naming.remote.gprc.NamingPushRequestHandler
20:43:02:505  INFO 16456 --- [mass-pay-service] [main] com.alibaba.nacos.common.remote.client   : [7eaf4767-1992-4af1-94f7-c484b5c8bea8] Try to connect to server on start up, server: {serverIp = '192.168.64.100', server main port = 8848}
20:43:02:505  INFO 16456 --- [mass-pay-service] [main] c.a.n.c.remote.client.grpc.GrpcClient    : grpc client connection server:192.168.64.100 ip,serverPort:9848,grpcTslConfig:{"sslProvider":"OPENSSL","enableTls":false,"mutualAuthEnable":false,"trustAll":false}
20:43:02:620  INFO 16456 --- [mass-pay-service] [main] com.alibaba.nacos.common.remote.client   : [7eaf4767-1992-4af1-94f7-c484b5c8bea8] Success to connect to server [192.168.64.100:8848] on start up, connectionId = 1731674585483_192.168.64.1_58686
20:43:02:620  INFO 16456 --- [mass-pay-service] [main] com.alibaba.nacos.common.remote.client   : [7eaf4767-1992-4af1-94f7-c484b5c8bea8] Register server push request handler:com.alibaba.nacos.common.remote.client.RpcClient$ConnectResetRequestHandler
20:43:02:620  INFO 16456 --- [mass-pay-service] [main] com.alibaba.nacos.common.remote.client   : [7eaf4767-1992-4af1-94f7-c484b5c8bea8] Register server push request handler:com.alibaba.nacos.common.remote.client.RpcClient$$Lambda/0x000001d7c845d4a0
20:43:02:620  INFO 16456 --- [mass-pay-service] [com.alibaba.nacos.client.remote.worker] com.alibaba.nacos.common.remote.client   : [7eaf4767-1992-4af1-94f7-c484b5c8bea8] Notify connected event to listeners.
20:43:02:620  INFO 16456 --- [mass-pay-service] [com.alibaba.nacos.client.remote.worker] com.alibaba.nacos.client.naming          : Grpc connection connect
20:43:02:621  INFO 16456 --- [mass-pay-service] [main] com.alibaba.nacos.client.naming          : [REGISTER-SERVICE] public registering service mass-pay-service with instance Instance{instanceId='null', ip='192.168.247.1', port=8086, weight=1.0, healthy=true, enabled=true, ephemeral=true, clusterName='DEFAULT', serviceName='null', metadata={IPv6=null, preserved.register.source=SPRING_CLOUD}}
20:43:02:635  INFO 16456 --- [mass-pay-service] [main] c.a.c.n.registry.NacosServiceRegistry    : nacos registry, DEFAULT_GROUP mass-pay-service 192.168.247.1:8086 register finished
20:43:02:649  INFO 16456 --- [mass-pay-service] [main] cn.finetool.pay.PayApplication           : Started PayApplication in 4.66 seconds (process running for 5.131)
20:43:02:653  INFO 16456 --- [mass-pay-service] [main] c.a.nacos.client.config.impl.CacheData   : nacos.cache.data.init.snapshot = true 
20:43:02:654  INFO 16456 --- [mass-pay-service] [main] c.a.n.client.config.impl.ClientWorker    : [fixed-192.168.64.100_8848] [subscribe] mass-pay-service+DEFAULT_GROUP
20:43:02:659  INFO 16456 --- [mass-pay-service] [main] c.a.nacos.client.config.impl.CacheData   : [fixed-192.168.64.100_8848] [add-listener] ok, tenant=, dataId=mass-pay-service, group=DEFAULT_GROUP, cnt=1
20:43:02:660  INFO 16456 --- [mass-pay-service] [main] c.a.c.n.refresh.NacosContextRefresher    : [Nacos Config] Listening config: dataId=mass-pay-service, group=DEFAULT_GROUP
20:43:02:660  INFO 16456 --- [mass-pay-service] [main] c.a.n.client.config.impl.ClientWorker    : [fixed-192.168.64.100_8848] [subscribe] mass-pay-service.yaml+DEFAULT_GROUP
20:43:02:660  INFO 16456 --- [mass-pay-service] [main] c.a.nacos.client.config.impl.CacheData   : [fixed-192.168.64.100_8848] [add-listener] ok, tenant=, dataId=mass-pay-service.yaml, group=DEFAULT_GROUP, cnt=1
20:43:02:660  INFO 16456 --- [mass-pay-service] [main] c.a.c.n.refresh.NacosContextRefresher    : [Nacos Config] Listening config: dataId=mass-pay-service.yaml, group=DEFAULT_GROUP
20:43:02:660  INFO 16456 --- [mass-pay-service] [main] c.a.n.client.config.impl.ClientWorker    : [fixed-192.168.64.100_8848] [subscribe] mass-pay-service-dev.yaml+DEFAULT_GROUP
20:43:02:660  INFO 16456 --- [mass-pay-service] [main] c.a.nacos.client.config.impl.CacheData   : [fixed-192.168.64.100_8848] [add-listener] ok, tenant=, dataId=mass-pay-service-dev.yaml, group=DEFAULT_GROUP, cnt=1
20:43:02:660  INFO 16456 --- [mass-pay-service] [main] c.a.c.n.refresh.NacosContextRefresher    : [Nacos Config] Listening config: dataId=mass-pay-service-dev.yaml, group=DEFAULT_GROUP
