20:16:37:916  WARN 3096 --- [mass-oss-service] [main] c.a.nacos.client.logging.NacosLogging    : Load Logback Configuration of Nacos fail, message: Could not initialize Logback Nacos logging from classpath:nacos-logback.xml
20:16:37:924  INFO 3096 --- [mass-oss-service] [main] cn.finetool.oss.OssApplication           : The following 1 profile is active: "dev"
20:16:38:647  INFO 3096 --- [mass-oss-service] [main] .s.d.r.c.RepositoryConfigurationDelegate : Multiple Spring Data modules found, entering strict repository configuration mode
20:16:38:649  INFO 3096 --- [mass-oss-service] [main] .s.d.r.c.RepositoryConfigurationDelegate : Bootstrapping Spring Data Redis repositories in DEFAULT mode.
20:16:38:666  INFO 3096 --- [mass-oss-service] [main] .s.d.r.c.RepositoryConfigurationDelegate : Finished Spring Data repository scanning in 4 ms. Found 0 Redis repository interfaces.
20:16:38:829  WARN 3096 --- [mass-oss-service] [main] o.m.s.mapper.ClassPathMapperScanner      : No MyBatis mapper was found in '[cn.finetool.oss]' package. Please check your configuration.
20:16:38:907  INFO 3096 --- [mass-oss-service] [main] o.s.cloud.context.scope.GenericScope     : BeanFactory id=4421d193-2ac9-3f60-9d16-0aafb94288cd
20:16:39:100  WARN 3096 --- [mass-oss-service] [main] trationDelegate$BeanPostProcessorChecker : Bean 'org.springframework.cloud.client.loadbalancer.LoadBalancerAutoConfiguration$RetryInterceptorAutoConfiguration' of type [org.springframework.cloud.client.loadbalancer.LoadBalancerAutoConfiguration$RetryInterceptorAutoConfiguration] is not eligible for getting processed by all BeanPostProcessors (for example: not eligible for auto-proxying). The currently created BeanPostProcessor [lbRestClientPostProcessor] is declared through a non-static factory method on that class; consider declaring it as static instead.
20:16:39:104  WARN 3096 --- [mass-oss-service] [main] trationDelegate$BeanPostProcessorChecker : Bean 'org.springframework.cloud.loadbalancer.config.BlockingLoadBalancerClientAutoConfiguration' of type [org.springframework.cloud.loadbalancer.config.BlockingLoadBalancerClientAutoConfiguration] is not eligible for getting processed by all BeanPostProcessors (for example: not eligible for auto-proxying). Is this bean getting eagerly injected into a currently created BeanPostProcessor [lbRestClientPostProcessor]? Check the corresponding BeanPostProcessor declaration and its dependencies.
20:16:39:105  WARN 3096 --- [mass-oss-service] [main] trationDelegate$BeanPostProcessorChecker : Bean 'org.springframework.cloud.loadbalancer.config.LoadBalancerAutoConfiguration' of type [org.springframework.cloud.loadbalancer.config.LoadBalancerAutoConfiguration] is not eligible for getting processed by all BeanPostProcessors (for example: not eligible for auto-proxying). Is this bean getting eagerly injected into a currently created BeanPostProcessor [lbRestClientPostProcessor]? Check the corresponding BeanPostProcessor declaration and its dependencies.
20:16:39:109  WARN 3096 --- [mass-oss-service] [main] trationDelegate$BeanPostProcessorChecker : Bean 'org.springframework.cloud.commons.config.CommonsConfigAutoConfiguration' of type [org.springframework.cloud.commons.config.CommonsConfigAutoConfiguration] is not eligible for getting processed by all BeanPostProcessors (for example: not eligible for auto-proxying). Is this bean getting eagerly injected into a currently created BeanPostProcessor [lbRestClientPostProcessor]? Check the corresponding BeanPostProcessor declaration and its dependencies.
20:16:39:111  WARN 3096 --- [mass-oss-service] [main] trationDelegate$BeanPostProcessorChecker : Bean 'org.springframework.cloud.client.loadbalancer.LoadBalancerDefaultMappingsProviderAutoConfiguration' of type [org.springframework.cloud.client.loadbalancer.LoadBalancerDefaultMappingsProviderAutoConfiguration] is not eligible for getting processed by all BeanPostProcessors (for example: not eligible for auto-proxying). Is this bean getting eagerly injected into a currently created BeanPostProcessor [lbRestClientPostProcessor]? Check the corresponding BeanPostProcessor declaration and its dependencies.
20:16:39:112  WARN 3096 --- [mass-oss-service] [main] trationDelegate$BeanPostProcessorChecker : Bean 'loadBalancerClientsDefaultsMappingsProvider' of type [org.springframework.cloud.client.loadbalancer.LoadBalancerDefaultMappingsProviderAutoConfiguration$$Lambda/0x000002043b617690] is not eligible for getting processed by all BeanPostProcessors (for example: not eligible for auto-proxying). Is this bean getting eagerly injected into a currently created BeanPostProcessor [lbRestClientPostProcessor]? Check the corresponding BeanPostProcessor declaration and its dependencies.
20:16:39:113  WARN 3096 --- [mass-oss-service] [main] trationDelegate$BeanPostProcessorChecker : Bean 'defaultsBindHandlerAdvisor' of type [org.springframework.cloud.commons.config.DefaultsBindHandlerAdvisor] is not eligible for getting processed by all BeanPostProcessors (for example: not eligible for auto-proxying). Is this bean getting eagerly injected into a currently created BeanPostProcessor [lbRestClientPostProcessor]? Check the corresponding BeanPostProcessor declaration and its dependencies.
20:16:39:118  WARN 3096 --- [mass-oss-service] [main] trationDelegate$BeanPostProcessorChecker : Bean 'spring.cloud.loadbalancer-org.springframework.cloud.client.loadbalancer.LoadBalancerClientsProperties' of type [org.springframework.cloud.client.loadbalancer.LoadBalancerClientsProperties] is not eligible for getting processed by all BeanPostProcessors (for example: not eligible for auto-proxying). Is this bean getting eagerly injected into a currently created BeanPostProcessor [lbRestClientPostProcessor]? Check the corresponding BeanPostProcessor declaration and its dependencies.
20:16:39:125  WARN 3096 --- [mass-oss-service] [main] trationDelegate$BeanPostProcessorChecker : Bean 'default.org.springframework.cloud.loadbalancer.config.LoadBalancerAutoConfiguration.LoadBalancerClientSpecification' of type [org.springframework.cloud.loadbalancer.annotation.LoadBalancerClientSpecification] is not eligible for getting processed by all BeanPostProcessors (for example: not eligible for auto-proxying). Is this bean getting eagerly injected into a currently created BeanPostProcessor [lbRestClientPostProcessor]? Check the corresponding BeanPostProcessor declaration and its dependencies.
20:16:39:127  WARN 3096 --- [mass-oss-service] [main] trationDelegate$BeanPostProcessorChecker : Bean 'default.org.springframework.cloud.loadbalancer.config.BlockingLoadBalancerClientAutoConfiguration.LoadBalancerClientSpecification' of type [org.springframework.cloud.loadbalancer.annotation.LoadBalancerClientSpecification] is not eligible for getting processed by all BeanPostProcessors (for example: not eligible for auto-proxying). Is this bean getting eagerly injected into a currently created BeanPostProcessor [lbRestClientPostProcessor]? Check the corresponding BeanPostProcessor declaration and its dependencies.
20:16:39:128  WARN 3096 --- [mass-oss-service] [main] trationDelegate$BeanPostProcessorChecker : Bean 'loadBalancerClientFactory' of type [org.springframework.cloud.loadbalancer.support.LoadBalancerClientFactory] is not eligible for getting processed by all BeanPostProcessors (for example: not eligible for auto-proxying). Is this bean getting eagerly injected into a currently created BeanPostProcessor [lbRestClientPostProcessor]? Check the corresponding BeanPostProcessor declaration and its dependencies.
20:16:39:133  WARN 3096 --- [mass-oss-service] [main] trationDelegate$BeanPostProcessorChecker : Bean 'blockingLoadBalancerClient' of type [org.springframework.cloud.loadbalancer.blocking.client.BlockingLoadBalancerClient] is not eligible for getting processed by all BeanPostProcessors (for example: not eligible for auto-proxying). Is this bean getting eagerly injected into a currently created BeanPostProcessor [lbRestClientPostProcessor]? Check the corresponding BeanPostProcessor declaration and its dependencies.
20:16:39:138  WARN 3096 --- [mass-oss-service] [main] trationDelegate$BeanPostProcessorChecker : Bean 'loadBalancerServiceInstanceCookieTransformer' of type [org.springframework.cloud.loadbalancer.core.LoadBalancerServiceInstanceCookieTransformer] is not eligible for getting processed by all BeanPostProcessors (for example: not eligible for auto-proxying). Is this bean getting eagerly injected into a currently created BeanPostProcessor [lbRestClientPostProcessor]? Check the corresponding BeanPostProcessor declaration and its dependencies.
20:16:39:139  WARN 3096 --- [mass-oss-service] [main] trationDelegate$BeanPostProcessorChecker : Bean 'xForwarderHeadersTransformer' of type [org.springframework.cloud.loadbalancer.blocking.XForwardedHeadersTransformer] is not eligible for getting processed by all BeanPostProcessors (for example: not eligible for auto-proxying). Is this bean getting eagerly injected into a currently created BeanPostProcessor [lbRestClientPostProcessor]? Check the corresponding BeanPostProcessor declaration and its dependencies.
20:16:39:139  WARN 3096 --- [mass-oss-service] [main] trationDelegate$BeanPostProcessorChecker : Bean 'org.springframework.cloud.client.loadbalancer.LoadBalancerAutoConfiguration' of type [org.springframework.cloud.client.loadbalancer.LoadBalancerAutoConfiguration] is not eligible for getting processed by all BeanPostProcessors (for example: not eligible for auto-proxying). Is this bean getting eagerly injected into a currently created BeanPostProcessor [lbRestClientPostProcessor]? Check the corresponding BeanPostProcessor declaration and its dependencies.
20:16:39:140  WARN 3096 --- [mass-oss-service] [main] trationDelegate$BeanPostProcessorChecker : Bean 'loadBalancerRequestFactory' of type [org.springframework.cloud.client.loadbalancer.LoadBalancerRequestFactory] is not eligible for getting processed by all BeanPostProcessors (for example: not eligible for auto-proxying). Is this bean getting eagerly injected into a currently created BeanPostProcessor [lbRestClientPostProcessor]? Check the corresponding BeanPostProcessor declaration and its dependencies.
20:16:39:141  WARN 3096 --- [mass-oss-service] [main] trationDelegate$BeanPostProcessorChecker : Bean 'org.springframework.cloud.loadbalancer.config.BlockingLoadBalancerClientAutoConfiguration$BlockingLoadBalancerRetryConfig' of type [org.springframework.cloud.loadbalancer.config.BlockingLoadBalancerClientAutoConfiguration$BlockingLoadBalancerRetryConfig$$SpringCGLIB$$0] is not eligible for getting processed by all BeanPostProcessors (for example: not eligible for auto-proxying). Is this bean getting eagerly injected into a currently created BeanPostProcessor [lbRestClientPostProcessor]? Check the corresponding BeanPostProcessor declaration and its dependencies.
20:16:39:142  WARN 3096 --- [mass-oss-service] [main] trationDelegate$BeanPostProcessorChecker : Bean 'loadBalancedRetryFactory' of type [org.springframework.cloud.loadbalancer.blocking.retry.BlockingLoadBalancedRetryFactory] is not eligible for getting processed by all BeanPostProcessors (for example: not eligible for auto-proxying). Is this bean getting eagerly injected into a currently created BeanPostProcessor [lbRestClientPostProcessor]? Check the corresponding BeanPostProcessor declaration and its dependencies.
20:16:39:145  WARN 3096 --- [mass-oss-service] [main] trationDelegate$BeanPostProcessorChecker : Bean 'loadBalancerInterceptor' of type [org.springframework.cloud.client.loadbalancer.RetryLoadBalancerInterceptor] is not eligible for getting processed by all BeanPostProcessors (for example: not eligible for auto-proxying). Is this bean getting eagerly injected into a currently created BeanPostProcessor [lbRestClientPostProcessor]? Check the corresponding BeanPostProcessor declaration and its dependencies.
20:16:39:351  INFO 3096 --- [mass-oss-service] [main] o.s.b.w.embedded.tomcat.TomcatWebServer  : Tomcat initialized with port 8085 (http)
20:16:39:365  INFO 3096 --- [mass-oss-service] [main] o.apache.catalina.core.StandardService   : Starting service [Tomcat]
20:16:39:365  INFO 3096 --- [mass-oss-service] [main] o.apache.catalina.core.StandardEngine    : Starting Servlet engine: [Apache Tomcat/10.1.19]
20:16:39:449  INFO 3096 --- [mass-oss-service] [main] o.a.c.c.C.[Tomcat].[localhost].[/]       : Initializing Spring embedded WebApplicationContext
20:16:39:449  INFO 3096 --- [mass-oss-service] [main] w.s.c.ServletWebServerApplicationContext : Root WebApplicationContext: initialization completed in 1510 ms
20:16:39:521  INFO 3096 --- [mass-oss-service] [main] f.a.AutowiredAnnotationBeanPostProcessor : Autowired annotation is not supported on static fields: private static java.lang.String cn.finetool.common.configuration.MinioConfig.host
20:16:39:522  INFO 3096 --- [mass-oss-service] [main] f.a.AutowiredAnnotationBeanPostProcessor : Autowired annotation is not supported on static fields: private static java.lang.String cn.finetool.common.configuration.MinioConfig.port
20:16:39:522  INFO 3096 --- [mass-oss-service] [main] f.a.AutowiredAnnotationBeanPostProcessor : Autowired annotation is not supported on static fields: private static java.lang.String cn.finetool.common.configuration.MinioConfig.bucket
20:16:39:522  INFO 3096 --- [mass-oss-service] [main] f.a.AutowiredAnnotationBeanPostProcessor : Autowired annotation is not supported on static fields: private static java.lang.String cn.finetool.common.configuration.MinioConfig.username
20:16:39:522  INFO 3096 --- [mass-oss-service] [main] f.a.AutowiredAnnotationBeanPostProcessor : Autowired annotation is not supported on static fields: private static java.lang.String cn.finetool.common.configuration.MinioConfig.password
20:16:39:522  INFO 3096 --- [mass-oss-service] [main] f.a.AutowiredAnnotationBeanPostProcessor : Autowired annotation is not supported on static fields: private static java.lang.String cn.finetool.common.configuration.MinioConfig.url
20:16:40:019  INFO 3096 --- [mass-oss-service] [main] c.f.common.configuration.MinioConfig     : MinIO:bucket init ok , bucket=mass-hotel
20:16:40:167  INFO 3096 --- [mass-oss-service] [main] o.s.c.openfeign.FeignClientFactoryBean   : For 'mass-account-service' URL not provided. Will try picking an instance via load-balancing.
20:16:40:974  WARN 3096 --- [mass-oss-service] [main] iguration$LoadBalancerCaffeineWarnLogger : Spring Cloud LoadBalancer is currently working with the default cache. While this cache implementation is useful for development and tests, it's recommended to use Caffeine cache in production.You can switch to using Caffeine cache, by adding it and org.springframework.cache.caffeine.CaffeineCacheManager to the classpath.
20:16:41:034  INFO 3096 --- [mass-oss-service] [main] o.s.b.w.embedded.tomcat.TomcatWebServer  : Tomcat started on port 8085 (http) with context path ''
20:16:41:037  INFO 3096 --- [mass-oss-service] [main] com.alibaba.nacos.client.naming          : initializer namespace from ans.namespace attribute : null
20:16:41:037  INFO 3096 --- [mass-oss-service] [main] com.alibaba.nacos.client.naming          : initializer namespace from ALIBABA_ALIWARE_NAMESPACE attribute :null
20:16:41:038  INFO 3096 --- [mass-oss-service] [main] com.alibaba.nacos.client.naming          : initializer namespace from namespace attribute :null
20:16:41:044  INFO 3096 --- [mass-oss-service] [main] c.a.n.p.a.s.c.ClientAuthPluginManager    : [ClientAuthPluginManager] Load ClientAuthService com.alibaba.nacos.client.auth.impl.NacosClientAuthServiceImpl success.
20:16:41:044  INFO 3096 --- [mass-oss-service] [main] c.a.n.p.a.s.c.ClientAuthPluginManager    : [ClientAuthPluginManager] Load ClientAuthService com.alibaba.nacos.client.auth.ram.RamClientAuthServiceImpl success.
20:16:41:047  INFO 3096 --- [mass-oss-service] [main] com.alibaba.nacos.common.remote.client   : [RpcClientFactory] create a new rpc client of 9b99acf9-179f-4ed1-ba34-f3b10a57a7a8
20:16:41:049  INFO 3096 --- [mass-oss-service] [main] com.alibaba.nacos.common.remote.client   : [9b99acf9-179f-4ed1-ba34-f3b10a57a7a8] RpcClient init, ServerListFactory = com.alibaba.nacos.client.naming.core.ServerListManager
20:16:41:049  INFO 3096 --- [mass-oss-service] [main] com.alibaba.nacos.common.remote.client   : [9b99acf9-179f-4ed1-ba34-f3b10a57a7a8] Registry connection listener to current client:com.alibaba.nacos.client.naming.remote.gprc.redo.NamingGrpcRedoService
20:16:41:049  INFO 3096 --- [mass-oss-service] [main] com.alibaba.nacos.common.remote.client   : [9b99acf9-179f-4ed1-ba34-f3b10a57a7a8] Register server push request handler:com.alibaba.nacos.client.naming.remote.gprc.NamingPushRequestHandler
20:16:41:049  INFO 3096 --- [mass-oss-service] [main] com.alibaba.nacos.common.remote.client   : [9b99acf9-179f-4ed1-ba34-f3b10a57a7a8] Try to connect to server on start up, server: {serverIp = '192.168.64.100', server main port = 8848}
20:16:41:050  INFO 3096 --- [mass-oss-service] [main] c.a.n.c.remote.client.grpc.GrpcClient    : grpc client connection server:192.168.64.100 ip,serverPort:9848,grpcTslConfig:{"sslProvider":"OPENSSL","enableTls":false,"mutualAuthEnable":false,"trustAll":false}
20:16:41:161  INFO 3096 --- [mass-oss-service] [main] com.alibaba.nacos.common.remote.client   : [9b99acf9-179f-4ed1-ba34-f3b10a57a7a8] Success to connect to server [192.168.64.100:8848] on start up, connectionId = 1723465001832_192.168.64.1_56057
20:16:41:161  INFO 3096 --- [mass-oss-service] [main] com.alibaba.nacos.common.remote.client   : [9b99acf9-179f-4ed1-ba34-f3b10a57a7a8] Register server push request handler:com.alibaba.nacos.common.remote.client.RpcClient$ConnectResetRequestHandler
20:16:41:161  INFO 3096 --- [mass-oss-service] [main] com.alibaba.nacos.common.remote.client   : [9b99acf9-179f-4ed1-ba34-f3b10a57a7a8] Register server push request handler:com.alibaba.nacos.common.remote.client.RpcClient$$Lambda/0x000002043b458d88
20:16:41:161  INFO 3096 --- [mass-oss-service] [com.alibaba.nacos.client.remote.worker] com.alibaba.nacos.common.remote.client   : [9b99acf9-179f-4ed1-ba34-f3b10a57a7a8] Notify connected event to listeners.
20:16:41:161  INFO 3096 --- [mass-oss-service] [com.alibaba.nacos.client.remote.worker] com.alibaba.nacos.client.naming          : Grpc connection connect
20:16:41:162  INFO 3096 --- [mass-oss-service] [main] com.alibaba.nacos.client.naming          : [REGISTER-SERVICE] public registering service mass-oss-service with instance Instance{instanceId='null', ip='192.168.247.1', port=8085, weight=1.0, healthy=true, enabled=true, ephemeral=true, clusterName='DEFAULT', serviceName='null', metadata={IPv6=null, preserved.register.source=SPRING_CLOUD}}
20:16:41:175  INFO 3096 --- [mass-oss-service] [main] c.a.c.n.registry.NacosServiceRegistry    : nacos registry, DEFAULT_GROUP mass-oss-service 192.168.247.1:8085 register finished
20:16:41:188  INFO 3096 --- [mass-oss-service] [main] cn.finetool.oss.OssApplication           : Started OssApplication in 5.011 seconds (process running for 5.708)
20:16:41:191  INFO 3096 --- [mass-oss-service] [main] c.a.nacos.client.config.impl.CacheData   : nacos.cache.data.init.snapshot = true 
20:16:41:191  INFO 3096 --- [mass-oss-service] [main] c.a.n.client.config.impl.ClientWorker    : [fixed-192.168.64.100_8848] [subscribe] mass-oss-service-dev.yaml+DEFAULT_GROUP
20:16:41:195  INFO 3096 --- [mass-oss-service] [main] c.a.nacos.client.config.impl.CacheData   : [fixed-192.168.64.100_8848] [add-listener] ok, tenant=, dataId=mass-oss-service-dev.yaml, group=DEFAULT_GROUP, cnt=1
20:16:41:196  INFO 3096 --- [mass-oss-service] [main] c.a.c.n.refresh.NacosContextRefresher    : [Nacos Config] Listening config: dataId=mass-oss-service-dev.yaml, group=DEFAULT_GROUP
20:16:41:196  INFO 3096 --- [mass-oss-service] [main] c.a.n.client.config.impl.ClientWorker    : [fixed-192.168.64.100_8848] [subscribe] mass-oss-service+DEFAULT_GROUP
20:16:41:196  INFO 3096 --- [mass-oss-service] [main] c.a.nacos.client.config.impl.CacheData   : [fixed-192.168.64.100_8848] [add-listener] ok, tenant=, dataId=mass-oss-service, group=DEFAULT_GROUP, cnt=1
20:16:41:196  INFO 3096 --- [mass-oss-service] [main] c.a.c.n.refresh.NacosContextRefresher    : [Nacos Config] Listening config: dataId=mass-oss-service, group=DEFAULT_GROUP
20:16:41:196  INFO 3096 --- [mass-oss-service] [main] c.a.n.client.config.impl.ClientWorker    : [fixed-192.168.64.100_8848] [subscribe] mass-oss-service.yaml+DEFAULT_GROUP
20:16:41:196  INFO 3096 --- [mass-oss-service] [main] c.a.nacos.client.config.impl.CacheData   : [fixed-192.168.64.100_8848] [add-listener] ok, tenant=, dataId=mass-oss-service.yaml, group=DEFAULT_GROUP, cnt=1
20:16:41:196  INFO 3096 --- [mass-oss-service] [main] c.a.c.n.refresh.NacosContextRefresher    : [Nacos Config] Listening config: dataId=mass-oss-service.yaml, group=DEFAULT_GROUP
