00:00:37:048  INFO 7224 --- [mass-rabbitmq-service] [nacos-grpc-client-executor-192.168.64.100-23010] com.alibaba.nacos.common.remote.client   : [5517655f-405c-4376-85ed-cf46b73f0eb8] Receive server push request, request = NotifySubscriberRequest, requestId = 93
00:00:37:057  INFO 7224 --- [mass-rabbitmq-service] [nacos-grpc-client-executor-192.168.64.100-23010] com.alibaba.nacos.client.naming          : removed ips(1) service: DEFAULT_GROUP@@mass-order-service -> [{"ip":"192.168.247.1","port":8091,"weight":1.0,"healthy":true,"enabled":true,"ephemeral":true,"clusterName":"DEFAULT","serviceName":"DEFAULT_GROUP@@mass-order-service","metadata":{"preserved.register.source":"SPRING_CLOUD"},"instanceHeartBeatInterval":5000,"instanceHeartBeatTimeOut":15000,"ipDeleteTimeout":30000}]
00:00:37:058  INFO 7224 --- [mass-rabbitmq-service] [nacos-grpc-client-executor-192.168.64.100-23010] com.alibaba.nacos.client.naming          : current ips:(0) service: DEFAULT_GROUP@@mass-order-service -> []
00:00:37:059  INFO 7224 --- [mass-rabbitmq-service] [nacos-grpc-client-executor-192.168.64.100-23010] com.alibaba.nacos.common.remote.client   : [5517655f-405c-4376-85ed-cf46b73f0eb8] Ack server push request, request = NotifySubscriberRequest, requestId = 93
00:00:46:015  INFO 7224 --- [mass-rabbitmq-service] [nacos-grpc-client-executor-192.168.64.100-23012] com.alibaba.nacos.common.remote.client   : [5517655f-405c-4376-85ed-cf46b73f0eb8] Receive server push request, request = NotifySubscriberRequest, requestId = 95
00:00:46:015  INFO 7224 --- [mass-rabbitmq-service] [nacos-grpc-client-executor-192.168.64.100-23012] com.alibaba.nacos.client.naming          : new ips(1) service: DEFAULT_GROUP@@mass-order-service -> [{"ip":"192.168.247.1","port":8091,"weight":1.0,"healthy":true,"enabled":true,"ephemeral":true,"clusterName":"DEFAULT","serviceName":"DEFAULT_GROUP@@mass-order-service","metadata":{"preserved.register.source":"SPRING_CLOUD"},"instanceHeartBeatInterval":5000,"instanceHeartBeatTimeOut":15000,"ipDeleteTimeout":30000}]
00:00:46:015  INFO 7224 --- [mass-rabbitmq-service] [nacos-grpc-client-executor-192.168.64.100-23012] com.alibaba.nacos.client.naming          : current ips:(1) service: DEFAULT_GROUP@@mass-order-service -> [{"ip":"192.168.247.1","port":8091,"weight":1.0,"healthy":true,"enabled":true,"ephemeral":true,"clusterName":"DEFAULT","serviceName":"DEFAULT_GROUP@@mass-order-service","metadata":{"preserved.register.source":"SPRING_CLOUD"},"instanceHeartBeatInterval":5000,"instanceHeartBeatTimeOut":15000,"ipDeleteTimeout":30000}]
00:00:46:016  INFO 7224 --- [mass-rabbitmq-service] [nacos-grpc-client-executor-192.168.64.100-23012] com.alibaba.nacos.common.remote.client   : [5517655f-405c-4376-85ed-cf46b73f0eb8] Ack server push request, request = NotifySubscriberRequest, requestId = 95
01:26:46:644  INFO 7224 --- [mass-rabbitmq-service] [org.springframework.amqp.rabbit.RabbitListenerEndpointContainer#0-1] c.f.r.listener.RechargeOrderConsumer     : 订单：1268740496127066112 超时未支付，取消订单
01:26:46:791  WARN 7224 --- [mass-rabbitmq-service] [org.springframework.amqp.rabbit.RabbitListenerEndpointContainer#0-1] s.a.r.l.ConditionalRejectingErrorHandler : Execution of Rabbit message listener failed.

org.springframework.amqp.rabbit.support.ListenerExecutionFailedException: Listener method 'public void cn.finetool.rabbitmq.listener.RechargeOrderConsumer.rechargeOrderTimeoutConsumer(cn.finetool.rabbitmq.domain.MessageDo,com.rabbitmq.client.Channel,long)' threw exception
	at org.springframework.amqp.rabbit.listener.adapter.MessagingMessageListenerAdapter.invokeHandler(MessagingMessageListenerAdapter.java:287) ~[spring-rabbit-3.1.3.jar:3.1.3]
	at org.springframework.amqp.rabbit.listener.adapter.MessagingMessageListenerAdapter.invokeHandlerAndProcessResult(MessagingMessageListenerAdapter.java:225) ~[spring-rabbit-3.1.3.jar:3.1.3]
	at org.springframework.amqp.rabbit.listener.adapter.MessagingMessageListenerAdapter.onMessage(MessagingMessageListenerAdapter.java:149) ~[spring-rabbit-3.1.3.jar:3.1.3]
	at org.springframework.amqp.rabbit.listener.AbstractMessageListenerContainer.doInvokeListener(AbstractMessageListenerContainer.java:1682) ~[spring-rabbit-3.1.3.jar:3.1.3]
	at org.springframework.amqp.rabbit.listener.AbstractMessageListenerContainer.actualInvokeListener(AbstractMessageListenerContainer.java:1604) ~[spring-rabbit-3.1.3.jar:3.1.3]
	at org.springframework.amqp.rabbit.listener.AbstractMessageListenerContainer.invokeListener(AbstractMessageListenerContainer.java:1592) ~[spring-rabbit-3.1.3.jar:3.1.3]
	at org.springframework.amqp.rabbit.listener.AbstractMessageListenerContainer.doExecuteListener(AbstractMessageListenerContainer.java:1583) ~[spring-rabbit-3.1.3.jar:3.1.3]
	at org.springframework.amqp.rabbit.listener.AbstractMessageListenerContainer.executeListenerAndHandleException(AbstractMessageListenerContainer.java:1528) ~[spring-rabbit-3.1.3.jar:3.1.3]
	at org.springframework.amqp.rabbit.listener.AbstractMessageListenerContainer.lambda$executeListener$8(AbstractMessageListenerContainer.java:1506) ~[spring-rabbit-3.1.3.jar:3.1.3]
	at io.micrometer.observation.Observation.observe(Observation.java:499) ~[micrometer-observation-1.12.4.jar:1.12.4]
	at org.springframework.amqp.rabbit.listener.AbstractMessageListenerContainer.executeListener(AbstractMessageListenerContainer.java:1506) ~[spring-rabbit-3.1.3.jar:3.1.3]
	at org.springframework.amqp.rabbit.listener.SimpleMessageListenerContainer.doReceiveAndExecute(SimpleMessageListenerContainer.java:1084) ~[spring-rabbit-3.1.3.jar:3.1.3]
	at org.springframework.amqp.rabbit.listener.SimpleMessageListenerContainer.receiveAndExecute(SimpleMessageListenerContainer.java:1020) ~[spring-rabbit-3.1.3.jar:3.1.3]
	at org.springframework.amqp.rabbit.listener.SimpleMessageListenerContainer$AsyncMessageProcessingConsumer.mainLoop(SimpleMessageListenerContainer.java:1422) ~[spring-rabbit-3.1.3.jar:3.1.3]
	at org.springframework.amqp.rabbit.listener.SimpleMessageListenerContainer$AsyncMessageProcessingConsumer.run(SimpleMessageListenerContainer.java:1324) ~[spring-rabbit-3.1.3.jar:3.1.3]
	at java.base/java.lang.Thread.run(Thread.java:1583) ~[na:na]
Caused by: feign.FeignException$NotFound: [404] during [PUT] to [http://mass-order-service/rechargeOrder/api/updateOrderStatus?orderId=1268740496127066112&orderStatus=3] [OrderAPIService#updateOrderStatus(String,Integer)]: [{"timestamp":"2024-08-01T17:26:46.766+00:00","status":404,"error":"Not Found","path":"/rechargeOrder/api/updateOrderStatus"}]
	at feign.FeignException.clientErrorStatus(FeignException.java:228) ~[feign-core-13.1.jar:na]
	at feign.FeignException.errorStatus(FeignException.java:203) ~[feign-core-13.1.jar:na]
	at feign.FeignException.errorStatus(FeignException.java:194) ~[feign-core-13.1.jar:na]
	at feign.codec.ErrorDecoder$Default.decode(ErrorDecoder.java:103) ~[feign-core-13.1.jar:na]
	at feign.InvocationContext.decodeError(InvocationContext.java:126) ~[feign-core-13.1.jar:na]
	at feign.InvocationContext.proceed(InvocationContext.java:72) ~[feign-core-13.1.jar:na]
	at feign.ResponseHandler.handleResponse(ResponseHandler.java:63) ~[feign-core-13.1.jar:na]
	at feign.SynchronousMethodHandler.executeAndDecode(SynchronousMethodHandler.java:114) ~[feign-core-13.1.jar:na]
	at feign.SynchronousMethodHandler.invoke(SynchronousMethodHandler.java:70) ~[feign-core-13.1.jar:na]
	at feign.ReflectiveFeign$FeignInvocationHandler.invoke(ReflectiveFeign.java:99) ~[feign-core-13.1.jar:na]
	at jdk.proxy2/jdk.proxy2.$Proxy100.updateOrderStatus(Unknown Source) ~[na:na]
	at cn.finetool.rabbitmq.listener.RechargeOrderConsumer.rechargeOrderTimeoutConsumer(RechargeOrderConsumer.java:44) ~[classes/:na]
	at java.base/jdk.internal.reflect.DirectMethodHandleAccessor.invoke(DirectMethodHandleAccessor.java:103) ~[na:na]
	at java.base/java.lang.reflect.Method.invoke(Method.java:580) ~[na:na]
	at org.springframework.messaging.handler.invocation.InvocableHandlerMethod.doInvoke(InvocableHandlerMethod.java:169) ~[spring-messaging-6.1.5.jar:6.1.5]
	at org.springframework.amqp.rabbit.listener.adapter.KotlinAwareInvocableHandlerMethod.doInvoke(KotlinAwareInvocableHandlerMethod.java:45) ~[spring-rabbit-3.1.3.jar:3.1.3]
	at org.springframework.messaging.handler.invocation.InvocableHandlerMethod.invoke(InvocableHandlerMethod.java:119) ~[spring-messaging-6.1.5.jar:6.1.5]
	at org.springframework.amqp.rabbit.listener.adapter.HandlerAdapter.invoke(HandlerAdapter.java:75) ~[spring-rabbit-3.1.3.jar:3.1.3]
	at org.springframework.amqp.rabbit.listener.adapter.MessagingMessageListenerAdapter.invokeHandler(MessagingMessageListenerAdapter.java:278) ~[spring-rabbit-3.1.3.jar:3.1.3]
	... 15 common frames omitted

01:58:18:035  WARN 7224 --- [mass-rabbitmq-service] [Thread-1] c.a.n.common.http.HttpClientBeanHolder   : [HttpClientBeanHolder] Start destroying common HttpClient
01:58:18:035  WARN 7224 --- [mass-rabbitmq-service] [Thread-7] c.a.nacos.common.notify.NotifyCenter     : [NotifyCenter] Start destroying Publisher
01:58:18:039  WARN 7224 --- [mass-rabbitmq-service] [Thread-7] c.a.nacos.common.notify.NotifyCenter     : [NotifyCenter] Destruction of the end
01:58:18:057  WARN 7224 --- [mass-rabbitmq-service] [Thread-1] c.a.n.common.http.HttpClientBeanHolder   : [HttpClientBeanHolder] Destruction of the end
01:58:18:144  INFO 7224 --- [mass-rabbitmq-service] [org.springframework.amqp.rabbit.RabbitListenerEndpointContainer#0-2] o.s.a.r.l.SimpleMessageListenerContainer : Waiting for workers to finish.
01:58:18:146  INFO 7224 --- [mass-rabbitmq-service] [org.springframework.amqp.rabbit.RabbitListenerEndpointContainer#1-2] o.s.a.r.l.SimpleMessageListenerContainer : Waiting for workers to finish.
01:58:18:614  INFO 7224 --- [mass-rabbitmq-service] [org.springframework.amqp.rabbit.RabbitListenerEndpointContainer#0-2] o.s.a.r.l.SimpleMessageListenerContainer : Successfully waited for workers to finish.
01:58:18:620  INFO 7224 --- [mass-rabbitmq-service] [org.springframework.amqp.rabbit.RabbitListenerEndpointContainer#1-2] o.s.a.r.l.SimpleMessageListenerContainer : Successfully waited for workers to finish.
01:58:18:839  INFO 7224 --- [mass-rabbitmq-service] [SpringApplicationShutdownHook] c.a.c.n.registry.NacosServiceRegistry    : De-registering from Nacos Server now...
01:58:18:840  INFO 7224 --- [mass-rabbitmq-service] [SpringApplicationShutdownHook] com.alibaba.nacos.client.naming          : [DEREGISTER-SERVICE] public deregistering service mass-rabbitmq-service with instance: Instance{instanceId='null', ip='192.168.247.1', port=5672, weight=1.0, healthy=true, enabled=true, ephemeral=true, clusterName='DEFAULT', serviceName='null', metadata={}}
01:58:18:847  INFO 7224 --- [mass-rabbitmq-service] [SpringApplicationShutdownHook] c.a.c.n.registry.NacosServiceRegistry    : De-registration finished.
01:58:18:848  INFO 7224 --- [mass-rabbitmq-service] [SpringApplicationShutdownHook] com.alibaba.nacos.client.naming          : com.alibaba.nacos.client.naming.cache.ServiceInfoHolder do shutdown begin
01:58:18:848  INFO 7224 --- [mass-rabbitmq-service] [SpringApplicationShutdownHook] com.alibaba.nacos.client.naming          : com.alibaba.nacos.client.naming.backups.FailoverReactor do shutdown begin
01:58:18:848  INFO 7224 --- [mass-rabbitmq-service] [SpringApplicationShutdownHook] com.alibaba.nacos.client.naming          : com.alibaba.nacos.client.naming.backups.FailoverReactor do shutdown stop
01:58:18:848  INFO 7224 --- [mass-rabbitmq-service] [SpringApplicationShutdownHook] com.alibaba.nacos.client.naming          : com.alibaba.nacos.client.naming.cache.ServiceInfoHolder do shutdown stop
01:58:18:848  INFO 7224 --- [mass-rabbitmq-service] [SpringApplicationShutdownHook] com.alibaba.nacos.client.naming          : com.alibaba.nacos.client.naming.remote.NamingClientProxyDelegate do shutdown begin
01:58:18:849  INFO 7224 --- [mass-rabbitmq-service] [SpringApplicationShutdownHook] com.alibaba.nacos.client.naming          : com.alibaba.nacos.client.naming.core.ServiceInfoUpdateService do shutdown begin
01:58:18:849  INFO 7224 --- [mass-rabbitmq-service] [SpringApplicationShutdownHook] com.alibaba.nacos.client.naming          : com.alibaba.nacos.client.naming.core.ServiceInfoUpdateService do shutdown stop
01:58:18:849  INFO 7224 --- [mass-rabbitmq-service] [SpringApplicationShutdownHook] com.alibaba.nacos.client.naming          : com.alibaba.nacos.client.naming.core.ServerListManager do shutdown begin
01:58:18:849  WARN 7224 --- [mass-rabbitmq-service] [SpringApplicationShutdownHook] com.alibaba.nacos.client.naming          : [NamingHttpClientManager] Start destroying NacosRestTemplate
01:58:18:849  WARN 7224 --- [mass-rabbitmq-service] [SpringApplicationShutdownHook] com.alibaba.nacos.client.naming          : [NamingHttpClientManager] Destruction of the end
01:58:18:849  INFO 7224 --- [mass-rabbitmq-service] [SpringApplicationShutdownHook] com.alibaba.nacos.client.naming          : com.alibaba.nacos.client.naming.core.ServerListManager do shutdown stop
01:58:18:849  INFO 7224 --- [mass-rabbitmq-service] [SpringApplicationShutdownHook] com.alibaba.nacos.client.naming          : com.alibaba.nacos.client.naming.remote.http.NamingHttpClientProxy do shutdown begin
01:58:18:849  WARN 7224 --- [mass-rabbitmq-service] [SpringApplicationShutdownHook] com.alibaba.nacos.client.naming          : [NamingHttpClientManager] Start destroying NacosRestTemplate
01:58:18:849  WARN 7224 --- [mass-rabbitmq-service] [SpringApplicationShutdownHook] com.alibaba.nacos.client.naming          : [NamingHttpClientManager] Destruction of the end
01:58:18:849  INFO 7224 --- [mass-rabbitmq-service] [SpringApplicationShutdownHook] com.alibaba.nacos.client.naming          : com.alibaba.nacos.client.naming.remote.http.NamingHttpClientProxy do shutdown stop
01:58:18:850  INFO 7224 --- [mass-rabbitmq-service] [SpringApplicationShutdownHook] com.alibaba.nacos.common.remote.client   : Shutdown rpc client, set status to shutdown
01:58:18:850  INFO 7224 --- [mass-rabbitmq-service] [SpringApplicationShutdownHook] com.alibaba.nacos.common.remote.client   : Shutdown client event executor java.util.concurrent.ScheduledThreadPoolExecutor@2566247d[Running, pool size = 2, active threads = 2, queued tasks = 0, completed tasks = 0]
01:58:18:850  INFO 7224 --- [mass-rabbitmq-service] [SpringApplicationShutdownHook] com.alibaba.nacos.common.remote.client   : Close current connection 1722413569094_192.168.64.1_58013
01:58:18:855  INFO 7224 --- [mass-rabbitmq-service] [nacos-grpc-client-executor-192.168.64.100-24436] c.a.n.c.remote.client.grpc.GrpcClient    : [1722413569094_192.168.64.1_58013]Ignore complete event,isRunning:false,isAbandon=false
01:58:18:865  INFO 7224 --- [mass-rabbitmq-service] [SpringApplicationShutdownHook] c.a.n.c.remote.client.grpc.GrpcClient    : Shutdown grpc executor java.util.concurrent.ThreadPoolExecutor@73839f22[Running, pool size = 4, active threads = 0, queued tasks = 0, completed tasks = 24437]
01:58:18:866  INFO 7224 --- [mass-rabbitmq-service] [SpringApplicationShutdownHook] com.alibaba.nacos.client.naming          : Shutdown grpc redo service executor java.util.concurrent.ScheduledThreadPoolExecutor@58b30e3e[Running, pool size = 1, active threads = 0, queued tasks = 1, completed tasks = 40479]
01:58:18:866  INFO 7224 --- [mass-rabbitmq-service] [SpringApplicationShutdownHook] c.a.n.c.a.r.identify.CredentialWatcher   : [null] CredentialWatcher is stopped
01:58:18:866  INFO 7224 --- [mass-rabbitmq-service] [SpringApplicationShutdownHook] c.a.n.c.a.r.identify.CredentialService   : [null] CredentialService is freed
01:58:18:867  INFO 7224 --- [mass-rabbitmq-service] [SpringApplicationShutdownHook] com.alibaba.nacos.client.naming          : com.alibaba.nacos.client.naming.remote.NamingClientProxyDelegate do shutdown stop
01:58:24:098  WARN 23892 --- [mass-rabbitmq-service] [main] c.a.nacos.client.logging.NacosLogging    : Load Logback Configuration of Nacos fail, message: Could not initialize Logback Nacos logging from classpath:nacos-logback.xml
01:58:24:099  INFO 23892 --- [mass-rabbitmq-service] [main] cn.finetool.rabbitmq.MqApplication       : The following 1 profile is active: "dev"
01:58:24:492  INFO 23892 --- [mass-rabbitmq-service] [main] .s.d.r.c.RepositoryConfigurationDelegate : Multiple Spring Data modules found, entering strict repository configuration mode
01:58:24:495  INFO 23892 --- [mass-rabbitmq-service] [main] .s.d.r.c.RepositoryConfigurationDelegate : Bootstrapping Spring Data Redis repositories in DEFAULT mode.
01:58:24:511  INFO 23892 --- [mass-rabbitmq-service] [main] .s.d.r.c.RepositoryConfigurationDelegate : Finished Spring Data repository scanning in 6 ms. Found 0 Redis repository interfaces.
01:58:24:614  WARN 23892 --- [mass-rabbitmq-service] [main] o.m.s.mapper.ClassPathMapperScanner      : No MyBatis mapper was found in '[cn.finetool.rabbitmq]' package. Please check your configuration.
01:58:24:673  INFO 23892 --- [mass-rabbitmq-service] [main] o.s.cloud.context.scope.GenericScope     : BeanFactory id=164436fa-43b1-33b0-9e8f-1e40fbddedc7
01:58:24:828  WARN 23892 --- [mass-rabbitmq-service] [main] trationDelegate$BeanPostProcessorChecker : Bean 'org.springframework.cloud.client.loadbalancer.LoadBalancerAutoConfiguration$RetryInterceptorAutoConfiguration' of type [org.springframework.cloud.client.loadbalancer.LoadBalancerAutoConfiguration$RetryInterceptorAutoConfiguration] is not eligible for getting processed by all BeanPostProcessors (for example: not eligible for auto-proxying). The currently created BeanPostProcessor [lbRestClientPostProcessor] is declared through a non-static factory method on that class; consider declaring it as static instead.
01:58:24:830  WARN 23892 --- [mass-rabbitmq-service] [main] trationDelegate$BeanPostProcessorChecker : Bean 'org.springframework.cloud.loadbalancer.config.BlockingLoadBalancerClientAutoConfiguration' of type [org.springframework.cloud.loadbalancer.config.BlockingLoadBalancerClientAutoConfiguration] is not eligible for getting processed by all BeanPostProcessors (for example: not eligible for auto-proxying). Is this bean getting eagerly injected into a currently created BeanPostProcessor [lbRestClientPostProcessor]? Check the corresponding BeanPostProcessor declaration and its dependencies.
01:58:24:831  WARN 23892 --- [mass-rabbitmq-service] [main] trationDelegate$BeanPostProcessorChecker : Bean 'org.springframework.cloud.loadbalancer.config.LoadBalancerAutoConfiguration' of type [org.springframework.cloud.loadbalancer.config.LoadBalancerAutoConfiguration] is not eligible for getting processed by all BeanPostProcessors (for example: not eligible for auto-proxying). Is this bean getting eagerly injected into a currently created BeanPostProcessor [lbRestClientPostProcessor]? Check the corresponding BeanPostProcessor declaration and its dependencies.
01:58:24:834  WARN 23892 --- [mass-rabbitmq-service] [main] trationDelegate$BeanPostProcessorChecker : Bean 'org.springframework.cloud.commons.config.CommonsConfigAutoConfiguration' of type [org.springframework.cloud.commons.config.CommonsConfigAutoConfiguration] is not eligible for getting processed by all BeanPostProcessors (for example: not eligible for auto-proxying). Is this bean getting eagerly injected into a currently created BeanPostProcessor [lbRestClientPostProcessor]? Check the corresponding BeanPostProcessor declaration and its dependencies.
01:58:24:835  WARN 23892 --- [mass-rabbitmq-service] [main] trationDelegate$BeanPostProcessorChecker : Bean 'org.springframework.cloud.client.loadbalancer.LoadBalancerDefaultMappingsProviderAutoConfiguration' of type [org.springframework.cloud.client.loadbalancer.LoadBalancerDefaultMappingsProviderAutoConfiguration] is not eligible for getting processed by all BeanPostProcessors (for example: not eligible for auto-proxying). Is this bean getting eagerly injected into a currently created BeanPostProcessor [lbRestClientPostProcessor]? Check the corresponding BeanPostProcessor declaration and its dependencies.
01:58:24:835  WARN 23892 --- [mass-rabbitmq-service] [main] trationDelegate$BeanPostProcessorChecker : Bean 'loadBalancerClientsDefaultsMappingsProvider' of type [org.springframework.cloud.client.loadbalancer.LoadBalancerDefaultMappingsProviderAutoConfiguration$$Lambda/0x0000018501616dc8] is not eligible for getting processed by all BeanPostProcessors (for example: not eligible for auto-proxying). Is this bean getting eagerly injected into a currently created BeanPostProcessor [lbRestClientPostProcessor]? Check the corresponding BeanPostProcessor declaration and its dependencies.
01:58:24:836  WARN 23892 --- [mass-rabbitmq-service] [main] trationDelegate$BeanPostProcessorChecker : Bean 'defaultsBindHandlerAdvisor' of type [org.springframework.cloud.commons.config.DefaultsBindHandlerAdvisor] is not eligible for getting processed by all BeanPostProcessors (for example: not eligible for auto-proxying). Is this bean getting eagerly injected into a currently created BeanPostProcessor [lbRestClientPostProcessor]? Check the corresponding BeanPostProcessor declaration and its dependencies.
01:58:24:839  WARN 23892 --- [mass-rabbitmq-service] [main] trationDelegate$BeanPostProcessorChecker : Bean 'spring.cloud.loadbalancer-org.springframework.cloud.client.loadbalancer.LoadBalancerClientsProperties' of type [org.springframework.cloud.client.loadbalancer.LoadBalancerClientsProperties] is not eligible for getting processed by all BeanPostProcessors (for example: not eligible for auto-proxying). Is this bean getting eagerly injected into a currently created BeanPostProcessor [lbRestClientPostProcessor]? Check the corresponding BeanPostProcessor declaration and its dependencies.
01:58:24:842  WARN 23892 --- [mass-rabbitmq-service] [main] trationDelegate$BeanPostProcessorChecker : Bean 'default.org.springframework.cloud.loadbalancer.config.LoadBalancerAutoConfiguration.LoadBalancerClientSpecification' of type [org.springframework.cloud.loadbalancer.annotation.LoadBalancerClientSpecification] is not eligible for getting processed by all BeanPostProcessors (for example: not eligible for auto-proxying). Is this bean getting eagerly injected into a currently created BeanPostProcessor [lbRestClientPostProcessor]? Check the corresponding BeanPostProcessor declaration and its dependencies.
01:58:24:843  WARN 23892 --- [mass-rabbitmq-service] [main] trationDelegate$BeanPostProcessorChecker : Bean 'default.org.springframework.cloud.loadbalancer.config.BlockingLoadBalancerClientAutoConfiguration.LoadBalancerClientSpecification' of type [org.springframework.cloud.loadbalancer.annotation.LoadBalancerClientSpecification] is not eligible for getting processed by all BeanPostProcessors (for example: not eligible for auto-proxying). Is this bean getting eagerly injected into a currently created BeanPostProcessor [lbRestClientPostProcessor]? Check the corresponding BeanPostProcessor declaration and its dependencies.
01:58:24:843  WARN 23892 --- [mass-rabbitmq-service] [main] trationDelegate$BeanPostProcessorChecker : Bean 'loadBalancerClientFactory' of type [org.springframework.cloud.loadbalancer.support.LoadBalancerClientFactory] is not eligible for getting processed by all BeanPostProcessors (for example: not eligible for auto-proxying). Is this bean getting eagerly injected into a currently created BeanPostProcessor [lbRestClientPostProcessor]? Check the corresponding BeanPostProcessor declaration and its dependencies.
01:58:24:846  WARN 23892 --- [mass-rabbitmq-service] [main] trationDelegate$BeanPostProcessorChecker : Bean 'blockingLoadBalancerClient' of type [org.springframework.cloud.loadbalancer.blocking.client.BlockingLoadBalancerClient] is not eligible for getting processed by all BeanPostProcessors (for example: not eligible for auto-proxying). Is this bean getting eagerly injected into a currently created BeanPostProcessor [lbRestClientPostProcessor]? Check the corresponding BeanPostProcessor declaration and its dependencies.
01:58:24:849  WARN 23892 --- [mass-rabbitmq-service] [main] trationDelegate$BeanPostProcessorChecker : Bean 'loadBalancerServiceInstanceCookieTransformer' of type [org.springframework.cloud.loadbalancer.core.LoadBalancerServiceInstanceCookieTransformer] is not eligible for getting processed by all BeanPostProcessors (for example: not eligible for auto-proxying). Is this bean getting eagerly injected into a currently created BeanPostProcessor [lbRestClientPostProcessor]? Check the corresponding BeanPostProcessor declaration and its dependencies.
01:58:24:850  WARN 23892 --- [mass-rabbitmq-service] [main] trationDelegate$BeanPostProcessorChecker : Bean 'xForwarderHeadersTransformer' of type [org.springframework.cloud.loadbalancer.blocking.XForwardedHeadersTransformer] is not eligible for getting processed by all BeanPostProcessors (for example: not eligible for auto-proxying). Is this bean getting eagerly injected into a currently created BeanPostProcessor [lbRestClientPostProcessor]? Check the corresponding BeanPostProcessor declaration and its dependencies.
01:58:24:851  WARN 23892 --- [mass-rabbitmq-service] [main] trationDelegate$BeanPostProcessorChecker : Bean 'org.springframework.cloud.client.loadbalancer.LoadBalancerAutoConfiguration' of type [org.springframework.cloud.client.loadbalancer.LoadBalancerAutoConfiguration] is not eligible for getting processed by all BeanPostProcessors (for example: not eligible for auto-proxying). Is this bean getting eagerly injected into a currently created BeanPostProcessor [lbRestClientPostProcessor]? Check the corresponding BeanPostProcessor declaration and its dependencies.
01:58:24:851  WARN 23892 --- [mass-rabbitmq-service] [main] trationDelegate$BeanPostProcessorChecker : Bean 'loadBalancerRequestFactory' of type [org.springframework.cloud.client.loadbalancer.LoadBalancerRequestFactory] is not eligible for getting processed by all BeanPostProcessors (for example: not eligible for auto-proxying). Is this bean getting eagerly injected into a currently created BeanPostProcessor [lbRestClientPostProcessor]? Check the corresponding BeanPostProcessor declaration and its dependencies.
01:58:24:852  WARN 23892 --- [mass-rabbitmq-service] [main] trationDelegate$BeanPostProcessorChecker : Bean 'org.springframework.cloud.loadbalancer.config.BlockingLoadBalancerClientAutoConfiguration$BlockingLoadBalancerRetryConfig' of type [org.springframework.cloud.loadbalancer.config.BlockingLoadBalancerClientAutoConfiguration$BlockingLoadBalancerRetryConfig$$SpringCGLIB$$0] is not eligible for getting processed by all BeanPostProcessors (for example: not eligible for auto-proxying). Is this bean getting eagerly injected into a currently created BeanPostProcessor [lbRestClientPostProcessor]? Check the corresponding BeanPostProcessor declaration and its dependencies.
01:58:24:853  WARN 23892 --- [mass-rabbitmq-service] [main] trationDelegate$BeanPostProcessorChecker : Bean 'loadBalancedRetryFactory' of type [org.springframework.cloud.loadbalancer.blocking.retry.BlockingLoadBalancedRetryFactory] is not eligible for getting processed by all BeanPostProcessors (for example: not eligible for auto-proxying). Is this bean getting eagerly injected into a currently created BeanPostProcessor [lbRestClientPostProcessor]? Check the corresponding BeanPostProcessor declaration and its dependencies.
01:58:24:855  WARN 23892 --- [mass-rabbitmq-service] [main] trationDelegate$BeanPostProcessorChecker : Bean 'loadBalancerInterceptor' of type [org.springframework.cloud.client.loadbalancer.RetryLoadBalancerInterceptor] is not eligible for getting processed by all BeanPostProcessors (for example: not eligible for auto-proxying). Is this bean getting eagerly injected into a currently created BeanPostProcessor [lbRestClientPostProcessor]? Check the corresponding BeanPostProcessor declaration and its dependencies.
01:58:25:006  INFO 23892 --- [mass-rabbitmq-service] [main] o.s.b.w.embedded.tomcat.TomcatWebServer  : Tomcat initialized with port 5672 (http)
01:58:25:014  INFO 23892 --- [mass-rabbitmq-service] [main] o.apache.catalina.core.StandardService   : Starting service [Tomcat]
01:58:25:015  INFO 23892 --- [mass-rabbitmq-service] [main] o.apache.catalina.core.StandardEngine    : Starting Servlet engine: [Apache Tomcat/10.1.19]
01:58:25:073  INFO 23892 --- [mass-rabbitmq-service] [main] o.a.c.c.C.[Tomcat].[localhost].[/]       : Initializing Spring embedded WebApplicationContext
01:58:25:074  INFO 23892 --- [mass-rabbitmq-service] [main] w.s.c.ServletWebServerApplicationContext : Root WebApplicationContext: initialization completed in 963 ms
01:58:25:495  INFO 23892 --- [mass-rabbitmq-service] [main] o.s.c.openfeign.FeignClientFactoryBean   : For 'mass-order-service' URL not provided. Will try picking an instance via load-balancing.
01:58:25:531  INFO 23892 --- [mass-rabbitmq-service] [main] o.s.c.openfeign.FeignClientFactoryBean   : For 'mass-recharge-plan-service' URL not provided. Will try picking an instance via load-balancing.
01:58:25:544  INFO 23892 --- [mass-rabbitmq-service] [main] c.f.r.configuration.RabbitMqConfig       : 创建订单交换机
01:58:25:545  INFO 23892 --- [mass-rabbitmq-service] [main] c.f.r.configuration.RabbitMqConfig       : 创建订单队列
01:58:25:545  INFO 23892 --- [mass-rabbitmq-service] [main] c.f.r.configuration.RabbitMqConfig       : 创建订单队列绑定到订单交换机
01:58:25:547  INFO 23892 --- [mass-rabbitmq-service] [main] c.f.r.configuration.RabbitMqConfig       : 创建充值方案(活动)队列
01:58:25:547  INFO 23892 --- [mass-rabbitmq-service] [main] c.f.r.configuration.RabbitMqConfig       : 创建充值方案(活动)死信队列
01:58:25:548  INFO 23892 --- [mass-rabbitmq-service] [main] c.f.r.configuration.RabbitMqConfig       : 创建充值方案(活动)死信交换机
01:58:25:549  INFO 23892 --- [mass-rabbitmq-service] [main] c.f.r.configuration.RabbitMqConfig       : 创建充值方案(活动)交换机
01:58:26:065  WARN 23892 --- [mass-rabbitmq-service] [main] iguration$LoadBalancerCaffeineWarnLogger : Spring Cloud LoadBalancer is currently working with the default cache. While this cache implementation is useful for development and tests, it's recommended to use Caffeine cache in production.You can switch to using Caffeine cache, by adding it and org.springframework.cache.caffeine.CaffeineCacheManager to the classpath.
01:58:26:138  INFO 23892 --- [mass-rabbitmq-service] [main] o.s.b.w.embedded.tomcat.TomcatWebServer  : Tomcat started on port 5672 (http) with context path ''
01:58:26:141  INFO 23892 --- [mass-rabbitmq-service] [main] com.alibaba.nacos.client.naming          : initializer namespace from ans.namespace attribute : null
01:58:26:142  INFO 23892 --- [mass-rabbitmq-service] [main] com.alibaba.nacos.client.naming          : initializer namespace from ALIBABA_ALIWARE_NAMESPACE attribute :null
01:58:26:142  INFO 23892 --- [mass-rabbitmq-service] [main] com.alibaba.nacos.client.naming          : initializer namespace from namespace attribute :null
01:58:26:148  INFO 23892 --- [mass-rabbitmq-service] [main] c.a.n.p.a.s.c.ClientAuthPluginManager    : [ClientAuthPluginManager] Load ClientAuthService com.alibaba.nacos.client.auth.impl.NacosClientAuthServiceImpl success.
01:58:26:148  INFO 23892 --- [mass-rabbitmq-service] [main] c.a.n.p.a.s.c.ClientAuthPluginManager    : [ClientAuthPluginManager] Load ClientAuthService com.alibaba.nacos.client.auth.ram.RamClientAuthServiceImpl success.
01:58:26:151  INFO 23892 --- [mass-rabbitmq-service] [main] com.alibaba.nacos.common.remote.client   : [RpcClientFactory] create a new rpc client of 1ec5b454-320b-4adc-b708-aa820ce694b4
01:58:26:152  INFO 23892 --- [mass-rabbitmq-service] [main] com.alibaba.nacos.common.remote.client   : [1ec5b454-320b-4adc-b708-aa820ce694b4] RpcClient init, ServerListFactory = com.alibaba.nacos.client.naming.core.ServerListManager
01:58:26:152  INFO 23892 --- [mass-rabbitmq-service] [main] com.alibaba.nacos.common.remote.client   : [1ec5b454-320b-4adc-b708-aa820ce694b4] Registry connection listener to current client:com.alibaba.nacos.client.naming.remote.gprc.redo.NamingGrpcRedoService
01:58:26:153  INFO 23892 --- [mass-rabbitmq-service] [main] com.alibaba.nacos.common.remote.client   : [1ec5b454-320b-4adc-b708-aa820ce694b4] Register server push request handler:com.alibaba.nacos.client.naming.remote.gprc.NamingPushRequestHandler
01:58:26:154  INFO 23892 --- [mass-rabbitmq-service] [main] com.alibaba.nacos.common.remote.client   : [1ec5b454-320b-4adc-b708-aa820ce694b4] Try to connect to server on start up, server: {serverIp = '192.168.64.100', server main port = 8848}
01:58:26:154  INFO 23892 --- [mass-rabbitmq-service] [main] c.a.n.c.remote.client.grpc.GrpcClient    : grpc client connection server:192.168.64.100 ip,serverPort:9848,grpcTslConfig:{"sslProvider":"OPENSSL","enableTls":false,"mutualAuthEnable":false,"trustAll":false}
01:58:26:280  INFO 23892 --- [mass-rabbitmq-service] [main] com.alibaba.nacos.common.remote.client   : [1ec5b454-320b-4adc-b708-aa820ce694b4] Success to connect to server [192.168.64.100:8848] on start up, connectionId = 1722535107420_192.168.64.1_54546
01:58:26:280  INFO 23892 --- [mass-rabbitmq-service] [main] com.alibaba.nacos.common.remote.client   : [1ec5b454-320b-4adc-b708-aa820ce694b4] Register server push request handler:com.alibaba.nacos.common.remote.client.RpcClient$ConnectResetRequestHandler
01:58:26:280  INFO 23892 --- [mass-rabbitmq-service] [main] com.alibaba.nacos.common.remote.client   : [1ec5b454-320b-4adc-b708-aa820ce694b4] Register server push request handler:com.alibaba.nacos.common.remote.client.RpcClient$$Lambda/0x00000185014598d8
01:58:26:280  INFO 23892 --- [mass-rabbitmq-service] [com.alibaba.nacos.client.remote.worker] com.alibaba.nacos.common.remote.client   : [1ec5b454-320b-4adc-b708-aa820ce694b4] Notify connected event to listeners.
01:58:26:280  INFO 23892 --- [mass-rabbitmq-service] [com.alibaba.nacos.client.remote.worker] com.alibaba.nacos.client.naming          : Grpc connection connect
01:58:26:281  INFO 23892 --- [mass-rabbitmq-service] [main] com.alibaba.nacos.client.naming          : [REGISTER-SERVICE] public registering service mass-rabbitmq-service with instance Instance{instanceId='null', ip='192.168.247.1', port=5672, weight=1.0, healthy=true, enabled=true, ephemeral=true, clusterName='DEFAULT', serviceName='null', metadata={IPv6=null, preserved.register.source=SPRING_CLOUD}}
01:58:26:294  INFO 23892 --- [mass-rabbitmq-service] [main] c.a.c.n.registry.NacosServiceRegistry    : nacos registry, DEFAULT_GROUP mass-rabbitmq-service 192.168.247.1:5672 register finished
01:58:26:302  INFO 23892 --- [mass-rabbitmq-service] [main] o.s.a.r.c.CachingConnectionFactory       : Attempting to connect to: [192.168.64.100:5672]
01:58:26:339  INFO 23892 --- [mass-rabbitmq-service] [main] o.s.a.r.c.CachingConnectionFactory       : Created new connection: rabbitConnectionFactory#61bd0845:0/SimpleConnection@4a7c8cb7 [delegate=amqp://guest@192.168.64.100:5672/, localPort=54547]
01:58:26:410  INFO 23892 --- [mass-rabbitmq-service] [main] cn.finetool.rabbitmq.MqApplication       : Started MqApplication in 3.577 seconds (process running for 4.045)
01:58:26:412  INFO 23892 --- [mass-rabbitmq-service] [main] c.f.r.configuration.RabbitMqConfig       : RabbitMqConfig 注入完成
01:58:26:424  INFO 23892 --- [mass-rabbitmq-service] [main] c.a.nacos.client.config.impl.CacheData   : nacos.cache.data.init.snapshot = true 
01:58:26:424  INFO 23892 --- [mass-rabbitmq-service] [main] c.a.n.client.config.impl.ClientWorker    : [fixed-192.168.64.100_8848] [subscribe] mass-rabbitmq-service.yaml+DEFAULT_GROUP
01:58:26:430  INFO 23892 --- [mass-rabbitmq-service] [main] c.a.nacos.client.config.impl.CacheData   : [fixed-192.168.64.100_8848] [add-listener] ok, tenant=, dataId=mass-rabbitmq-service.yaml, group=DEFAULT_GROUP, cnt=1
01:58:26:431  INFO 23892 --- [mass-rabbitmq-service] [main] c.a.c.n.refresh.NacosContextRefresher    : [Nacos Config] Listening config: dataId=mass-rabbitmq-service.yaml, group=DEFAULT_GROUP
01:58:26:431  INFO 23892 --- [mass-rabbitmq-service] [main] c.a.n.client.config.impl.ClientWorker    : [fixed-192.168.64.100_8848] [subscribe] mass-rabbitmq-service-dev.yaml+DEFAULT_GROUP
01:58:26:431  INFO 23892 --- [mass-rabbitmq-service] [main] c.a.nacos.client.config.impl.CacheData   : [fixed-192.168.64.100_8848] [add-listener] ok, tenant=, dataId=mass-rabbitmq-service-dev.yaml, group=DEFAULT_GROUP, cnt=1
01:58:26:431  INFO 23892 --- [mass-rabbitmq-service] [main] c.a.c.n.refresh.NacosContextRefresher    : [Nacos Config] Listening config: dataId=mass-rabbitmq-service-dev.yaml, group=DEFAULT_GROUP
01:58:26:431  INFO 23892 --- [mass-rabbitmq-service] [main] c.a.n.client.config.impl.ClientWorker    : [fixed-192.168.64.100_8848] [subscribe] mass-rabbitmq-service+DEFAULT_GROUP
01:58:26:431  INFO 23892 --- [mass-rabbitmq-service] [main] c.a.nacos.client.config.impl.CacheData   : [fixed-192.168.64.100_8848] [add-listener] ok, tenant=, dataId=mass-rabbitmq-service, group=DEFAULT_GROUP, cnt=1
01:58:26:431  INFO 23892 --- [mass-rabbitmq-service] [main] c.a.c.n.refresh.NacosContextRefresher    : [Nacos Config] Listening config: dataId=mass-rabbitmq-service, group=DEFAULT_GROUP
01:58:26:432  INFO 23892 --- [mass-rabbitmq-service] [main] cn.finetool.rabbitmq.MqApplication       : 消息队列服务启动成功：5672端口
01:58:26:671  INFO 23892 --- [mass-rabbitmq-service] [org.springframework.amqp.rabbit.RabbitListenerEndpointContainer#0-1] c.f.r.listener.RechargeOrderConsumer     : 订单：1268571483380023296 未超时，不做处理
01:58:26:673  INFO 23892 --- [mass-rabbitmq-service] [org.springframework.amqp.rabbit.RabbitListenerEndpointContainer#0-1] c.f.r.listener.RechargeOrderConsumer     : 订单：1268572544522158080 未超时，不做处理
01:58:26:674  INFO 23892 --- [mass-rabbitmq-service] [org.springframework.amqp.rabbit.RabbitListenerEndpointContainer#0-1] c.f.r.listener.RechargeOrderConsumer     : 订单：1268740496127066112 未超时，不做处理
01:58:26:675  INFO 23892 --- [mass-rabbitmq-service] [org.springframework.amqp.rabbit.RabbitListenerEndpointContainer#0-1] c.f.r.listener.RechargeOrderConsumer     : 订单：1268743627468603392 未超时，不做处理
02:04:56:311  INFO 23892 --- [mass-rabbitmq-service] [org.springframework.amqp.rabbit.RabbitListenerEndpointContainer#0-1] c.f.r.listener.RechargeOrderConsumer     : 订单：1268750100592492544 未超时，不做处理
02:09:15:652  INFO 23892 --- [mass-rabbitmq-service] [org.springframework.amqp.rabbit.RabbitListenerEndpointContainer#0-1] c.f.r.listener.RechargeOrderConsumer     : 订单：1268751188716584960 未超时，不做处理
02:32:12:247  INFO 23892 --- [mass-rabbitmq-service] [org.springframework.amqp.rabbit.RabbitListenerEndpointContainer#0-1] c.f.r.listener.RechargeOrderConsumer     : 订单：1268756962549334016 未超时，不做处理
02:34:04:646  INFO 23892 --- [mass-rabbitmq-service] [org.springframework.amqp.rabbit.RabbitListenerEndpointContainer#0-1] c.f.r.listener.RechargeOrderConsumer     : 订单：1268757434005880832 未超时，不做处理
02:37:00:597  INFO 23892 --- [mass-rabbitmq-service] [org.springframework.amqp.rabbit.RabbitListenerEndpointContainer#0-1] c.f.r.listener.RechargeOrderConsumer     : 订单：1268758172014641152 未超时，不做处理
02:38:04:688  INFO 23892 --- [mass-rabbitmq-service] [org.springframework.amqp.rabbit.RabbitListenerEndpointContainer#0-1] c.f.r.listener.RechargeOrderConsumer     : 订单：1268758440831778816 未超时，不做处理
02:43:42:488  INFO 23892 --- [mass-rabbitmq-service] [org.springframework.amqp.rabbit.RabbitListenerEndpointContainer#0-1] c.f.r.listener.RechargeOrderConsumer     : 订单：1268759857659281408 未超时，不做处理
