23:49:56:018  WARN 10740 --- [mass-recharge-plan-service] [main] c.a.nacos.client.logging.NacosLogging    : Load Logback Configuration of Nacos fail, message: Could not initialize Logback Nacos logging from classpath:nacos-logback.xml
23:49:56:024  INFO 10740 --- [mass-recharge-plan-service] [main] c.f.recharge.RechargePlanApplication     : The following 1 profile is active: "dev"
23:49:56:082  WARN 10740 --- [mass-recharge-plan-service] [main] ConfigServletWebServerApplicationContext : Exception encountered during context initialization - cancelling refresh attempt: org.springframework.beans.factory.BeanDefinitionStoreException: Failed to parse configuration class [cn.finetool.recharge.RechargePlanApplication]
23:49:56:097 ERROR 10740 --- [mass-recharge-plan-service] [main] o.s.boot.SpringApplication               : Application run failed

org.springframework.beans.factory.BeanDefinitionStoreException: Failed to parse configuration class [cn.finetool.recharge.RechargePlanApplication]
	at org.springframework.context.annotation.ConfigurationClassParser.parse(ConfigurationClassParser.java:179) ~[spring-context-6.1.5.jar:6.1.5]
	at org.springframework.context.annotation.ConfigurationClassPostProcessor.processConfigBeanDefinitions(ConfigurationClassPostProcessor.java:416) ~[spring-context-6.1.5.jar:6.1.5]
	at org.springframework.context.annotation.ConfigurationClassPostProcessor.postProcessBeanDefinitionRegistry(ConfigurationClassPostProcessor.java:289) ~[spring-context-6.1.5.jar:6.1.5]
	at org.springframework.context.support.PostProcessorRegistrationDelegate.invokeBeanDefinitionRegistryPostProcessors(PostProcessorRegistrationDelegate.java:349) ~[spring-context-6.1.5.jar:6.1.5]
	at org.springframework.context.support.PostProcessorRegistrationDelegate.invokeBeanFactoryPostProcessors(PostProcessorRegistrationDelegate.java:118) ~[spring-context-6.1.5.jar:6.1.5]
	at org.springframework.context.support.AbstractApplicationContext.invokeBeanFactoryPostProcessors(AbstractApplicationContext.java:788) ~[spring-context-6.1.5.jar:6.1.5]
	at org.springframework.context.support.AbstractApplicationContext.refresh(AbstractApplicationContext.java:606) ~[spring-context-6.1.5.jar:6.1.5]
	at org.springframework.boot.web.servlet.context.ServletWebServerApplicationContext.refresh(ServletWebServerApplicationContext.java:146) ~[spring-boot-3.2.4.jar:3.2.4]
	at org.springframework.boot.SpringApplication.refresh(SpringApplication.java:754) ~[spring-boot-3.2.4.jar:3.2.4]
	at org.springframework.boot.SpringApplication.refreshContext(SpringApplication.java:456) ~[spring-boot-3.2.4.jar:3.2.4]
	at org.springframework.boot.SpringApplication.run(SpringApplication.java:334) ~[spring-boot-3.2.4.jar:3.2.4]
	at org.springframework.boot.SpringApplication.run(SpringApplication.java:1354) ~[spring-boot-3.2.4.jar:3.2.4]
	at org.springframework.boot.SpringApplication.run(SpringApplication.java:1343) ~[spring-boot-3.2.4.jar:3.2.4]
	at cn.finetool.recharge.RechargePlanApplication.main(RechargePlanApplication.java:20) ~[classes/:na]
Caused by: org.springframework.context.annotation.ConflictingBeanDefinitionException: Annotation-specified bean name 'globalExceptionHandler' for bean class [cn.finetool.api.configuration.GlobalExceptionHandler] conflicts with existing, non-compatible bean definition of same name and class [cn.finetool.recharge.configuration.GlobalExceptionHandler]
	at org.springframework.context.annotation.ClassPathBeanDefinitionScanner.checkCandidate(ClassPathBeanDefinitionScanner.java:361) ~[spring-context-6.1.5.jar:6.1.5]
	at org.springframework.context.annotation.ClassPathBeanDefinitionScanner.doScan(ClassPathBeanDefinitionScanner.java:288) ~[spring-context-6.1.5.jar:6.1.5]
	at org.springframework.context.annotation.ComponentScanAnnotationParser.parse(ComponentScanAnnotationParser.java:128) ~[spring-context-6.1.5.jar:6.1.5]
	at org.springframework.context.annotation.ConfigurationClassParser.doProcessConfigurationClass(ConfigurationClassParser.java:306) ~[spring-context-6.1.5.jar:6.1.5]
	at org.springframework.context.annotation.ConfigurationClassParser.processConfigurationClass(ConfigurationClassParser.java:246) ~[spring-context-6.1.5.jar:6.1.5]
	at org.springframework.context.annotation.ConfigurationClassParser.parse(ConfigurationClassParser.java:197) ~[spring-context-6.1.5.jar:6.1.5]
	at org.springframework.context.annotation.ConfigurationClassParser.parse(ConfigurationClassParser.java:165) ~[spring-context-6.1.5.jar:6.1.5]
	... 13 common frames omitted

23:49:56:100  WARN 10740 --- [mass-recharge-plan-service] [Thread-7] c.a.nacos.common.notify.NotifyCenter     : [NotifyCenter] Start destroying Publisher
23:49:56:100  WARN 10740 --- [mass-recharge-plan-service] [Thread-7] c.a.nacos.common.notify.NotifyCenter     : [NotifyCenter] Destruction of the end
23:49:56:100  WARN 10740 --- [mass-recharge-plan-service] [Thread-1] c.a.n.common.http.HttpClientBeanHolder   : [HttpClientBeanHolder] Start destroying common HttpClient
23:49:56:100  WARN 10740 --- [mass-recharge-plan-service] [Thread-1] c.a.n.common.http.HttpClientBeanHolder   : [HttpClientBeanHolder] Destruction of the end
23:50:29:244  WARN 20140 --- [mass-recharge-plan-service] [main] c.a.nacos.client.logging.NacosLogging    : Load Logback Configuration of Nacos fail, message: Could not initialize Logback Nacos logging from classpath:nacos-logback.xml
23:50:29:245  INFO 20140 --- [mass-recharge-plan-service] [main] c.f.recharge.RechargePlanApplication     : The following 1 profile is active: "dev"
23:50:29:299  WARN 20140 --- [mass-recharge-plan-service] [main] ConfigServletWebServerApplicationContext : Exception encountered during context initialization - cancelling refresh attempt: org.springframework.beans.factory.BeanDefinitionStoreException: Failed to parse configuration class [cn.finetool.recharge.RechargePlanApplication]
23:50:29:314 ERROR 20140 --- [mass-recharge-plan-service] [main] o.s.boot.SpringApplication               : Application run failed

org.springframework.beans.factory.BeanDefinitionStoreException: Failed to parse configuration class [cn.finetool.recharge.RechargePlanApplication]
	at org.springframework.context.annotation.ConfigurationClassParser.parse(ConfigurationClassParser.java:179) ~[spring-context-6.1.5.jar:6.1.5]
	at org.springframework.context.annotation.ConfigurationClassPostProcessor.processConfigBeanDefinitions(ConfigurationClassPostProcessor.java:416) ~[spring-context-6.1.5.jar:6.1.5]
	at org.springframework.context.annotation.ConfigurationClassPostProcessor.postProcessBeanDefinitionRegistry(ConfigurationClassPostProcessor.java:289) ~[spring-context-6.1.5.jar:6.1.5]
	at org.springframework.context.support.PostProcessorRegistrationDelegate.invokeBeanDefinitionRegistryPostProcessors(PostProcessorRegistrationDelegate.java:349) ~[spring-context-6.1.5.jar:6.1.5]
	at org.springframework.context.support.PostProcessorRegistrationDelegate.invokeBeanFactoryPostProcessors(PostProcessorRegistrationDelegate.java:118) ~[spring-context-6.1.5.jar:6.1.5]
	at org.springframework.context.support.AbstractApplicationContext.invokeBeanFactoryPostProcessors(AbstractApplicationContext.java:788) ~[spring-context-6.1.5.jar:6.1.5]
	at org.springframework.context.support.AbstractApplicationContext.refresh(AbstractApplicationContext.java:606) ~[spring-context-6.1.5.jar:6.1.5]
	at org.springframework.boot.web.servlet.context.ServletWebServerApplicationContext.refresh(ServletWebServerApplicationContext.java:146) ~[spring-boot-3.2.4.jar:3.2.4]
	at org.springframework.boot.SpringApplication.refresh(SpringApplication.java:754) ~[spring-boot-3.2.4.jar:3.2.4]
	at org.springframework.boot.SpringApplication.refreshContext(SpringApplication.java:456) ~[spring-boot-3.2.4.jar:3.2.4]
	at org.springframework.boot.SpringApplication.run(SpringApplication.java:334) ~[spring-boot-3.2.4.jar:3.2.4]
	at org.springframework.boot.SpringApplication.run(SpringApplication.java:1354) ~[spring-boot-3.2.4.jar:3.2.4]
	at org.springframework.boot.SpringApplication.run(SpringApplication.java:1343) ~[spring-boot-3.2.4.jar:3.2.4]
	at cn.finetool.recharge.RechargePlanApplication.main(RechargePlanApplication.java:20) ~[classes/:na]
Caused by: org.springframework.context.annotation.ConflictingBeanDefinitionException: Annotation-specified bean name 'saTokenConfigure' for bean class [cn.finetool.api.configuration.SaTokenConfigure] conflicts with existing, non-compatible bean definition of same name and class [cn.finetool.recharge.configuration.SaTokenConfigure]
	at org.springframework.context.annotation.ClassPathBeanDefinitionScanner.checkCandidate(ClassPathBeanDefinitionScanner.java:361) ~[spring-context-6.1.5.jar:6.1.5]
	at org.springframework.context.annotation.ClassPathBeanDefinitionScanner.doScan(ClassPathBeanDefinitionScanner.java:288) ~[spring-context-6.1.5.jar:6.1.5]
	at org.springframework.context.annotation.ComponentScanAnnotationParser.parse(ComponentScanAnnotationParser.java:128) ~[spring-context-6.1.5.jar:6.1.5]
	at org.springframework.context.annotation.ConfigurationClassParser.doProcessConfigurationClass(ConfigurationClassParser.java:306) ~[spring-context-6.1.5.jar:6.1.5]
	at org.springframework.context.annotation.ConfigurationClassParser.processConfigurationClass(ConfigurationClassParser.java:246) ~[spring-context-6.1.5.jar:6.1.5]
	at org.springframework.context.annotation.ConfigurationClassParser.parse(ConfigurationClassParser.java:197) ~[spring-context-6.1.5.jar:6.1.5]
	at org.springframework.context.annotation.ConfigurationClassParser.parse(ConfigurationClassParser.java:165) ~[spring-context-6.1.5.jar:6.1.5]
	... 13 common frames omitted

23:50:29:317  WARN 20140 --- [mass-recharge-plan-service] [Thread-7] c.a.nacos.common.notify.NotifyCenter     : [NotifyCenter] Start destroying Publisher
23:50:29:317  WARN 20140 --- [mass-recharge-plan-service] [Thread-1] c.a.n.common.http.HttpClientBeanHolder   : [HttpClientBeanHolder] Start destroying common HttpClient
23:50:29:317  WARN 20140 --- [mass-recharge-plan-service] [Thread-7] c.a.nacos.common.notify.NotifyCenter     : [NotifyCenter] Destruction of the end
23:50:29:317  WARN 20140 --- [mass-recharge-plan-service] [Thread-1] c.a.n.common.http.HttpClientBeanHolder   : [HttpClientBeanHolder] Destruction of the end
23:50:53:232  WARN 3924 --- [mass-recharge-plan-service] [main] c.a.nacos.client.logging.NacosLogging    : Load Logback Configuration of Nacos fail, message: Could not initialize Logback Nacos logging from classpath:nacos-logback.xml
23:50:53:233  INFO 3924 --- [mass-recharge-plan-service] [main] c.f.recharge.RechargePlanApplication     : The following 1 profile is active: "dev"
23:50:53:286  WARN 3924 --- [mass-recharge-plan-service] [main] ConfigServletWebServerApplicationContext : Exception encountered during context initialization - cancelling refresh attempt: org.springframework.beans.factory.BeanDefinitionStoreException: Failed to parse configuration class [cn.finetool.recharge.RechargePlanApplication]
23:50:53:301 ERROR 3924 --- [mass-recharge-plan-service] [main] o.s.boot.SpringApplication               : Application run failed

org.springframework.beans.factory.BeanDefinitionStoreException: Failed to parse configuration class [cn.finetool.recharge.RechargePlanApplication]
	at org.springframework.context.annotation.ConfigurationClassParser.parse(ConfigurationClassParser.java:179) ~[spring-context-6.1.5.jar:6.1.5]
	at org.springframework.context.annotation.ConfigurationClassPostProcessor.processConfigBeanDefinitions(ConfigurationClassPostProcessor.java:416) ~[spring-context-6.1.5.jar:6.1.5]
	at org.springframework.context.annotation.ConfigurationClassPostProcessor.postProcessBeanDefinitionRegistry(ConfigurationClassPostProcessor.java:289) ~[spring-context-6.1.5.jar:6.1.5]
	at org.springframework.context.support.PostProcessorRegistrationDelegate.invokeBeanDefinitionRegistryPostProcessors(PostProcessorRegistrationDelegate.java:349) ~[spring-context-6.1.5.jar:6.1.5]
	at org.springframework.context.support.PostProcessorRegistrationDelegate.invokeBeanFactoryPostProcessors(PostProcessorRegistrationDelegate.java:118) ~[spring-context-6.1.5.jar:6.1.5]
	at org.springframework.context.support.AbstractApplicationContext.invokeBeanFactoryPostProcessors(AbstractApplicationContext.java:788) ~[spring-context-6.1.5.jar:6.1.5]
	at org.springframework.context.support.AbstractApplicationContext.refresh(AbstractApplicationContext.java:606) ~[spring-context-6.1.5.jar:6.1.5]
	at org.springframework.boot.web.servlet.context.ServletWebServerApplicationContext.refresh(ServletWebServerApplicationContext.java:146) ~[spring-boot-3.2.4.jar:3.2.4]
	at org.springframework.boot.SpringApplication.refresh(SpringApplication.java:754) ~[spring-boot-3.2.4.jar:3.2.4]
	at org.springframework.boot.SpringApplication.refreshContext(SpringApplication.java:456) ~[spring-boot-3.2.4.jar:3.2.4]
	at org.springframework.boot.SpringApplication.run(SpringApplication.java:334) ~[spring-boot-3.2.4.jar:3.2.4]
	at org.springframework.boot.SpringApplication.run(SpringApplication.java:1354) ~[spring-boot-3.2.4.jar:3.2.4]
	at org.springframework.boot.SpringApplication.run(SpringApplication.java:1343) ~[spring-boot-3.2.4.jar:3.2.4]
	at cn.finetool.recharge.RechargePlanApplication.main(RechargePlanApplication.java:20) ~[classes/:na]
Caused by: org.springframework.context.annotation.ConflictingBeanDefinitionException: Annotation-specified bean name 'saTokenConfigure' for bean class [cn.finetool.api.configuration.SaTokenConfigure] conflicts with existing, non-compatible bean definition of same name and class [cn.finetool.recharge.configuration.SaTokenConfigure]
	at org.springframework.context.annotation.ClassPathBeanDefinitionScanner.checkCandidate(ClassPathBeanDefinitionScanner.java:361) ~[spring-context-6.1.5.jar:6.1.5]
	at org.springframework.context.annotation.ClassPathBeanDefinitionScanner.doScan(ClassPathBeanDefinitionScanner.java:288) ~[spring-context-6.1.5.jar:6.1.5]
	at org.springframework.context.annotation.ComponentScanAnnotationParser.parse(ComponentScanAnnotationParser.java:128) ~[spring-context-6.1.5.jar:6.1.5]
	at org.springframework.context.annotation.ConfigurationClassParser.doProcessConfigurationClass(ConfigurationClassParser.java:306) ~[spring-context-6.1.5.jar:6.1.5]
	at org.springframework.context.annotation.ConfigurationClassParser.processConfigurationClass(ConfigurationClassParser.java:246) ~[spring-context-6.1.5.jar:6.1.5]
	at org.springframework.context.annotation.ConfigurationClassParser.parse(ConfigurationClassParser.java:197) ~[spring-context-6.1.5.jar:6.1.5]
	at org.springframework.context.annotation.ConfigurationClassParser.parse(ConfigurationClassParser.java:165) ~[spring-context-6.1.5.jar:6.1.5]
	... 13 common frames omitted

23:50:53:304  WARN 3924 --- [mass-recharge-plan-service] [Thread-1] c.a.n.common.http.HttpClientBeanHolder   : [HttpClientBeanHolder] Start destroying common HttpClient
23:50:53:305  WARN 3924 --- [mass-recharge-plan-service] [Thread-7] c.a.nacos.common.notify.NotifyCenter     : [NotifyCenter] Start destroying Publisher
23:50:53:305  WARN 3924 --- [mass-recharge-plan-service] [Thread-7] c.a.nacos.common.notify.NotifyCenter     : [NotifyCenter] Destruction of the end
23:50:53:305  WARN 3924 --- [mass-recharge-plan-service] [Thread-1] c.a.n.common.http.HttpClientBeanHolder   : [HttpClientBeanHolder] Destruction of the end
23:51:26:399  WARN 19044 --- [mass-recharge-plan-service] [main] c.a.nacos.client.logging.NacosLogging    : Load Logback Configuration of Nacos fail, message: Could not initialize Logback Nacos logging from classpath:nacos-logback.xml
23:51:26:400  INFO 19044 --- [mass-recharge-plan-service] [main] c.f.recharge.RechargePlanApplication     : The following 1 profile is active: "dev"
23:51:26:831  INFO 19044 --- [mass-recharge-plan-service] [main] .s.d.r.c.RepositoryConfigurationDelegate : Multiple Spring Data modules found, entering strict repository configuration mode
23:51:26:833  INFO 19044 --- [mass-recharge-plan-service] [main] .s.d.r.c.RepositoryConfigurationDelegate : Bootstrapping Spring Data Redis repositories in DEFAULT mode.
23:51:26:847  INFO 19044 --- [mass-recharge-plan-service] [main] .s.d.r.c.RepositoryConfigurationDelegate : Finished Spring Data repository scanning in 5 ms. Found 0 Redis repository interfaces.
23:51:27:007  INFO 19044 --- [mass-recharge-plan-service] [main] o.s.cloud.context.scope.GenericScope     : BeanFactory id=499d79ca-5ac6-372c-a74c-411fa5467223
23:51:27:144  WARN 19044 --- [mass-recharge-plan-service] [main] trationDelegate$BeanPostProcessorChecker : Bean 'org.springframework.cloud.client.loadbalancer.LoadBalancerAutoConfiguration$RetryInterceptorAutoConfiguration' of type [org.springframework.cloud.client.loadbalancer.LoadBalancerAutoConfiguration$RetryInterceptorAutoConfiguration] is not eligible for getting processed by all BeanPostProcessors (for example: not eligible for auto-proxying). The currently created BeanPostProcessor [lbRestClientPostProcessor] is declared through a non-static factory method on that class; consider declaring it as static instead.
23:51:27:146  WARN 19044 --- [mass-recharge-plan-service] [main] trationDelegate$BeanPostProcessorChecker : Bean 'org.springframework.cloud.loadbalancer.config.BlockingLoadBalancerClientAutoConfiguration' of type [org.springframework.cloud.loadbalancer.config.BlockingLoadBalancerClientAutoConfiguration] is not eligible for getting processed by all BeanPostProcessors (for example: not eligible for auto-proxying). Is this bean getting eagerly injected into a currently created BeanPostProcessor [lbRestClientPostProcessor]? Check the corresponding BeanPostProcessor declaration and its dependencies.
23:51:27:146  WARN 19044 --- [mass-recharge-plan-service] [main] trationDelegate$BeanPostProcessorChecker : Bean 'org.springframework.cloud.loadbalancer.config.LoadBalancerAutoConfiguration' of type [org.springframework.cloud.loadbalancer.config.LoadBalancerAutoConfiguration] is not eligible for getting processed by all BeanPostProcessors (for example: not eligible for auto-proxying). Is this bean getting eagerly injected into a currently created BeanPostProcessor [lbRestClientPostProcessor]? Check the corresponding BeanPostProcessor declaration and its dependencies.
23:51:27:148  WARN 19044 --- [mass-recharge-plan-service] [main] trationDelegate$BeanPostProcessorChecker : Bean 'org.springframework.cloud.commons.config.CommonsConfigAutoConfiguration' of type [org.springframework.cloud.commons.config.CommonsConfigAutoConfiguration] is not eligible for getting processed by all BeanPostProcessors (for example: not eligible for auto-proxying). Is this bean getting eagerly injected into a currently created BeanPostProcessor [lbRestClientPostProcessor]? Check the corresponding BeanPostProcessor declaration and its dependencies.
23:51:27:149  WARN 19044 --- [mass-recharge-plan-service] [main] trationDelegate$BeanPostProcessorChecker : Bean 'org.springframework.cloud.client.loadbalancer.LoadBalancerDefaultMappingsProviderAutoConfiguration' of type [org.springframework.cloud.client.loadbalancer.LoadBalancerDefaultMappingsProviderAutoConfiguration] is not eligible for getting processed by all BeanPostProcessors (for example: not eligible for auto-proxying). Is this bean getting eagerly injected into a currently created BeanPostProcessor [lbRestClientPostProcessor]? Check the corresponding BeanPostProcessor declaration and its dependencies.
23:51:27:150  WARN 19044 --- [mass-recharge-plan-service] [main] trationDelegate$BeanPostProcessorChecker : Bean 'loadBalancerClientsDefaultsMappingsProvider' of type [org.springframework.cloud.client.loadbalancer.LoadBalancerDefaultMappingsProviderAutoConfiguration$$Lambda/0x00000297a261f470] is not eligible for getting processed by all BeanPostProcessors (for example: not eligible for auto-proxying). Is this bean getting eagerly injected into a currently created BeanPostProcessor [lbRestClientPostProcessor]? Check the corresponding BeanPostProcessor declaration and its dependencies.
23:51:27:150  WARN 19044 --- [mass-recharge-plan-service] [main] trationDelegate$BeanPostProcessorChecker : Bean 'defaultsBindHandlerAdvisor' of type [org.springframework.cloud.commons.config.DefaultsBindHandlerAdvisor] is not eligible for getting processed by all BeanPostProcessors (for example: not eligible for auto-proxying). Is this bean getting eagerly injected into a currently created BeanPostProcessor [lbRestClientPostProcessor]? Check the corresponding BeanPostProcessor declaration and its dependencies.
23:51:27:153  WARN 19044 --- [mass-recharge-plan-service] [main] trationDelegate$BeanPostProcessorChecker : Bean 'spring.cloud.loadbalancer-org.springframework.cloud.client.loadbalancer.LoadBalancerClientsProperties' of type [org.springframework.cloud.client.loadbalancer.LoadBalancerClientsProperties] is not eligible for getting processed by all BeanPostProcessors (for example: not eligible for auto-proxying). Is this bean getting eagerly injected into a currently created BeanPostProcessor [lbRestClientPostProcessor]? Check the corresponding BeanPostProcessor declaration and its dependencies.
23:51:27:156  WARN 19044 --- [mass-recharge-plan-service] [main] trationDelegate$BeanPostProcessorChecker : Bean 'default.org.springframework.cloud.loadbalancer.config.LoadBalancerAutoConfiguration.LoadBalancerClientSpecification' of type [org.springframework.cloud.loadbalancer.annotation.LoadBalancerClientSpecification] is not eligible for getting processed by all BeanPostProcessors (for example: not eligible for auto-proxying). Is this bean getting eagerly injected into a currently created BeanPostProcessor [lbRestClientPostProcessor]? Check the corresponding BeanPostProcessor declaration and its dependencies.
23:51:27:157  WARN 19044 --- [mass-recharge-plan-service] [main] trationDelegate$BeanPostProcessorChecker : Bean 'default.org.springframework.cloud.loadbalancer.config.BlockingLoadBalancerClientAutoConfiguration.LoadBalancerClientSpecification' of type [org.springframework.cloud.loadbalancer.annotation.LoadBalancerClientSpecification] is not eligible for getting processed by all BeanPostProcessors (for example: not eligible for auto-proxying). Is this bean getting eagerly injected into a currently created BeanPostProcessor [lbRestClientPostProcessor]? Check the corresponding BeanPostProcessor declaration and its dependencies.
23:51:27:157  WARN 19044 --- [mass-recharge-plan-service] [main] trationDelegate$BeanPostProcessorChecker : Bean 'loadBalancerClientFactory' of type [org.springframework.cloud.loadbalancer.support.LoadBalancerClientFactory] is not eligible for getting processed by all BeanPostProcessors (for example: not eligible for auto-proxying). Is this bean getting eagerly injected into a currently created BeanPostProcessor [lbRestClientPostProcessor]? Check the corresponding BeanPostProcessor declaration and its dependencies.
23:51:27:159  WARN 19044 --- [mass-recharge-plan-service] [main] trationDelegate$BeanPostProcessorChecker : Bean 'blockingLoadBalancerClient' of type [org.springframework.cloud.loadbalancer.blocking.client.BlockingLoadBalancerClient] is not eligible for getting processed by all BeanPostProcessors (for example: not eligible for auto-proxying). Is this bean getting eagerly injected into a currently created BeanPostProcessor [lbRestClientPostProcessor]? Check the corresponding BeanPostProcessor declaration and its dependencies.
23:51:27:162  WARN 19044 --- [mass-recharge-plan-service] [main] trationDelegate$BeanPostProcessorChecker : Bean 'loadBalancerServiceInstanceCookieTransformer' of type [org.springframework.cloud.loadbalancer.core.LoadBalancerServiceInstanceCookieTransformer] is not eligible for getting processed by all BeanPostProcessors (for example: not eligible for auto-proxying). Is this bean getting eagerly injected into a currently created BeanPostProcessor [lbRestClientPostProcessor]? Check the corresponding BeanPostProcessor declaration and its dependencies.
23:51:27:163  WARN 19044 --- [mass-recharge-plan-service] [main] trationDelegate$BeanPostProcessorChecker : Bean 'xForwarderHeadersTransformer' of type [org.springframework.cloud.loadbalancer.blocking.XForwardedHeadersTransformer] is not eligible for getting processed by all BeanPostProcessors (for example: not eligible for auto-proxying). Is this bean getting eagerly injected into a currently created BeanPostProcessor [lbRestClientPostProcessor]? Check the corresponding BeanPostProcessor declaration and its dependencies.
23:51:27:164  WARN 19044 --- [mass-recharge-plan-service] [main] trationDelegate$BeanPostProcessorChecker : Bean 'org.springframework.cloud.client.loadbalancer.LoadBalancerAutoConfiguration' of type [org.springframework.cloud.client.loadbalancer.LoadBalancerAutoConfiguration] is not eligible for getting processed by all BeanPostProcessors (for example: not eligible for auto-proxying). Is this bean getting eagerly injected into a currently created BeanPostProcessor [lbRestClientPostProcessor]? Check the corresponding BeanPostProcessor declaration and its dependencies.
23:51:27:164  WARN 19044 --- [mass-recharge-plan-service] [main] trationDelegate$BeanPostProcessorChecker : Bean 'loadBalancerRequestFactory' of type [org.springframework.cloud.client.loadbalancer.LoadBalancerRequestFactory] is not eligible for getting processed by all BeanPostProcessors (for example: not eligible for auto-proxying). Is this bean getting eagerly injected into a currently created BeanPostProcessor [lbRestClientPostProcessor]? Check the corresponding BeanPostProcessor declaration and its dependencies.
23:51:27:165  WARN 19044 --- [mass-recharge-plan-service] [main] trationDelegate$BeanPostProcessorChecker : Bean 'org.springframework.cloud.loadbalancer.config.BlockingLoadBalancerClientAutoConfiguration$BlockingLoadBalancerRetryConfig' of type [org.springframework.cloud.loadbalancer.config.BlockingLoadBalancerClientAutoConfiguration$BlockingLoadBalancerRetryConfig$$SpringCGLIB$$0] is not eligible for getting processed by all BeanPostProcessors (for example: not eligible for auto-proxying). Is this bean getting eagerly injected into a currently created BeanPostProcessor [lbRestClientPostProcessor]? Check the corresponding BeanPostProcessor declaration and its dependencies.
23:51:27:166  WARN 19044 --- [mass-recharge-plan-service] [main] trationDelegate$BeanPostProcessorChecker : Bean 'loadBalancedRetryFactory' of type [org.springframework.cloud.loadbalancer.blocking.retry.BlockingLoadBalancedRetryFactory] is not eligible for getting processed by all BeanPostProcessors (for example: not eligible for auto-proxying). Is this bean getting eagerly injected into a currently created BeanPostProcessor [lbRestClientPostProcessor]? Check the corresponding BeanPostProcessor declaration and its dependencies.
23:51:27:168  WARN 19044 --- [mass-recharge-plan-service] [main] trationDelegate$BeanPostProcessorChecker : Bean 'loadBalancerInterceptor' of type [org.springframework.cloud.client.loadbalancer.RetryLoadBalancerInterceptor] is not eligible for getting processed by all BeanPostProcessors (for example: not eligible for auto-proxying). Is this bean getting eagerly injected into a currently created BeanPostProcessor [lbRestClientPostProcessor]? Check the corresponding BeanPostProcessor declaration and its dependencies.
23:51:27:301  INFO 19044 --- [mass-recharge-plan-service] [main] o.s.b.w.embedded.tomcat.TomcatWebServer  : Tomcat initialized with port 8084 (http)
23:51:27:309  INFO 19044 --- [mass-recharge-plan-service] [main] o.apache.catalina.core.StandardService   : Starting service [Tomcat]
23:51:27:309  INFO 19044 --- [mass-recharge-plan-service] [main] o.apache.catalina.core.StandardEngine    : Starting Servlet engine: [Apache Tomcat/10.1.19]
23:51:27:372  INFO 19044 --- [mass-recharge-plan-service] [main] o.a.c.c.C.[Tomcat].[localhost].[/]       : Initializing Spring embedded WebApplicationContext
23:51:27:373  INFO 19044 --- [mass-recharge-plan-service] [main] w.s.c.ServletWebServerApplicationContext : Root WebApplicationContext: initialization completed in 960 ms
23:51:27:956  INFO 19044 --- [mass-recharge-plan-service] [main] f.a.AutowiredAnnotationBeanPostProcessor : Autowired annotation is not supported on static fields: private static java.lang.String cn.finetool.common.configuration.MinioConfig.host
23:51:27:956  INFO 19044 --- [mass-recharge-plan-service] [main] f.a.AutowiredAnnotationBeanPostProcessor : Autowired annotation is not supported on static fields: private static java.lang.String cn.finetool.common.configuration.MinioConfig.port
23:51:27:956  INFO 19044 --- [mass-recharge-plan-service] [main] f.a.AutowiredAnnotationBeanPostProcessor : Autowired annotation is not supported on static fields: private static java.lang.String cn.finetool.common.configuration.MinioConfig.bucket
23:51:27:956  INFO 19044 --- [mass-recharge-plan-service] [main] f.a.AutowiredAnnotationBeanPostProcessor : Autowired annotation is not supported on static fields: private static java.lang.String cn.finetool.common.configuration.MinioConfig.username
23:51:27:956  INFO 19044 --- [mass-recharge-plan-service] [main] f.a.AutowiredAnnotationBeanPostProcessor : Autowired annotation is not supported on static fields: private static java.lang.String cn.finetool.common.configuration.MinioConfig.password
23:51:27:956  INFO 19044 --- [mass-recharge-plan-service] [main] f.a.AutowiredAnnotationBeanPostProcessor : Autowired annotation is not supported on static fields: private static java.lang.String cn.finetool.common.configuration.MinioConfig.url
23:51:28:035  INFO 19044 --- [mass-recharge-plan-service] [main] o.s.c.openfeign.FeignClientFactoryBean   : For 'mass-account-service' URL not provided. Will try picking an instance via load-balancing.
23:51:28:408  WARN 19044 --- [mass-recharge-plan-service] [main] iguration$LoadBalancerCaffeineWarnLogger : Spring Cloud LoadBalancer is currently working with the default cache. While this cache implementation is useful for development and tests, it's recommended to use Caffeine cache in production.You can switch to using Caffeine cache, by adding it and org.springframework.cache.caffeine.CaffeineCacheManager to the classpath.
23:51:28:464  INFO 19044 --- [mass-recharge-plan-service] [main] o.s.b.w.embedded.tomcat.TomcatWebServer  : Tomcat started on port 8084 (http) with context path ''
23:51:28:467  INFO 19044 --- [mass-recharge-plan-service] [main] com.alibaba.nacos.client.naming          : initializer namespace from ans.namespace attribute : null
23:51:28:467  INFO 19044 --- [mass-recharge-plan-service] [main] com.alibaba.nacos.client.naming          : initializer namespace from ALIBABA_ALIWARE_NAMESPACE attribute :null
23:51:28:468  INFO 19044 --- [mass-recharge-plan-service] [main] com.alibaba.nacos.client.naming          : initializer namespace from namespace attribute :null
23:51:28:473  INFO 19044 --- [mass-recharge-plan-service] [main] c.a.n.p.a.s.c.ClientAuthPluginManager    : [ClientAuthPluginManager] Load ClientAuthService com.alibaba.nacos.client.auth.impl.NacosClientAuthServiceImpl success.
23:51:28:473  INFO 19044 --- [mass-recharge-plan-service] [main] c.a.n.p.a.s.c.ClientAuthPluginManager    : [ClientAuthPluginManager] Load ClientAuthService com.alibaba.nacos.client.auth.ram.RamClientAuthServiceImpl success.
23:51:28:476  INFO 19044 --- [mass-recharge-plan-service] [main] com.alibaba.nacos.common.remote.client   : [RpcClientFactory] create a new rpc client of c664b6d0-8fb5-4237-adc1-f62558cd1cc7
23:51:28:477  INFO 19044 --- [mass-recharge-plan-service] [main] com.alibaba.nacos.common.remote.client   : [c664b6d0-8fb5-4237-adc1-f62558cd1cc7] RpcClient init, ServerListFactory = com.alibaba.nacos.client.naming.core.ServerListManager
23:51:28:477  INFO 19044 --- [mass-recharge-plan-service] [main] com.alibaba.nacos.common.remote.client   : [c664b6d0-8fb5-4237-adc1-f62558cd1cc7] Registry connection listener to current client:com.alibaba.nacos.client.naming.remote.gprc.redo.NamingGrpcRedoService
23:51:28:477  INFO 19044 --- [mass-recharge-plan-service] [main] com.alibaba.nacos.common.remote.client   : [c664b6d0-8fb5-4237-adc1-f62558cd1cc7] Register server push request handler:com.alibaba.nacos.client.naming.remote.gprc.NamingPushRequestHandler
23:51:28:478  INFO 19044 --- [mass-recharge-plan-service] [main] com.alibaba.nacos.common.remote.client   : [c664b6d0-8fb5-4237-adc1-f62558cd1cc7] Try to connect to server on start up, server: {serverIp = '192.168.64.100', server main port = 8848}
23:51:28:478  INFO 19044 --- [mass-recharge-plan-service] [main] c.a.n.c.remote.client.grpc.GrpcClient    : grpc client connection server:192.168.64.100 ip,serverPort:9848,grpcTslConfig:{"sslProvider":"OPENSSL","enableTls":false,"mutualAuthEnable":false,"trustAll":false}
23:51:28:589  INFO 19044 --- [mass-recharge-plan-service] [main] com.alibaba.nacos.common.remote.client   : [c664b6d0-8fb5-4237-adc1-f62558cd1cc7] Success to connect to server [192.168.64.100:8848] on start up, connectionId = 1723218689564_192.168.64.1_52082
23:51:28:589  INFO 19044 --- [mass-recharge-plan-service] [main] com.alibaba.nacos.common.remote.client   : [c664b6d0-8fb5-4237-adc1-f62558cd1cc7] Register server push request handler:com.alibaba.nacos.common.remote.client.RpcClient$ConnectResetRequestHandler
23:51:28:589  INFO 19044 --- [mass-recharge-plan-service] [main] com.alibaba.nacos.common.remote.client   : [c664b6d0-8fb5-4237-adc1-f62558cd1cc7] Register server push request handler:com.alibaba.nacos.common.remote.client.RpcClient$$Lambda/0x00000297a245a2d8
23:51:28:589  INFO 19044 --- [mass-recharge-plan-service] [com.alibaba.nacos.client.remote.worker] com.alibaba.nacos.common.remote.client   : [c664b6d0-8fb5-4237-adc1-f62558cd1cc7] Notify connected event to listeners.
23:51:28:589  INFO 19044 --- [mass-recharge-plan-service] [com.alibaba.nacos.client.remote.worker] com.alibaba.nacos.client.naming          : Grpc connection connect
23:51:28:590  INFO 19044 --- [mass-recharge-plan-service] [main] com.alibaba.nacos.client.naming          : [REGISTER-SERVICE] public registering service mass-recharge-plan-service with instance Instance{instanceId='null', ip='192.168.247.1', port=8084, weight=1.0, healthy=true, enabled=true, ephemeral=true, clusterName='DEFAULT', serviceName='null', metadata={IPv6=null, preserved.register.source=SPRING_CLOUD}}
23:51:28:601  INFO 19044 --- [mass-recharge-plan-service] [main] c.a.c.n.registry.NacosServiceRegistry    : nacos registry, DEFAULT_GROUP mass-recharge-plan-service 192.168.247.1:8084 register finished
23:51:28:611  INFO 19044 --- [mass-recharge-plan-service] [main] c.f.recharge.RechargePlanApplication     : Started RechargePlanApplication in 3.391 seconds (process running for 3.858)
23:51:28:614  INFO 19044 --- [mass-recharge-plan-service] [main] c.a.nacos.client.config.impl.CacheData   : nacos.cache.data.init.snapshot = true 
23:51:28:614  INFO 19044 --- [mass-recharge-plan-service] [main] c.a.n.client.config.impl.ClientWorker    : [fixed-192.168.64.100_8848] [subscribe] mass-recharge-plan-service-dev.yaml+DEFAULT_GROUP
23:51:28:619  INFO 19044 --- [mass-recharge-plan-service] [main] c.a.nacos.client.config.impl.CacheData   : [fixed-192.168.64.100_8848] [add-listener] ok, tenant=, dataId=mass-recharge-plan-service-dev.yaml, group=DEFAULT_GROUP, cnt=1
23:51:28:619  INFO 19044 --- [mass-recharge-plan-service] [main] c.a.c.n.refresh.NacosContextRefresher    : [Nacos Config] Listening config: dataId=mass-recharge-plan-service-dev.yaml, group=DEFAULT_GROUP
23:51:28:619  INFO 19044 --- [mass-recharge-plan-service] [main] c.a.n.client.config.impl.ClientWorker    : [fixed-192.168.64.100_8848] [subscribe] mass-recharge-plan-service.yaml+DEFAULT_GROUP
23:51:28:619  INFO 19044 --- [mass-recharge-plan-service] [main] c.a.nacos.client.config.impl.CacheData   : [fixed-192.168.64.100_8848] [add-listener] ok, tenant=, dataId=mass-recharge-plan-service.yaml, group=DEFAULT_GROUP, cnt=1
23:51:28:619  INFO 19044 --- [mass-recharge-plan-service] [main] c.a.c.n.refresh.NacosContextRefresher    : [Nacos Config] Listening config: dataId=mass-recharge-plan-service.yaml, group=DEFAULT_GROUP
23:51:28:619  INFO 19044 --- [mass-recharge-plan-service] [main] c.a.n.client.config.impl.ClientWorker    : [fixed-192.168.64.100_8848] [subscribe] mass-recharge-plan-service+DEFAULT_GROUP
23:51:28:619  INFO 19044 --- [mass-recharge-plan-service] [main] c.a.nacos.client.config.impl.CacheData   : [fixed-192.168.64.100_8848] [add-listener] ok, tenant=, dataId=mass-recharge-plan-service, group=DEFAULT_GROUP, cnt=1
23:51:28:619  INFO 19044 --- [mass-recharge-plan-service] [main] c.a.c.n.refresh.NacosContextRefresher    : [Nacos Config] Listening config: dataId=mass-recharge-plan-service, group=DEFAULT_GROUP
23:51:28:620  INFO 19044 --- [mass-recharge-plan-service] [main] c.f.recharge.RechargePlanApplication     : RechargePlanApplication started successfully.
