#
# There is insufficient memory for the Java Runtime Environment to continue.
# Native memory allocation (mmap) failed to map 264241152 bytes for G1 virtual space
# Possible reasons:
#   The system is out of physical RAM or swap space
#   The process is running with CompressedOops enabled, and the Java Heap may be blocking the growth of the native heap
# Possible solutions:
#   Reduce memory load on the system
#   Increase physical memory or swap space
#   Check if swap backing store is full
#   Decrease Java heap size (-Xmx/-Xms)
#   Decrease number of Java threads
#   Decrease Java thread stack sizes (-Xss)
#   Set larger code cache with -XX:ReservedCodeCacheSize=
#   JVM is running with Zero Based Compressed Oops mode in which the Java heap is
#     placed in the first 32GB address space. The Java Heap base address is the
#     maximum limit for the native heap growth. Please use -XX:HeapBaseMinAddress
#     to set the Java Heap base and to place the Java Heap above 32GB virtual address.
# This output file may be truncated or incomplete.
#
#  Out of Memory Error (os_windows.cpp:3600), pid=4104, tid=9452
#
# JRE version:  (21.0.3+7) (build )
# Java VM: Java HotSpot(TM) 64-Bit Server VM (21.0.3+7-LTS-152, mixed mode, emulated-client, sharing, tiered, compressed oops, compressed class ptrs, g1 gc, windows-amd64)
# No core dump will be written. Minidumps are not enabled by default on client versions of Windows
#

---------------  S U M M A R Y ------------

Command Line: -XX:TieredStopAtLevel=1 -Dspring.output.ansi.enabled=always -Dcom.sun.management.jmxremote -Dspring.jmx.enabled=true -Dspring.liveBeansView.mbeanDomain -Dspring.application.admin.enabled=true -Dmanagement.endpoints.jmx.exposure.include=* -javaagent:D:\IntelliJ IDEA 2024.1.2\lib\idea_rt.jar=61469:D:\IntelliJ IDEA 2024.1.2\bin -Dfile.encoding=UTF-8 -Dsun.stdout.encoding=UTF-8 -Dsun.stderr.encoding=UTF-8 cn.finetool.hotel.HotelApplication

Host: 11th Gen Intel(R) Core(TM) i7-11800H @ 2.30GHz, 16 cores, 15G,  Windows 11 , 64 bit Build 22621 (10.0.22621.3958)
Time: Sat Sep 28 13:29:40 2024  Windows 11 , 64 bit Build 22621 (10.0.22621.3958) elapsed time: 0.014734 seconds (0d 0h 0m 0s)

---------------  T H R E A D  ---------------

Current thread (0x000001eec04566a0):  JavaThread "Unknown thread" [_thread_in_vm, id=9452, stack(0x00000039e9500000,0x00000039e9600000) (1024K)]

Stack: [0x00000039e9500000,0x00000039e9600000]
Native frames: (J=compiled Java code, j=interpreted, Vv=VM code, C=native code)
V  [jvm.dll+0x6c63b9]
V  [jvm.dll+0x84fa11]
V  [jvm.dll+0x851f3e]
V  [jvm.dll+0x852613]
V  [jvm.dll+0x27cd46]
V  [jvm.dll+0x6c2b55]
V  [jvm.dll+0x6b76da]
V  [jvm.dll+0x35051a]
V  [jvm.dll+0x358176]
V  [jvm.dll+0x3aa84e]
V  [jvm.dll+0x3aaaf8]
V  [jvm.dll+0x32491c]
V  [jvm.dll+0x32547b]
V  [jvm.dll+0x818f69]
V  [jvm.dll+0x3b7771]
V  [jvm.dll+0x802358]
V  [jvm.dll+0x44c7ce]
V  [jvm.dll+0x44e2a1]
C  [jli.dll+0x52a3]
C  [ucrtbase.dll+0x29333]
C  [KERNEL32.DLL+0x1257d]
C  [ntdll.dll+0x5af28]


---------------  P R O C E S S  ---------------

Threads class SMR info:
_java_thread_list=0x00007ff82e101b88, length=0, elements={
}

Java Threads: ( => current thread )
Total: 0

Other Threads:
  0x000001eec04bfbd0 WorkerThread "GC Thread#0"                     [id=51912, stack(0x00000039e9600000,0x00000039e9700000) (1024K)]
  0x000001eec04d1780 ConcurrentGCThread "G1 Main Marker"            [id=35596, stack(0x00000039e9700000,0x00000039e9800000) (1024K)]
  0x000001eec04d2430 WorkerThread "G1 Conc#0"                       [id=46408, stack(0x00000039e9800000,0x00000039e9900000) (1024K)]

[error occurred during error reporting (printing all threads), id 0xc0000005, EXCEPTION_ACCESS_VIOLATION (0xc0000005) at pc=0x00007ff82d877077]
VM state: not at safepoint (not fully initialized)

VM Mutex/Monitor currently owned by a thread:  ([mutex/lock_event])
[0x00007ff82e172ea8] Heap_lock - owner thread: 0x000001eec04566a0

Heap address: 0x0000000704400000, size: 4028 MB, Compressed Oops mode: Zero based, Oop shift amount: 3

CDS archive(s) mapped at: [0x0000000000000000-0x0000000000000000-0x0000000000000000), size 0, SharedBaseAddress: 0x0000000800000000, ArchiveRelocationMode: 1.
Narrow klass base: 0x0000000000000000, Narrow klass shift: 0, Narrow klass range: 0x0

GC Precious Log:
 CardTable entry size: 512
 Card Set container configuration: InlinePtr #cards 4 size 8 Array Of Cards #cards 16 size 48 Howl #buckets 8 coarsen threshold 3686 Howl Bitmap #cards 512 size 80 coarsen threshold 460 Card regions per heap region 1 cards per card region 4096

Heap:
 garbage-first heap   total 0K, used 0K [0x0000000704400000, 0x0000000800000000)
  region size 2048K, 0 young (0K), 0 survivors (0K)

[error occurred during error reporting (printing heap information), id 0xc0000005, EXCEPTION_ACCESS_VIOLATION (0xc0000005) at pc=0x00007ff82dc5e669]
GC Heap History (0 events):
No events

Dll operation events (1 events):
Event: 0.010 Loaded shared library E:\JDK\JDK21\bin\java.dll

Deoptimization events (0 events):
No events

Classes loaded (0 events):
No events

Classes unloaded (0 events):
No events

Classes redefined (0 events):
No events

Internal exceptions (0 events):
No events

ZGC Phase Switch (0 events):
No events

VM Operations (0 events):
No events

Events (0 events):
No events


Dynamic libraries:
0x00007ff77bcf0000 - 0x00007ff77bd00000 	E:\JDK\JDK21\bin\java.exe
0x00007ff8f0f90000 - 0x00007ff8f11a7000 	C:\WINDOWS\SYSTEM32\ntdll.dll
0x00007ff8eedf0000 - 0x00007ff8eeeb4000 	C:\WINDOWS\System32\KERNEL32.DLL
0x00007ff8ee4f0000 - 0x00007ff8ee89d000 	C:\WINDOWS\System32\KERNELBASE.dll
0x00007ff8ee8a0000 - 0x00007ff8ee9b1000 	C:\WINDOWS\System32\ucrtbase.dll
0x00007ff8de850000 - 0x00007ff8de869000 	E:\JDK\JDK21\bin\jli.dll
0x00007ff8d9840000 - 0x00007ff8d985b000 	E:\JDK\JDK21\bin\VCRUNTIME140.dll
0x00007ff8ef990000 - 0x00007ff8efa42000 	C:\WINDOWS\System32\ADVAPI32.dll
0x00007ff8f0ea0000 - 0x00007ff8f0f47000 	C:\WINDOWS\System32\msvcrt.dll
0x00007ff8ef070000 - 0x00007ff8ef119000 	C:\WINDOWS\System32\sechost.dll
0x00007ff8ee9c0000 - 0x00007ff8ee9e8000 	C:\WINDOWS\System32\bcrypt.dll
0x00007ff8ef770000 - 0x00007ff8ef884000 	C:\WINDOWS\System32\RPCRT4.dll
0x00007ff8eeec0000 - 0x00007ff8ef06e000 	C:\WINDOWS\System32\USER32.dll
0x00007ff8ee4c0000 - 0x00007ff8ee4e6000 	C:\WINDOWS\System32\win32u.dll
0x00007ff8d9ab0000 - 0x00007ff8d9d43000 	C:\WINDOWS\WinSxS\amd64_microsoft.windows.common-controls_6595b64144ccf1df_6.0.22621.3672_none_2713b9d173822955\COMCTL32.dll
0x00007ff8f0b70000 - 0x00007ff8f0b99000 	C:\WINDOWS\System32\GDI32.dll
0x00007ff8ee9f0000 - 0x00007ff8eeb09000 	C:\WINDOWS\System32\gdi32full.dll
0x00007ff8ee420000 - 0x00007ff8ee4ba000 	C:\WINDOWS\System32\msvcp_win.dll
0x00007ff8e3d60000 - 0x00007ff8e3d6a000 	C:\WINDOWS\SYSTEM32\VERSION.dll
0x00007ff8f0d50000 - 0x00007ff8f0d81000 	C:\WINDOWS\System32\IMM32.DLL
0x00007ff8e65f0000 - 0x00007ff8e65fc000 	E:\JDK\JDK21\bin\vcruntime140_1.dll
0x00007ff8bf5c0000 - 0x00007ff8bf64e000 	E:\JDK\JDK21\bin\msvcp140.dll
0x00007ff82d540000 - 0x00007ff82e24d000 	E:\JDK\JDK21\bin\server\jvm.dll
0x00007ff8eed20000 - 0x00007ff8eed91000 	C:\WINDOWS\System32\WS2_32.dll
0x00007ff8ed160000 - 0x00007ff8ed1ad000 	C:\WINDOWS\SYSTEM32\POWRPROF.dll
0x00007ff8e6420000 - 0x00007ff8e6454000 	C:\WINDOWS\SYSTEM32\WINMM.dll
0x00007ff8ed140000 - 0x00007ff8ed153000 	C:\WINDOWS\SYSTEM32\UMPDC.dll
0x00007ff8ed3f0000 - 0x00007ff8ed408000 	C:\WINDOWS\SYSTEM32\kernel.appcore.dll
0x00007ff8de7a0000 - 0x00007ff8de7aa000 	E:\JDK\JDK21\bin\jimage.dll
0x00007ff8eb400000 - 0x00007ff8eb632000 	C:\WINDOWS\SYSTEM32\DBGHELP.DLL
0x00007ff8efd20000 - 0x00007ff8f00ae000 	C:\WINDOWS\System32\combase.dll
0x00007ff8efc40000 - 0x00007ff8efd17000 	C:\WINDOWS\System32\OLEAUT32.dll
0x00007ff8e34f0000 - 0x00007ff8e3522000 	C:\WINDOWS\SYSTEM32\dbgcore.DLL
0x00007ff8eebd0000 - 0x00007ff8eec4b000 	C:\WINDOWS\System32\bcryptPrimitives.dll
0x00007ff8d9230000 - 0x00007ff8d923f000 	E:\JDK\JDK21\bin\instrument.dll
0x00007ff8d9010000 - 0x00007ff8d902f000 	E:\JDK\JDK21\bin\java.dll

dbghelp: loaded successfully - version: 4.0.5 - missing functions: none
symbol engine: initialized successfully - sym options: 0x614 - pdb path: .;E:\JDK\JDK21\bin;C:\WINDOWS\SYSTEM32;C:\WINDOWS\WinSxS\amd64_microsoft.windows.common-controls_6595b64144ccf1df_6.0.22621.3672_none_2713b9d173822955;E:\JDK\JDK21\bin\server

VM Arguments:
jvm_args: -XX:TieredStopAtLevel=1 -Dspring.output.ansi.enabled=always -Dcom.sun.management.jmxremote -Dspring.jmx.enabled=true -Dspring.liveBeansView.mbeanDomain -Dspring.application.admin.enabled=true -Dmanagement.endpoints.jmx.exposure.include=* -javaagent:D:\IntelliJ IDEA 2024.1.2\lib\idea_rt.jar=61469:D:\IntelliJ IDEA 2024.1.2\bin -Dfile.encoding=UTF-8 -Dsun.stdout.encoding=UTF-8 -Dsun.stderr.encoding=UTF-8 
java_command: cn.finetool.hotel.HotelApplication
java_class_path (initial): C:\Users\86173\Desktop\毕业设计-后端源码\mass-service-auth\mass-hotel\target\classes;D:\Maven\apache-maven-3.9.7\repository\org\springframework\boot\spring-boot-starter\3.2.4\spring-boot-starter-3.2.4.jar;D:\Maven\apache-maven-3.9.7\repository\org\springframework\boot\spring-boot\3.2.4\spring-boot-3.2.4.jar;D:\Maven\apache-maven-3.9.7\repository\org\springframework\spring-context\6.1.5\spring-context-6.1.5.jar;D:\Maven\apache-maven-3.9.7\repository\org\springframework\boot\spring-boot-autoconfigure\3.2.4\spring-boot-autoconfigure-3.2.4.jar;D:\Maven\apache-maven-3.9.7\repository\org\springframework\boot\spring-boot-starter-logging\3.2.4\spring-boot-starter-logging-3.2.4.jar;D:\Maven\apache-maven-3.9.7\repository\ch\qos\logback\logback-classic\1.4.14\logback-classic-1.4.14.jar;D:\Maven\apache-maven-3.9.7\repository\ch\qos\logback\logback-core\1.4.14\logback-core-1.4.14.jar;D:\Maven\apache-maven-3.9.7\repository\org\apache\logging\log4j\log4j-to-slf4j\2.21.1\log4j-to-slf4j-2.21.1.jar;D:\Maven\apache-maven-3.9.7\repository\org\apache\logging\log4j\log4j-api\2.21.1\log4j-api-2.21.1.jar;D:\Maven\apache-maven-3.9.7\repository\org\slf4j\jul-to-slf4j\2.0.12\jul-to-slf4j-2.0.12.jar;D:\Maven\apache-maven-3.9.7\repository\jakarta\annotation\jakarta.annotation-api\2.1.1\jakarta.annotation-api-2.1.1.jar;D:\Maven\apache-maven-3.9.7\repository\org\springframework\spring-core\6.1.5\spring-core-6.1.5.jar;D:\Maven\apache-maven-3.9.7\repository\org\springframework\spring-jcl\6.1.5\spring-jcl-6.1.5.jar;D:\Maven\apache-maven-3.9.7\repository\org\yaml\snakeyaml\2.2\snakeyaml-2.2.jar;D:\Maven\apache-maven-3.9.7\repository\org\springframework\boot\spring-boot-starter-web\3.2.4\spring-boot-starter-web-3.2.4.jar;D:\Maven\apache-maven-3.9.7\repository\org\springframework\boot\spring-boot-starter-json\3.2.4\spring-boot-starter-json-3.2.4.jar;D:\Maven\apache-maven-3.9.7\repository\com\fasterxml\jackson\datatype\jackson-datatype-jdk8\2.15.4\jackson-datatype-jdk8-2.15.4.jar;D:\Maven\apache-maven-3.9.7\repository\com\fasterxml\jackson\module\jackson-module-parameter-names\2.15.4\jackson-module-parameter-names-2.15.4.jar;D:\Maven\apache-maven-3.9.7\repository\org\springframework\boot\spring-boot-starter-tomcat\3.2.4\spring-boot-starter-tomcat-3.2.4.jar;D:\Maven\apache-maven-3.9.7\repository\org\apache\tomcat\embed\tomcat-embed-core\10.1.19\tomcat-embed-core-10.1.19.jar;D:\Maven\apache-maven-3.9.7\repository\org\apache\tomcat\embed\tomcat-embed-el\10.1.19\tomcat-embed-el-10.1.19.jar;D:\Maven\apache-maven-3.9.7\repository\org\apache\tomcat\embed\tomcat-embed-websocket\10.1.19\tomcat-embed-websocket-10.1.19.jar;D:\Maven\apache-maven-3.9.7\repository\org\springframework\spring-web\6.1.5\spring-web-6.1.5.jar;D:\Maven\apache-maven-3.9.7\repository\org\springframework\spring-beans\6.1.5\spring-beans-6.1.5.jar;D:\Maven\apache-maven-3.9.7\repository\io\micrometer\micrometer-observation\1.12.4\micrometer-observation-1.12.4.jar;D:\Maven\apache-maven-3.9.7\repository\io\micrometer\micrometer-commons\1.12.4\micrometer-commons-1.12.4.jar;D:\Maven\apache-maven-3.9.7\repository\org\springframework\spring-webmvc\6.1.5\spring-webmvc-6.1.5.jar;D:\Maven\apache-maven-3.9.7\repository\org\springframework\spring-aop\6.1.5\spring-aop-6.1.5.jar;D:\Maven\apache-maven-3.9.7\repository\org\springframework\spring-expression\6.1.5\spring-expression-6.1.5.jar;D:\Maven\apache-maven-3.9.7\repository\org\springframework\boot\spring-boot-starter-data-redis\3.2.4\spring-boot-starter-data-redis-3.2.4.jar;D:\Maven\apache-maven-3.9.7\repository\io\lettuce\lettuce-core\6.3.2.RELEASE\lettuce-core-6.3.2.RELEASE.jar;D:\Maven\apache-maven-3.9.7\repository\org\springframework\data\spring-data-redis\3.2.4\spring-data-redis-3.2.4.jar;D:\Maven\apache-maven-3.9.7\repository\org\springframework\data\spring-data-keyvalue\3.2.4\spring-data-keyvalue-3.2.4.jar;D:\Maven\apache-maven-3.9.7\repository\org\springframework\data\spring-data-commons\3.2.4\spring-data-commons-3.2.4.jar;D:\Maven\apache-maven-3.9.7\repository\org\springframework\spring-tx\6.1.5\spring-tx-6.1.5.jar;D:\Maven\apache-maven-3.9.7\repository\org\springframework\spring-oxm\6.1.5\spring-oxm-6.1.5.jar;D:\Maven\apache-maven-3.9.7\repository\org\springframework\spring-context-support\6.1.5\spring-context-support-6.1.5.jar;D:\Maven\apache-maven-3.9.7\repository\org\springframework\cloud\spring-cloud-starter-openfeign\4.1.0\spring-cloud-starter-openfeign-4.1.0.jar;D:\Maven\apache-maven-3.9.7\repository\org\springframework\cloud\spring-cloud-starter\4.1.0\spring-cloud-starter-4.1.0.jar;D:\Maven\apache-maven-3.9.7\repository\org\springframework\security\spring-security-rsa\1.1.1\spring-security-rsa-1.1.1.jar;D:\Maven\apache-maven-3.9.7\repository\org\bouncycastle\bcprov-jdk18on\1.74\bcprov-jdk18on-1.74.jar;D:\Maven\apache-maven-3.9.7\repository\org\springframework\cloud\spring-cloud-openfeign-core\4.1.0\spring-cloud-openfeign-core-4.1.0.jar;D:\Maven\apache-maven-3.9.7\repository\org\springframework\boot\spring-boot-starter-aop\3.2.4\spring-boot-starter-aop-3.2.4.jar;D:\Maven\apache-maven-3.9.7\repository\org\aspectj\aspectjweaver\1.9.21\aspectjweaver-1.9.21.jar;D:\Maven\apache-maven-3.9.7\repository\io\github\openfeign\form\feign-form-spring\3.8.0\feign-form-spring-3.8.0.jar;D:\Maven\apache-maven-3.9.7\repository\io\github\openfeign\form\feign-form\3.8.0\feign-form-3.8.0.jar;D:\Maven\apache-maven-3.9.7\repository\commons-fileupload\commons-fileupload\1.5\commons-fileupload-1.5.jar;D:\Maven\apache-maven-3.9.7\repository\org\springframework\cloud\spring-cloud-commons\4.1.0\spring-cloud-commons-4.1.0.jar;D:\Maven\apache-maven-3.9.7\repository\org\springframework\security\spring-security-crypto\6.2.3\spring-security-crypto-6.2.3.jar;D:\Maven\apache-maven-3.9.7\repository\io\github\openfeign\feign-core\13.1\feign-core-13.1.jar;D:\Maven\apache-maven-3.9.7\repository\io\github\openfeign\feign-slf4j\13.1\feign-slf4j-13.1.jar;D:\Maven\apache-maven-3.9.7\repository\com\alibaba\cloud\spring-cloud-starter-alibaba-nacos-discovery\2022.0.0.0\spring-cloud-starter-alibaba-nacos-discovery-2022.0.0.0.jar;D:\Maven\apache-maven-3.9.7\repository\com\alibaba\cloud\spring-cloud-alibaba-commons\2022.0.0.0\spring-cloud-alibaba-commons-2022.0.0.0.jar;D:\Maven\apache-maven-3.9.7\repository\com\alibaba\spring\spring-context-support\1.0.11\spring-context-support-1.0.11.jar;D:\Maven\apache-maven-3.9.7\repository\org\springframework\cloud\spring-cloud-context\4.1.0\spring-cloud-context-4.1.0.jar;D:\Maven\apache-maven-3.9.7\repository\com\alibaba\nacos\nacos-client\2.2.1\nacos-client-2.2.1.jar;D:\Maven\apache-maven-3.9.7\repository\com\alibaba\nacos\nacos-auth-plugin\2.2.1\nacos-auth-plugin-2.2.1.jar;D:\Maven\apache-maven-3.9.7\repository\com\alibaba\nacos\nacos-encryption-plugin\2.2.1\nacos-encryption-plugin-2.2.1.jar;D:\Maven\apache-maven-3.9.7\repository\commons-codec\commons-codec\1.16.1\commons-codec-1.16.1.jar;D:\Maven\apache-maven-3.9.7\repository\com\fasterxml\jackson\core\jackson-core\2.15.4\jackson-core-2.15.4.jar;D:\Maven\apache-maven-3.9.7\repository\com\fasterxml\jackson\core\jackson-databind\2.15.4\jackson-databind-2.15.4.jar;D:\Maven\apache-maven-3.9.7\repository\org\apache\httpcomponents\httpasyncclient\4.1.5\httpasyncclient-4.1.5.jar;D:\Maven\apache-maven-3.9.7\repository\org\apache\httpcomponents\httpcore\4.4.16\httpcore-4.4.16.jar;D:\Maven\apache-maven-3.9.7\repository\org\apache\httpcomponents\httpcore-nio\4.4.16\httpcore-nio-4.4.16.jar;D:\Maven\apache-maven-3.9.7\repository\org\apache\httpcomponents\httpclient\4.5.13\httpclient-4.5.13.jar;D:\Maven\apache-maven-3.9.7\repository\io\prometheus\simpleclient\0.16.0\simpleclient-0.16.0.jar;D:\Maven\apache-maven-3.9.7\repository\io\prometheus\simpleclient_tracer_otel\0.16.0\simpleclient_tracer_otel-0.16.0.jar;D:\Maven\apache-maven-3.9.7\repository\io\prometheus\simpleclient_tracer_common\0.16.0\simpleclient_tracer_common-0.16.0.jar;D:\Maven\apache-maven-3.9.7\repository\io\prometheus\simpleclient_tracer_otel_agent\0.16.0\simpleclient_tracer_otel_agent-0.16.0.jar;D:\Maven\apache-maven-3.9.7\repository\org\projectlombok\lombok\1.18.30\lombok-1.18.30.jar;C:\Users\86173\Desktop\毕业设计-后端源码\mass-service-auth\mass-common\target\classes;D:\Maven\apache-maven-3.9.7\repository\com\mysql\mysql-connector-j\8.0.33\mysql-connector-j-8.0.33.jar;D:\Maven\apache-maven-3.9.7\repository\com\google\protobuf\protobuf-java\3.21.9\protobuf-java-3.21.9.jar;D:\Maven\apache-maven-3.9.7\repository\com\fasterxml\jackson\datatype\jackson-datatype-jsr310\2.15.4\jackson-datatype-jsr310-2.15.4.jar;D:\Maven\apache-maven-3.9.7\repository\io\minio\minio\6.0.13\minio-6.0.13.jar;D:\Maven\apache-maven-3.9.7\repository\com\google\http-client\google-http-client-xml\1.24.1\google-http-client-xml-1.24.1.jar;D:\Maven\apache-maven-3.9.7\repository\com\google\http-client\google-http-client\1.24.1\google-http-client-1.24.1.jar;D:\Maven\apache-maven-3.9.7\repository\xpp3\xpp3\1.1.4c\xpp3-1.1.4c.jar;D:\Maven\apache-maven-3.9.7\repository\com\google\guava\guava\25.1-jre\guava-25.1-jre.jar;D:\Maven\apache-maven-3.9.7\repository\org\checkerframework\checker-qual\2.0.0\checker-qual-2.0.0.jar;D:\Maven\apache-maven-3.9.7\repository\com\google\errorprone\error_prone_annotations\2.1.3\error_prone_annotations-2.1.3.jar;D:\Maven\apache-maven-3.9.7\repository\com\google\j2objc\j2objc-annotations\1.1\j2objc-annotations-1.1.jar;D:\Maven\apache-maven-3.9.7\repository\org\codehaus\mojo\animal-sniffer-annotations\1.14\animal-sniffer-annotations-1.14.jar;D:\Maven\apache-maven-3.9.7\repository\com\squareup\okhttp3\okhttp\4.12.0\okhttp-4.12.0.jar;D:\Maven\apache-maven-3.9.7\repository\org\jetbrains\kotlin\kotlin-stdlib-jdk8\1.9.23\kotlin-stdlib-jdk8-1.9.23.jar;D:\Maven\apache-maven-3.9.7\repository\org\jetbrains\kotlin\kotlin-stdlib\1.9.23\kotlin-stdlib-1.9.23.jar;D:\Maven\apache-maven-3.9.7\repository\org\jetbrains\annotations\13.0\annotations-13.0.jar;D:\Maven\apache-maven-3.9.7\repository\org\jetbrains\kotlin\kotlin-stdlib-jdk7\1.9.23\kotlin-stdlib-jdk7-1.9.23.jar;D:\Maven\apache-maven-3.9.7\repository\com\squareup\okio\okio\1.17.2\okio-1.17.2.jar;D:\Maven\apache-maven-3.9.7\repository\joda-time\joda-time\2.7\joda-time-2.7.jar;D:\Maven\apache-maven-3.9.7\repository\com\google\code\findbugs\annotations\3.0.1\annotations-3.0.1.jar;D:\Maven\apache-maven-3.9.7\repository\net\jcip\jcip-annotations\1.0\jcip-annotations-1.0.jar;D:\Maven\apache-maven-3.9.7\repository\com\google\code\findbugs\jsr305\3.0.2\jsr305-3.0.2.jar;D:\Maven\apache-maven-3.9.7\repository\com\baomidou\mybatis-plus-boot-starter\3.5.7\mybatis-plus-boot-starter-3.5.7.jar;D:\Maven\apache-maven-3.9.7\repository\com\baomidou\mybatis-plus\3.5.7\mybatis-plus-3.5.7.jar;D:\Maven\apache-maven-3.9.7\repository\com\baomidou\mybatis-plus-core\3.5.7\mybatis-plus-core-3.5.7.jar;D:\Maven\apache-maven-3.9.7\repository\com\baomidou\mybatis-plus-annotation\3.5.7\mybatis-plus-annotation-3.5.7.jar;D:\Maven\apache-maven-3.9.7\repository\com\baomidou\mybatis-plus-extension\3.5.7\mybatis-plus-extension-3.5.7.jar;D:\Maven\apache-maven-3.9.7\repository\org\mybatis\mybatis\3.5.16\mybatis-3.5.16.jar;D:\Maven\apache-maven-3.9.7\repository\com\github\jsqlparser\jsqlparser\4.9\jsqlparser-4.9.jar;D:\Maven\apache-maven-3.9.7\repository\org\mybatis\mybatis-spring\3.0.3\mybatis-spring-3.0.3.jar;D:\Maven\apache-maven-3.9.7\repository\com\baomidou\mybatis-plus-spring-boot-autoconfigure\3.5.7\mybatis-plus-spring-boot-autoconfigure-3.5.7.jar;D:\Maven\apache-maven-3.9.7\repository\org\springframework\boot\spring-boot-starter-jdbc\3.2.4\spring-boot-starter-jdbc-3.2.4.jar;D:\Maven\apache-maven-3.9.7\repository\com\zaxxer\HikariCP\5.0.1\HikariCP-5.0.1.jar;D:\Maven\apache-maven-3.9.7\repository\org\springframework\spring-jdbc\6.1.5\spring-jdbc-6.1.5.jar;D:\Maven\apache-maven-3.9.7\repository\io\swagger\swagger-annotations\1.5.20\swagger-annotations-1.5.20.jar;D:\Maven\apache-maven-3.9.7\repository\org\springframework\boot\spring-boot-starter-amqp\3.2.4\spring-boot-starter-amqp-3.2.4.jar;D:\Maven\apache-maven-3.9.7\repository\org\springframework\spring-messaging\6.1.5\spring-messaging-6.1.5.jar;D:\Maven\apache-maven-3.9.7\repository\org\springframework\retry\spring-retry\2.0.5\spring-retry-2.0.5.jar;D:\Maven\apache-maven-3.9.7\repository\org\springframework\amqp\spring-rabbit\3.1.3\spring-rabbit-3.1.3.jar;D:\Maven\apache-maven-3.9.7\repository\org\springframework\amqp\spring-amqp\3.1.3\spring-amqp-3.1.3.jar;D:\Maven\apache-maven-3.9.7\repository\com\rabbitmq\amqp-client\5.19.0\amqp-client-5.19.0.jar;D:\Maven\apache-maven-3.9.7\repository\org\apache\commons\commons-lang3\3.13.0\commons-lang3-3.13.0.jar;D:\Maven\apache-maven-3.9.7\repository\commons-io\commons-io\2.16.1\commons-io-2.16.1.jar;C:\Users\86173\Desktop\毕业设计-后端源码\mass-service-auth\mass-api\target\classes;D:\Maven\apache-maven-3.9.7\repository\org\springframework\cloud\spring-cloud-starter-loadbalancer\4.1.0\spring-cloud-starter-loadbalancer-4.1.0.jar;D:\Maven\apache-maven-3.9.7\repository\org\springframework\cloud\spring-cloud-loadbalancer\4.1.0\spring-cloud-loadbalancer-4.1.0.jar;D:\Maven\apache-maven-3.9.7\repository\io\projectreactor\addons\reactor-extra\3.5.1\reactor-extra-3.5.1.jar;D:\Maven\apache-maven-3.9.7\repository\org\springframework\boot\spring-boot-starter-cache\3.2.4\spring-boot-starter-cache-3.2.4.jar;D:\Maven\apache-maven-3.9.7\repository\com\stoyanr\evictor\1.0.0\evictor-1.0.0.jar;D:\Maven\apache-maven-3.9.7\repository\cn\dev33\sa-token-spring-boot3-starter\1.38.0\sa-token-spring-boot3-starter-1.38.0.jar;D:\Maven\apache-maven-3.9.7\repository\cn\dev33\sa-token-jakarta-servlet\1.38.0\sa-token-jakarta-servlet-1.38.0.jar;D:\Maven\apache-maven-3.9.7\repository\jakarta\servlet\jakarta.servlet-api\6.0.0\jakarta.servlet-api-6.0.0.jar;D:\Maven\apache-maven-3.9.7\repository\cn\dev33\sa-token-spring-boot-autoconfig\1.38.0\sa-token-spring-boot-autoconfig-1.38.0.jar;D:\Maven\apache-maven-3.9.7\repository\cn\dev33\sa-token-redis-jackson\1.38.0\sa-token-redis-jackson-1.38.0.jar;D:\Maven\apache-maven-3.9.7\repository\cn\dev33\sa-token-core\1.38.0\sa-token-core-1.38.0.jar;D:\Maven\apache-maven-3.9.7\repository\com\alibaba\cloud\spring-cloud-starter-alibaba-nacos-config\2022.0.0.0\spring-cloud-starter-alibaba-nacos-config-2022.0.0.0.jar;D:\Maven\apache-maven-3.9.7\repository\org\slf4j\slf4j-api\2.0.12\slf4j-api-2.0.12.jar;D:\Maven\apache-maven-3.9.7\repository\org\springframework\cloud\spring-cloud-starter-bootstrap\4.1.0\spring-cloud-starter-bootstrap-4.1.0.jar;D:\Maven\apache-maven-3.9.7\repository\org\redisson\redisson\3.16.6\redisson-3.16.6.jar;D:\Maven\apache-maven-3.9.7\repository\io\netty\netty-common\4.1.107.Final\netty-common-4.1.107.Final.jar;D:\Maven\apache-maven-3.9.7\repository\io\netty\netty-codec\4.1.107.Final\netty-codec-4.1.107.Final.jar;D:\Maven\apache-maven-3.9.7\repository\io\netty\netty-buffer\4.1.107.Final\netty-buffer-4.1.107.Final.jar;D:\Maven\apache-maven-3.9.7\repository\io\netty\netty-transport\4.1.107.Final\netty-transport-4.1.107.Final.jar;D:\Maven\apache-maven-3.9.7\repository\io\netty\netty-resolver\4.1.107.Final\netty-resolver-4.1.107.Final.jar;D:\Maven\apache-maven-3.9.7\repository\io\netty\netty-resolver-dns\4.1.107.Final\netty-resolver-dns-4.1.107.Final.jar;D:\Maven\apache-maven-3.9.7\repository\io\netty\netty-codec-dns\4.1.107.Final\netty-codec-dns-4.1.107.Final.jar;D:\Maven\apache-maven-3.9.7\repository\io\netty\netty-handler\4.1.107.Final\netty-handler-4.1.107.Final.jar;D:\Maven\apache-maven-3.9.7\repository\io\netty\netty-transport-native-unix-common\4.1.107.Final\netty-transport-native-unix-common-4.1.107.Final.jar;D:\Maven\apache-maven-3.9.7\repository\javax\cache\cache-api\1.1.1\cache-api-1.1.1.jar;D:\Maven\apache-maven-3.9.7\repository\io\projectreactor\reactor-core\3.6.4\reactor-core-3.6.4.jar;D:\Maven\apache-maven-3.9.7\repository\org\reactivestreams\reactive-streams\1.0.4\reactive-streams-1.0.4.jar;D:\Maven\apache-maven-3.9.7\repository\io\reactivex\rxjava3\rxjava\3.1.8\rxjava-3.1.8.jar;D:\Maven\apache-maven-3.9.7\repository\org\jboss\marshalling\jboss-marshalling\2.0.11.Final\jboss-marshalling-2.0.11.Final.jar;D:\Maven\apache-maven-3.9.7\repository\org\jboss\marshalling\jboss-marshalling-river\2.0.11.Final\jboss-marshalling-river-2.0.11.Final.jar;D:\Maven\apache-maven-3.9.7\repository\com\fasterxml\jackson\core\jackson-annotations\2.15.4\jackson-annotations-2.15.4.jar;D:\Maven\apache-maven-3.9.7\repository\com\fasterxml\jackson\dataformat\jackson-dataformat-yaml\2.15.4\jackson-dataformat-yaml-2.15.4.jar;D:\Maven\apache-maven-3.9.7\repository\net\bytebuddy\byte-buddy\1.14.12\byte-buddy-1.14.12.jar;D:\Maven\apache-maven-3.9.7\repository\org\jodd\jodd-bean\5.1.6\jodd-bean-5.1.6.jar;D:\Maven\apache-maven-3.9.7\repository\org\jodd\jodd-core\5.1.6\jodd-core-5.1.6.jar
Launcher Type: SUN_STANDARD

[Global flags]
     intx CICompilerCount                          = 12                                        {product} {ergonomic}
     uint ConcGCThreads                            = 3                                         {product} {ergonomic}
     uint G1ConcRefinementThreads                  = 13                                        {product} {ergonomic}
   size_t G1HeapRegionSize                         = 2097152                                   {product} {ergonomic}
    uintx GCDrainStackTargetSize                   = 64                                        {product} {ergonomic}
   size_t InitialHeapSize                          = 264241152                                 {product} {ergonomic}
     bool ManagementServer                         = true                                      {product} {command line}
   size_t MarkStackSize                            = 4194304                                   {product} {ergonomic}
   size_t MaxHeapSize                              = 4223664128                                {product} {ergonomic}
   size_t MinHeapDeltaBytes                        = 2097152                                   {product} {ergonomic}
   size_t MinHeapSize                              = 8388608                                   {product} {ergonomic}
    uintx NonNMethodCodeHeapSize                   = 4096                                   {pd product} {ergonomic}
    uintx NonProfiledCodeHeapSize                  = 0                                      {pd product} {ergonomic}
     bool ProfileInterpreter                       = false                                  {pd product} {command line}
    uintx ProfiledCodeHeapSize                     = 0                                      {pd product} {ergonomic}
   size_t SoftMaxHeapSize                          = 4223664128                             {manageable} {ergonomic}
     intx TieredStopAtLevel                        = 1                                         {product} {command line}
     bool UseCompressedOops                        = true                           {product lp64_product} {ergonomic}
     bool UseG1GC                                  = true                                      {product} {ergonomic}
     bool UseLargePagesIndividualAllocation        = false                                  {pd product} {ergonomic}

Logging:
Log output configuration:
 #0: stdout all=warning uptime,level,tags foldmultilines=false
 #1: stderr all=off uptime,level,tags foldmultilines=false

Environment Variables:
JAVA_HOME=E:\JDK\JDK21
PATH=C:\Program Files (x86)\VMware\VMware Workstation\bin\;C:\Program Files\Common Files\Oracle\Java\javapath;C:\Program Files (x86)\Common Files\Oracle\Java\javapath;C:\Windows\system32;C:\Windows;C:\Windows\System32\Wbem;C:\Windows\System32\WindowsPowerShell\v1.0\;C:\Windows\System32\OpenSSH\;C:\Program Files (x86)\NVIDIA Corporation\PhysX\Common;C:\Program Files\NVIDIA Corporation\NVIDIA NvDLISR;E:\JDK\JDK21\;C:\Program Files (x86)\Microsoft SQL Server\100\Tools\Binn\;C:\Program Files\Microsoft SQL Server\100\Tools\Binn\;C:\Program Files\Microsoft SQL Server\100\DTS\Binn\;C:\Program Files (x86)\Microsoft SQL Server\100\Tools\Binn\VSShell\Common7\IDE\;C:\Program Files (x86)\Microsoft Visual Studio 9.0\Common7\IDE\PrivateAssemblies\;C:\Program Files (x86)\Microsoft SQL Server\100\DTS\Binn\;E:\Node.js;E:\Node.js\node_modules;C:\Program Files\Bandizip\;E:\微信web开发者工具\dll;%MYSQL;HOME%;C:\Users\86173\Desktop\mysql\mysql-5.7.32-winx64\bin;D:\Maven\apache-maven-3.9.7\bin;E:\JDK\JDK21\bin;C:\WINDOWS\system32;C:\WINDOWS;C:\WINDOWS\System32\Wbem;C:\WINDOWS\System32\WindowsPowerShell\v1.0\;C:\WINDOWS\System32\OpenSSH\;D:\Git\cmd;C:\Users\86173\AppData\Local\Microsoft\WindowsApps;C:\Users\86173\AppData\Roaming\搜狐影音\6.5.12.0;C:\Program Files\Bandizip\;D:\Users\86173\AppData\Local\Programs\Microsoft VS Code\bin;E:\Node.js\node_gobal;E:\Node.js\node_cache;E:\IntelliJ IDEA 2023.1.1\bin;E:\JDK\JDK21\bin;D:\webstorm\WebStorm 2024.1.3\bin;C:\Users\86173\AppData\Local\JetBrains\Toolbox\scripts;D:\IntelliJ IDEA 2024.1.2\bin;;
USERNAME=86173
OS=Windows_NT
PROCESSOR_IDENTIFIER=Intel64 Family 6 Model 141 Stepping 1, GenuineIntel
TMP=C:\Users\86173\AppData\Local\Temp
TEMP=C:\Users\86173\AppData\Local\Temp




Periodic native trim disabled

---------------  S Y S T E M  ---------------

OS:
 Windows 11 , 64 bit Build 22621 (10.0.22621.3958)
OS uptime: 2 days 14:08 hours
Hyper-V role detected

CPU: total 16 (initial active 16) (8 cores per cpu, 2 threads per core) family 6 model 141 stepping 1 microcode 0x34, cx8, cmov, fxsr, ht, mmx, 3dnowpref, sse, sse2, sse3, ssse3, sse4.1, sse4.2, popcnt, lzcnt, tsc, tscinvbit, avx, avx2, aes, erms, clmul, bmi1, bmi2, adx, avx512f, avx512dq, avx512cd, avx512bw, avx512vl, sha, fma, vzeroupper, avx512_vpopcntdq, avx512_vpclmulqdq, avx512_vaes, avx512_vnni, clflush, clflushopt, clwb, avx512_vbmi2, avx512_vbmi, hv, rdtscp, rdpid, fsrm, gfni, avx512_bitalg, f16c, cet_ibt, cet_ss, avx512_ifma
Processor Information for all 16 processors :
  Max Mhz: 2304, Current Mhz: 2304, Mhz Limit: 2304

Memory: 4k page, system-wide physical 16106M (850M free)
TotalPageFile size 36833M (AvailPageFile size 82M)
current process WorkingSet (physical memory assigned to process): 12M, peak: 12M
current process commit charge ("private bytes"): 66M, peak: 318M

vm_info: Java HotSpot(TM) 64-Bit Server VM (21.0.3+7-LTS-152) for windows-amd64 JRE (21.0.3+7-LTS-152), built on 2024-03-11T17:42:26Z by "mach5one" with MS VC++ 17.6 (VS2022)

END.
