#
# There is insufficient memory for the Java Runtime Environment to continue.
# Native memory allocation (mmap) failed to map 14680064 bytes for G1 virtual space
# Possible reasons:
#   The system is out of physical RAM or swap space
#   The process is running with CompressedOops enabled, and the Java Heap may be blocking the growth of the native heap
# Possible solutions:
#   Reduce memory load on the system
#   Increase physical memory or swap space
#   Check if swap backing store is full
#   Decrease Java heap size (-Xmx/-Xms)
#   Decrease number of Java threads
#   Decrease Java thread stack sizes (-Xss)
#   Set larger code cache with -XX:ReservedCodeCacheSize=
#   JVM is running with Zero Based Compressed Oops mode in which the Java heap is
#     placed in the first 32GB address space. The Java Heap base address is the
#     maximum limit for the native heap growth. Please use -XX:HeapBaseMinAddress
#     to set the Java Heap base and to place the Java Heap above 32GB virtual address.
# This output file may be truncated or incomplete.
#
#  Out of Memory Error (os_windows.cpp:3600), pid=39532, tid=2852
#
# JRE version: Java(TM) SE Runtime Environment (21.0.3+7) (build 21.0.3+7-LTS-152)
# Java VM: Java HotSpot(TM) 64-Bit Server VM (21.0.3+7-LTS-152, mixed mode, emulated-client, sharing, tiered, compressed oops, compressed class ptrs, g1 gc, windows-amd64)
# No core dump will be written. Minidumps are not enabled by default on client versions of Windows
#

---------------  S U M M A R Y ------------

Command Line: -XX:TieredStopAtLevel=1 -Dspring.output.ansi.enabled=always -Dcom.sun.management.jmxremote -Dspring.jmx.enabled=true -Dspring.liveBeansView.mbeanDomain -Dspring.application.admin.enabled=true -Dmanagement.endpoints.jmx.exposure.include=* -javaagent:D:\IntelliJ IDEA 2024.1.2\lib\idea_rt.jar=54188:D:\IntelliJ IDEA 2024.1.2\bin -Dfile.encoding=UTF-8 -Dsun.stdout.encoding=UTF-8 -Dsun.stderr.encoding=UTF-8 cn.finetool.order.OrderApplication --server.port=8091

Host: 11th Gen Intel(R) Core(TM) i7-11800H @ 2.30GHz, 16 cores, 15G,  Windows 11 , 64 bit Build 22621 (10.0.22621.3958)
Time: Sat Sep 28 13:19:32 2024  Windows 11 , 64 bit Build 22621 (10.0.22621.3958) elapsed time: 4.432813 seconds (0d 0h 0m 4s)

---------------  T H R E A D  ---------------

Current thread (0x000001aa747131a0):  VMThread "VM Thread"          [id=2852, stack(0x00000060ce900000,0x00000060cea00000) (1024K)]

Stack: [0x00000060ce900000,0x00000060cea00000]
Native frames: (J=compiled Java code, j=interpreted, Vv=VM code, C=native code)
V  [jvm.dll+0x6c63b9]
V  [jvm.dll+0x84fa11]
V  [jvm.dll+0x851f3e]
V  [jvm.dll+0x852613]
V  [jvm.dll+0x27cd46]
V  [jvm.dll+0x6c2b55]
V  [jvm.dll+0x6b76da]
V  [jvm.dll+0x35051a]
V  [jvm.dll+0x358176]
V  [jvm.dll+0x3aa84e]
V  [jvm.dll+0x3aaaf8]
V  [jvm.dll+0x32491c]
V  [jvm.dll+0x3249a7]
V  [jvm.dll+0x36923c]
V  [jvm.dll+0x367a7e]
V  [jvm.dll+0x324091]
V  [jvm.dll+0x36719a]
V  [jvm.dll+0x857fd0]
V  [jvm.dll+0x8590d4]
V  [jvm.dll+0x859610]
V  [jvm.dll+0x8598b3]
V  [jvm.dll+0x7f9ffb]
V  [jvm.dll+0x6c4a9d]
C  [ucrtbase.dll+0x29333]
C  [KERNEL32.DLL+0x1257d]
C  [ntdll.dll+0x5af28]

VM_Operation (0x00000060ce2fa3d0): G1CollectForAllocation, mode: safepoint, requested by thread 0x000001aa5ed86960


---------------  P R O C E S S  ---------------

Threads class SMR info:
_java_thread_list=0x000001aa7b42ab10, length=49, elements={
0x000001aa5ed86960, 0x000001aa74732300, 0x000001aa74733d30, 0x000001aa74736c90,
0x000001aa747389f0, 0x000001aa7473a070, 0x000001aa7473efc0, 0x000001aa74741de0,
0x000001aa74b7b330, 0x000001aa74c3ada0, 0x000001aa74b7a590, 0x000001aa74b79ec0,
0x000001aa793efe40, 0x000001aa793f5ee0, 0x000001aa795a8900, 0x000001aa74b7ac60,
0x000001aa7a3a5e30, 0x000001aa7a3a1340, 0x000001aa7a6c70e0, 0x000001aa7a6ccec0,
0x000001aa7a6cd530, 0x000001aa7a6c7b60, 0x000001aa7a69ca50, 0x000001aa7a69a400,
0x000001aa7a69aa70, 0x000001aa7a7954d0, 0x000001aa7a795b60, 0x000001aa7a796880,
0x000001aa7a7961f0, 0x000001aa7a798950, 0x000001aa7a796f10, 0x000001aa7a7982c0,
0x000001aa7a7975a0, 0x000001aa7a797c30, 0x000001aa7acf4cc0, 0x000001aa7acf1ed0,
0x000001aa7acf3280, 0x000001aa7acf4630, 0x000001aa7acf7420, 0x000001aa7acf6070,
0x000001aa7acf6700, 0x000001aa7acf94f0, 0x000001aa7acf6d90, 0x000001aa7acf7ab0,
0x000001aa7acf8140, 0x000001aa7acf87d0, 0x000001aa7acf8e60, 0x000001aa7acf2560,
0x000001aa7acf59e0
}

Java Threads: ( => current thread )
  0x000001aa5ed86960 JavaThread "main"                              [_thread_blocked, id=41136, stack(0x00000060ce200000,0x00000060ce300000) (1024K)]
  0x000001aa74732300 JavaThread "Reference Handler"          daemon [_thread_blocked, id=51068, stack(0x00000060cea00000,0x00000060ceb00000) (1024K)]
  0x000001aa74733d30 JavaThread "Finalizer"                  daemon [_thread_blocked, id=11276, stack(0x00000060ceb00000,0x00000060cec00000) (1024K)]
  0x000001aa74736c90 JavaThread "Signal Dispatcher"          daemon [_thread_blocked, id=46440, stack(0x00000060cec00000,0x00000060ced00000) (1024K)]
  0x000001aa747389f0 JavaThread "Attach Listener"            daemon [_thread_blocked, id=9472, stack(0x00000060ced00000,0x00000060cee00000) (1024K)]
  0x000001aa7473a070 JavaThread "Service Thread"             daemon [_thread_blocked, id=49548, stack(0x00000060cee00000,0x00000060cef00000) (1024K)]
  0x000001aa7473efc0 JavaThread "Monitor Deflation Thread"   daemon [_thread_blocked, id=50136, stack(0x00000060cef00000,0x00000060cf000000) (1024K)]
  0x000001aa74741de0 JavaThread "C1 CompilerThread0"         daemon [_thread_blocked, id=15904, stack(0x00000060cf000000,0x00000060cf100000) (1024K)]
  0x000001aa74b7b330 JavaThread "C1 CompilerThread1"         daemon [_thread_blocked, id=18820, stack(0x00000060cf100000,0x00000060cf200000) (1024K)]
  0x000001aa74c3ada0 JavaThread "Common-Cleaner"             daemon [_thread_blocked, id=27472, stack(0x00000060cf200000,0x00000060cf300000) (1024K)]
  0x000001aa74b7a590 JavaThread "C1 CompilerThread2"         daemon [_thread_blocked, id=43608, stack(0x00000060cf300000,0x00000060cf400000) (1024K)]
  0x000001aa74b79ec0 JavaThread "C1 CompilerThread3"         daemon [_thread_blocked, id=49368, stack(0x00000060cf400000,0x00000060cf500000) (1024K)]
  0x000001aa793efe40 JavaThread "Monitor Ctrl-Break"         daemon [_thread_in_native, id=34648, stack(0x00000060cf500000,0x00000060cf600000) (1024K)]
  0x000001aa793f5ee0 JavaThread "Notification Thread"        daemon [_thread_blocked, id=8048, stack(0x00000060cf600000,0x00000060cf700000) (1024K)]
  0x000001aa795a8900 JavaThread "RMI TCP Accept-0"           daemon [_thread_in_native, id=26916, stack(0x00000060cf700000,0x00000060cf800000) (1024K)]
  0x000001aa74b7ac60 JavaThread "C1 CompilerThread4"         daemon [_thread_blocked, id=20376, stack(0x00000060d0100000,0x00000060d0200000) (1024K)]
  0x000001aa7a3a5e30 JavaThread "C1 CompilerThread5"         daemon [_thread_blocked, id=12624, stack(0x00000060d0200000,0x00000060d0300000) (1024K)]
  0x000001aa7a3a1340 JavaThread "C1 CompilerThread6"         daemon [_thread_blocked, id=1204, stack(0x00000060d0300000,0x00000060d0400000) (1024K)]
  0x000001aa7a6c70e0 JavaThread "com.alibaba.nacos.client.auth.ram.identify.watcher.0" daemon [_thread_blocked, id=49752, stack(0x00000060d0000000,0x00000060d0100000) (1024K)]
  0x000001aa7a6ccec0 JavaThread "com.alibaba.nacos.client.Worker" daemon [_thread_blocked, id=40384, stack(0x00000060d0900000,0x00000060d0a00000) (1024K)]
  0x000001aa7a6cd530 JavaThread "com.alibaba.nacos.client.Worker" daemon [_thread_blocked, id=26780, stack(0x00000060d0a00000,0x00000060d0b00000) (1024K)]
  0x000001aa7a6c7b60 JavaThread "com.alibaba.nacos.client.Worker" daemon [_thread_blocked, id=37228, stack(0x00000060d0b00000,0x00000060d0c00000) (1024K)]
  0x000001aa7a69ca50 JavaThread "RMI TCP Connection(1)-192.168.2.2" daemon [_thread_in_native, id=3920, stack(0x00000060d0d00000,0x00000060d0e00000) (1024K)]
  0x000001aa7a69a400 JavaThread "nacos.publisher-com.alibaba.nacos.common.notify.SlowEvent" daemon [_thread_blocked, id=41568, stack(0x00000060d0e00000,0x00000060d0f00000) (1024K)]
  0x000001aa7a69aa70 JavaThread "RMI Scheduler(0)"           daemon [_thread_blocked, id=50240, stack(0x00000060d0f00000,0x00000060d1000000) (1024K)]
  0x000001aa7a7954d0 JavaThread "com.alibaba.nacos.client.remote.worker" daemon [_thread_blocked, id=45872, stack(0x00000060d1000000,0x00000060d1100000) (1024K)]
  0x000001aa7a795b60 JavaThread "com.alibaba.nacos.client.remote.worker" daemon [_thread_blocked, id=29156, stack(0x00000060d1100000,0x00000060d1200000) (1024K)]
  0x000001aa7a796880 JavaThread "grpc-nio-worker-ELG-1-1"    daemon [_thread_in_native, id=10004, stack(0x00000060d1200000,0x00000060d1300000) (1024K)]
  0x000001aa7a7961f0 JavaThread "grpc-default-executor-0"    daemon [_thread_blocked, id=39812, stack(0x00000060d1300000,0x00000060d1400000) (1024K)]
  0x000001aa7a798950 JavaThread "nacos-grpc-client-executor-192.168.64.100-0" daemon [_thread_blocked, id=38644, stack(0x00000060d1400000,0x00000060d1500000) (1024K)]
  0x000001aa7a796f10 JavaThread "nacos-grpc-client-executor-192.168.64.100-1" daemon [_thread_blocked, id=48696, stack(0x00000060d1500000,0x00000060d1600000) (1024K)]
  0x000001aa7a7982c0 JavaThread "grpc-nio-worker-ELG-1-2"    daemon [_thread_in_native, id=25328, stack(0x00000060d1600000,0x00000060d1700000) (1024K)]
  0x000001aa7a7975a0 JavaThread "nacos-grpc-client-executor-192.168.64.100-2" daemon [_thread_blocked, id=18412, stack(0x00000060d1800000,0x00000060d1900000) (1024K)]
  0x000001aa7a797c30 JavaThread "nacos-grpc-client-executor-192.168.64.100-3" daemon [_thread_blocked, id=30096, stack(0x00000060d1900000,0x00000060d1a00000) (1024K)]
  0x000001aa7acf4cc0 JavaThread "nacos-grpc-client-executor-192.168.64.100-4" daemon [_thread_blocked, id=18600, stack(0x00000060d1a00000,0x00000060d1b00000) (1024K)]
  0x000001aa7acf1ed0 JavaThread "nacos-grpc-client-executor-192.168.64.100-5" daemon [_thread_blocked, id=44240, stack(0x00000060d1b00000,0x00000060d1c00000) (1024K)]
  0x000001aa7acf3280 JavaThread "nacos-grpc-client-executor-192.168.64.100-6" daemon [_thread_blocked, id=22836, stack(0x00000060d1c00000,0x00000060d1d00000) (1024K)]
  0x000001aa7acf4630 JavaThread "nacos-grpc-client-executor-192.168.64.100-7" daemon [_thread_blocked, id=12792, stack(0x00000060d1d00000,0x00000060d1e00000) (1024K)]
  0x000001aa7acf7420 JavaThread "nacos-grpc-client-executor-192.168.64.100-8" daemon [_thread_blocked, id=10096, stack(0x00000060d1e00000,0x00000060d1f00000) (1024K)]
  0x000001aa7acf6070 JavaThread "nacos-grpc-client-executor-192.168.64.100-9" daemon [_thread_blocked, id=29024, stack(0x00000060d1f00000,0x00000060d2000000) (1024K)]
  0x000001aa7acf6700 JavaThread "nacos-grpc-client-executor-192.168.64.100-10" daemon [_thread_blocked, id=12628, stack(0x00000060d2000000,0x00000060d2100000) (1024K)]
  0x000001aa7acf94f0 JavaThread "nacos-grpc-client-executor-192.168.64.100-11" daemon [_thread_blocked, id=33764, stack(0x00000060d2100000,0x00000060d2200000) (1024K)]
  0x000001aa7acf6d90 JavaThread "nacos-grpc-client-executor-192.168.64.100-12" daemon [_thread_blocked, id=16536, stack(0x00000060d2200000,0x00000060d2300000) (1024K)]
  0x000001aa7acf7ab0 JavaThread "nacos-grpc-client-executor-192.168.64.100-13" daemon [_thread_blocked, id=37520, stack(0x00000060d2300000,0x00000060d2400000) (1024K)]
  0x000001aa7acf8140 JavaThread "nacos-grpc-client-executor-192.168.64.100-14" daemon [_thread_blocked, id=8980, stack(0x00000060d2400000,0x00000060d2500000) (1024K)]
  0x000001aa7acf87d0 JavaThread "nacos-grpc-client-executor-192.168.64.100-15" daemon [_thread_blocked, id=44472, stack(0x00000060d2500000,0x00000060d2600000) (1024K)]
  0x000001aa7acf8e60 JavaThread "nacos-grpc-client-executor-192.168.64.100-16" daemon [_thread_blocked, id=39824, stack(0x00000060d2600000,0x00000060d2700000) (1024K)]
  0x000001aa7acf2560 JavaThread "nacos-grpc-client-executor-192.168.64.100-17" daemon [_thread_blocked, id=23264, stack(0x00000060d2700000,0x00000060d2800000) (1024K)]
  0x000001aa7acf59e0 JavaThread "nacos-grpc-client-executor-192.168.64.100-18" daemon [_thread_blocked, id=42748, stack(0x00000060d2800000,0x00000060d2900000) (1024K)]
Total: 49

Other Threads:
=>0x000001aa747131a0 VMThread "VM Thread"                           [id=2852, stack(0x00000060ce900000,0x00000060cea00000) (1024K)]
  0x000001aa746fe100 WatcherThread "VM Periodic Task Thread"        [id=36320, stack(0x00000060ce800000,0x00000060ce900000) (1024K)]
  0x000001aa610d0c60 WorkerThread "GC Thread#0"                     [id=51840, stack(0x00000060ce300000,0x00000060ce400000) (1024K)]
  0x000001aa79597ee0 WorkerThread "GC Thread#1"                     [id=38088, stack(0x00000060cf800000,0x00000060cf900000) (1024K)]
  0x000001aa79598280 WorkerThread "GC Thread#2"                     [id=41444, stack(0x00000060cf900000,0x00000060cfa00000) (1024K)]
  0x000001aa795cbc50 WorkerThread "GC Thread#3"                     [id=32328, stack(0x00000060cfa00000,0x00000060cfb00000) (1024K)]
  0x000001aa795ce410 WorkerThread "GC Thread#4"                     [id=29168, stack(0x00000060cfb00000,0x00000060cfc00000) (1024K)]
  0x000001aa795d6dd0 WorkerThread "GC Thread#5"                     [id=16348, stack(0x00000060cfc00000,0x00000060cfd00000) (1024K)]
  0x000001aa7a03f610 WorkerThread "GC Thread#6"                     [id=832, stack(0x00000060cfd00000,0x00000060cfe00000) (1024K)]
  0x000001aa7a054fc0 WorkerThread "GC Thread#7"                     [id=26520, stack(0x00000060cfe00000,0x00000060cff00000) (1024K)]
  0x000001aa79ffc2a0 WorkerThread "GC Thread#8"                     [id=3460, stack(0x00000060cff00000,0x00000060d0000000) (1024K)]
  0x000001aa7a1028d0 WorkerThread "GC Thread#9"                     [id=15552, stack(0x00000060d0400000,0x00000060d0500000) (1024K)]
  0x000001aa7a102190 WorkerThread "GC Thread#10"                    [id=5728, stack(0x00000060d0500000,0x00000060d0600000) (1024K)]
  0x000001aa7a102530 WorkerThread "GC Thread#11"                    [id=30160, stack(0x00000060d0600000,0x00000060d0700000) (1024K)]
  0x000001aa7a103750 WorkerThread "GC Thread#12"                    [id=21488, stack(0x00000060d0c00000,0x00000060d0d00000) (1024K)]
  0x000001aa610e1930 ConcurrentGCThread "G1 Main Marker"            [id=44820, stack(0x00000060ce400000,0x00000060ce500000) (1024K)]
  0x000001aa610e2330 WorkerThread "G1 Conc#0"                       [id=52196, stack(0x00000060ce500000,0x00000060ce600000) (1024K)]
  0x000001aa7a1033b0 WorkerThread "G1 Conc#1"                       [id=46040, stack(0x00000060d0700000,0x00000060d0800000) (1024K)]
  0x000001aa7a103010 WorkerThread "G1 Conc#2"                       [id=19144, stack(0x00000060d0800000,0x00000060d0900000) (1024K)]
  0x000001aa745cc2b0 ConcurrentGCThread "G1 Refine#0"               [id=29308, stack(0x00000060ce600000,0x00000060ce700000) (1024K)]
  0x000001aa745ce940 ConcurrentGCThread "G1 Service"                [id=49696, stack(0x00000060ce700000,0x00000060ce800000) (1024K)]
Total: 21

Threads with active compile tasks:
Total: 0

VM state: at safepoint (normal execution)

VM Mutex/Monitor currently owned by a thread:  ([mutex/lock_event])
[0x00007ff82e172da8] Threads_lock - owner thread: 0x000001aa747131a0
[0x00007ff82e172ea8] Heap_lock - owner thread: 0x000001aa5ed86960

Heap address: 0x0000000704400000, size: 4028 MB, Compressed Oops mode: Zero based, Oop shift amount: 3

CDS archive(s) mapped at: [0x000001aa00000000-0x000001aa00c90000-0x000001aa00c90000), size 13172736, SharedBaseAddress: 0x000001aa00000000, ArchiveRelocationMode: 1.
Compressed class space mapped at: 0x000001aa01000000-0x000001aa41000000, reserved size: 1073741824
Narrow klass base: 0x000001aa00000000, Narrow klass shift: 0, Narrow klass range: 0x100000000

GC Precious Log:
 CardTable entry size: 512
 Card Set container configuration: InlinePtr #cards 4 size 8 Array Of Cards #cards 16 size 48 Howl #buckets 8 coarsen threshold 3686 Howl Bitmap #cards 512 size 80 coarsen threshold 460 Card regions per heap region 1 cards per card region 4096
 CPUs: 16 total, 16 available
 Memory: 16106M
 Large Page Support: Disabled
 NUMA Support: Disabled
 Compressed Oops: Enabled (Zero based)
 Heap Region Size: 2M
 Heap Min Capacity: 8M
 Heap Initial Capacity: 252M
 Heap Max Capacity: 4028M
 Pre-touch: Disabled
 Parallel Workers: 13
 Concurrent Workers: 3
 Concurrent Refinement Workers: 13
 Periodic GC: Disabled

Heap:
 garbage-first heap   total 69632K, used 27957K [0x0000000704400000, 0x0000000800000000)
  region size 2048K, 2 young (4096K), 2 survivors (4096K)
 Metaspace       used 45966K, committed 46528K, reserved 1114112K
  class space    used 6342K, committed 6592K, reserved 1048576K

Heap Regions: E=young(eden), S=young(survivor), O=old, HS=humongous(starts), HC=humongous(continues), CS=collection set, F=free, TAMS=top-at-mark-start, PB=parsable bottom
|   0|0x0000000704400000, 0x0000000704600000, 0x0000000704600000|100%| O|Cm|TAMS 0x0000000704400000| PB 0x0000000704400000| Complete 
|   1|0x0000000704600000, 0x0000000704800000, 0x0000000704800000|100%| O|  |TAMS 0x0000000704600000| PB 0x0000000704600000| Untracked 
|   2|0x0000000704800000, 0x0000000704a00000, 0x0000000704a00000|100%| O|  |TAMS 0x0000000704800000| PB 0x0000000704800000| Untracked 
|   3|0x0000000704a00000, 0x0000000704c00000, 0x0000000704c00000|100%| O|  |TAMS 0x0000000704a00000| PB 0x0000000704a00000| Untracked 
|   4|0x0000000704c00000, 0x0000000704e00000, 0x0000000704e00000|100%| O|  |TAMS 0x0000000704c00000| PB 0x0000000704c00000| Untracked 
|   5|0x0000000704e00000, 0x0000000705000000, 0x0000000705000000|100%| O|  |TAMS 0x0000000704e00000| PB 0x0000000704e00000| Untracked 
|   6|0x0000000705000000, 0x0000000705200000, 0x0000000705200000|100%| O|  |TAMS 0x0000000705000000| PB 0x0000000705000000| Untracked 
|   7|0x0000000705200000, 0x0000000705400000, 0x0000000705400000|100%| O|  |TAMS 0x0000000705200000| PB 0x0000000705200000| Untracked 
|   8|0x0000000705400000, 0x0000000705600000, 0x0000000705600000|100%| O|  |TAMS 0x0000000705400000| PB 0x0000000705400000| Untracked 
|   9|0x0000000705600000, 0x0000000705800000, 0x0000000705800000|100%| O|  |TAMS 0x0000000705600000| PB 0x0000000705600000| Untracked 
|  10|0x0000000705800000, 0x0000000705a00000, 0x0000000705a00000|100%| O|  |TAMS 0x0000000705800000| PB 0x0000000705800000| Untracked 
|  11|0x0000000705a00000, 0x0000000705c00000, 0x0000000705c00000|100%| O|  |TAMS 0x0000000705a00000| PB 0x0000000705a00000| Untracked 
|  12|0x0000000705c00000, 0x0000000705c39fc0, 0x0000000705e00000| 11%| O|  |TAMS 0x0000000705c00000| PB 0x0000000705c00000| Untracked 
|  13|0x0000000705e00000, 0x0000000705e00000, 0x0000000706000000|  0%| F|  |TAMS 0x0000000705e00000| PB 0x0000000705e00000| Untracked 
|  14|0x0000000706000000, 0x0000000706113538, 0x0000000706200000| 53%| S|CS|TAMS 0x0000000706000000| PB 0x0000000706000000| Complete 
|  15|0x0000000706200000, 0x0000000706400000, 0x0000000706400000|100%| S|CS|TAMS 0x0000000706200000| PB 0x0000000706200000| Complete 
|  16|0x0000000706400000, 0x0000000706400000, 0x0000000706600000|  0%| F|  |TAMS 0x0000000706400000| PB 0x0000000706400000| Untracked 
|  17|0x0000000706600000, 0x0000000706600000, 0x0000000706800000|  0%| F|  |TAMS 0x0000000706600000| PB 0x0000000706600000| Untracked 
|  18|0x0000000706800000, 0x0000000706800000, 0x0000000706a00000|  0%| F|  |TAMS 0x0000000706800000| PB 0x0000000706800000| Untracked 
|  19|0x0000000706a00000, 0x0000000706a00000, 0x0000000706c00000|  0%| F|  |TAMS 0x0000000706a00000| PB 0x0000000706a00000| Untracked 
|  20|0x0000000706c00000, 0x0000000706c00000, 0x0000000706e00000|  0%| F|  |TAMS 0x0000000706c00000| PB 0x0000000706c00000| Untracked 
|  21|0x0000000706e00000, 0x0000000706e00000, 0x0000000707000000|  0%| F|  |TAMS 0x0000000706e00000| PB 0x0000000706e00000| Untracked 
|  22|0x0000000707000000, 0x0000000707000000, 0x0000000707200000|  0%| F|  |TAMS 0x0000000707000000| PB 0x0000000707000000| Untracked 
|  23|0x0000000707200000, 0x0000000707200000, 0x0000000707400000|  0%| F|  |TAMS 0x0000000707200000| PB 0x0000000707200000| Untracked 
|  24|0x0000000707400000, 0x0000000707400000, 0x0000000707600000|  0%| F|  |TAMS 0x0000000707400000| PB 0x0000000707400000| Untracked 
|  25|0x0000000707600000, 0x0000000707600000, 0x0000000707800000|  0%| F|  |TAMS 0x0000000707600000| PB 0x0000000707600000| Untracked 
|  26|0x0000000707800000, 0x0000000707800000, 0x0000000707a00000|  0%| F|  |TAMS 0x0000000707800000| PB 0x0000000707800000| Untracked 
|  27|0x0000000707a00000, 0x0000000707a00000, 0x0000000707c00000|  0%| F|  |TAMS 0x0000000707a00000| PB 0x0000000707a00000| Untracked 
|  28|0x0000000707c00000, 0x0000000707c00000, 0x0000000707e00000|  0%| F|  |TAMS 0x0000000707c00000| PB 0x0000000707c00000| Untracked 
|  29|0x0000000707e00000, 0x0000000707e00000, 0x0000000708000000|  0%| F|  |TAMS 0x0000000707e00000| PB 0x0000000707e00000| Untracked 
|  30|0x0000000708000000, 0x0000000708000000, 0x0000000708200000|  0%| F|  |TAMS 0x0000000708000000| PB 0x0000000708000000| Untracked 
|  31|0x0000000708200000, 0x0000000708200000, 0x0000000708400000|  0%| F|  |TAMS 0x0000000708200000| PB 0x0000000708200000| Untracked 
| 124|0x0000000713c00000, 0x0000000713c00000, 0x0000000713e00000|  0%| F|  |TAMS 0x0000000713c00000| PB 0x0000000713c00000| Untracked 
| 125|0x0000000713e00000, 0x0000000713e00000, 0x0000000714000000|  0%| F|  |TAMS 0x0000000713e00000| PB 0x0000000713e00000| Untracked 

Card table byte_map: [0x000001aa6d310000,0x000001aa6daf0000] _byte_map_base: 0x000001aa69aee000

Marking Bits: (CMBitMap*) 0x000001aa610d1260
 Bits: [0x000001aa6daf0000, 0x000001aa719e0000)

Polling page: 0x000001aa5efd0000

Metaspace:

Usage:
  Non-class:     38.70 MB used.
      Class:      6.19 MB used.
       Both:     44.89 MB used.

Virtual space:
  Non-class space:       64.00 MB reserved,      39.00 MB ( 61%) committed,  1 nodes.
      Class space:        1.00 GB reserved,       6.44 MB ( <1%) committed,  1 nodes.
             Both:        1.06 GB reserved,      45.44 MB (  4%) committed. 

Chunk freelists:
   Non-Class:  8.27 MB
       Class:  9.40 MB
        Both:  17.67 MB

MaxMetaspaceSize: unlimited
CompressedClassSpaceSize: 1.00 GB
Initial GC threshold: 21.00 MB
Current GC threshold: 68.88 MB
CDS: on
 - commit_granule_bytes: 65536.
 - commit_granule_words: 8192.
 - virtual_space_node_default_size: 8388608.
 - enlarge_chunks_in_place: 1.
 - use_allocation_guard: 0.


Internal statistics:

num_allocs_failed_limit: 9.
num_arena_births: 740.
num_arena_deaths: 0.
num_vsnodes_births: 2.
num_vsnodes_deaths: 0.
num_space_committed: 727.
num_space_uncommitted: 0.
num_chunks_returned_to_freelist: 9.
num_chunks_taken_from_freelist: 2283.
num_chunk_merges: 9.
num_chunk_splits: 1695.
num_chunks_enlarged: 1320.
num_inconsistent_stats: 0.

CodeCache: size=49152Kb used=12726Kb max_used=12726Kb free=36425Kb
 bounds [0x000001aa694c0000, 0x000001aa6a130000, 0x000001aa6c4c0000]
 total_blobs=5619 nmethods=4972 adapters=565
 compilation: enabled
              stopped_count=0, restarted_count=0
 full_count=0

Compilation events (20 events):
Event: 4.404 Thread 0x000001aa74b7ac60 5028       1       org.springframework.boot.context.properties.bind.DataObjectPropertyName::toDashedForm (147 bytes)
Event: 4.405 Thread 0x000001aa74b7ac60 nmethod 5028 0x000001aa6a129890 code [0x000001aa6a129ae0, 0x000001aa6a12a068]
Event: 4.406 Thread 0x000001aa74b7a590 5029       1       org.springframework.core.annotation.TypeMappedAnnotations::getAggregates (50 bytes)
Event: 4.406 Thread 0x000001aa74b7a590 nmethod 5029 0x000001aa6a12a490 code [0x000001aa6a12a660, 0x000001aa6a12aa98]
Event: 4.409 Thread 0x000001aa74b79ec0 5030       1       sun.nio.cs.UTF_8::updatePositions (23 bytes)
Event: 4.409 Thread 0x000001aa74b79ec0 nmethod 5030 0x000001aa6a12ab90 code [0x000001aa6a12ad60, 0x000001aa6a12aee8]
Event: 4.414 Thread 0x000001aa74b7ac60 5031       1       org.springframework.core.ResolvableType::forMethodParameter (9 bytes)
Event: 4.414 Thread 0x000001aa74b7b330 5032       1       org.springframework.core.ResolvableType::forMethodParameter (17 bytes)
Event: 4.414 Thread 0x000001aa74b7b330 nmethod 5032 0x000001aa6a12b010 code [0x000001aa6a12b1c0, 0x000001aa6a12b340]
Event: 4.414 Thread 0x000001aa74b7ac60 nmethod 5031 0x000001aa6a12b490 code [0x000001aa6a12b640, 0x000001aa6a12b7c0]
Event: 4.416 Thread 0x000001aa74b7a590 5034       1       org.springframework.core.annotation.TypeMappedAnnotations$AggregatesCollector::finish (9 bytes)
Event: 4.416 Thread 0x000001aa7a3a1340 5035       1       org.springframework.core.annotation.TypeMappedAnnotations$AggregatesCollector::finish (5 bytes)
Event: 4.416 Thread 0x000001aa74b7a590 nmethod 5034 0x000001aa6a12c010 code [0x000001aa6a12c1a0, 0x000001aa6a12c2c8]
Event: 4.416 Thread 0x000001aa7a3a1340 nmethod 5035 0x000001aa6a12c390 code [0x000001aa6a12c520, 0x000001aa6a12c5f0]
Event: 4.416 Thread 0x000001aa74741de0 5036       1       org.springframework.beans.factory.InjectionPoint::getMethodParameter (5 bytes)
Event: 4.416 Thread 0x000001aa74741de0 nmethod 5036 0x000001aa6a12c690 code [0x000001aa6a12c820, 0x000001aa6a12c8f0]
Event: 4.417 Thread 0x000001aa7a3a1340 5037       1       java.lang.invoke.LambdaForm::arity (5 bytes)
Event: 4.417 Thread 0x000001aa7a3a1340 nmethod 5037 0x000001aa6a12c990 code [0x000001aa6a12cb20, 0x000001aa6a12cbe8]
Event: 4.420 Thread 0x000001aa74741de0 5038       1       java.beans.Introspector::decapitalize (68 bytes)
Event: 4.421 Thread 0x000001aa74741de0 nmethod 5038 0x000001aa6a12cc90 code [0x000001aa6a12cee0, 0x000001aa6a12d630]

GC Heap History (20 events):
Event: 0.464 GC heap after
{Heap after GC invocations=1 (full 0):
 garbage-first heap   total 258048K, used 9733K [0x0000000704400000, 0x0000000800000000)
  region size 2048K, 2 young (4096K), 2 survivors (4096K)
 Metaspace       used 5233K, committed 5440K, reserved 1114112K
  class space    used 615K, committed 704K, reserved 1048576K
}
Event: 0.801 GC heap before
{Heap before GC invocations=1 (full 0):
 garbage-first heap   total 258048K, used 28165K [0x0000000704400000, 0x0000000800000000)
  region size 2048K, 11 young (22528K), 2 survivors (4096K)
 Metaspace       used 9905K, committed 10176K, reserved 1114112K
  class space    used 1271K, committed 1408K, reserved 1048576K
}
Event: 0.805 GC heap after
{Heap after GC invocations=2 (full 0):
 garbage-first heap   total 258048K, used 12162K [0x0000000704400000, 0x0000000800000000)
  region size 2048K, 2 young (4096K), 2 survivors (4096K)
 Metaspace       used 9905K, committed 10176K, reserved 1114112K
  class space    used 1271K, committed 1408K, reserved 1048576K
}
Event: 1.039 GC heap before
{Heap before GC invocations=2 (full 0):
 garbage-first heap   total 258048K, used 34690K [0x0000000704400000, 0x0000000800000000)
  region size 2048K, 14 young (28672K), 2 survivors (4096K)
 Metaspace       used 14610K, committed 14912K, reserved 1114112K
  class space    used 1919K, committed 2048K, reserved 1048576K
}
Event: 1.042 GC heap after
{Heap after GC invocations=3 (full 0):
 garbage-first heap   total 258048K, used 13763K [0x0000000704400000, 0x0000000800000000)
  region size 2048K, 2 young (4096K), 2 survivors (4096K)
 Metaspace       used 14610K, committed 14912K, reserved 1114112K
  class space    used 1919K, committed 2048K, reserved 1048576K
}
Event: 1.354 GC heap before
{Heap before GC invocations=4 (full 0):
 garbage-first heap   total 61440K, used 46531K [0x0000000704400000, 0x0000000800000000)
  region size 2048K, 18 young (36864K), 2 survivors (4096K)
 Metaspace       used 20496K, committed 20864K, reserved 1114112K
  class space    used 2729K, committed 2880K, reserved 1048576K
}
Event: 1.361 GC heap after
{Heap after GC invocations=5 (full 0):
 garbage-first heap   total 61440K, used 16422K [0x0000000704400000, 0x0000000800000000)
  region size 2048K, 3 young (6144K), 3 survivors (6144K)
 Metaspace       used 20496K, committed 20864K, reserved 1114112K
  class space    used 2729K, committed 2880K, reserved 1048576K
}
Event: 1.706 GC heap before
{Heap before GC invocations=5 (full 0):
 garbage-first heap   total 61440K, used 36902K [0x0000000704400000, 0x0000000800000000)
  region size 2048K, 14 young (28672K), 3 survivors (6144K)
 Metaspace       used 24439K, committed 24896K, reserved 1114112K
  class space    used 3280K, committed 3520K, reserved 1048576K
}
Event: 1.712 GC heap after
{Heap after GC invocations=6 (full 0):
 garbage-first heap   total 61440K, used 17697K [0x0000000704400000, 0x0000000800000000)
  region size 2048K, 1 young (2048K), 1 survivors (2048K)
 Metaspace       used 24439K, committed 24896K, reserved 1114112K
  class space    used 3280K, committed 3520K, reserved 1048576K
}
Event: 1.733 GC heap before
{Heap before GC invocations=6 (full 0):
 garbage-first heap   total 61440K, used 17697K [0x0000000704400000, 0x0000000800000000)
  region size 2048K, 2 young (4096K), 1 survivors (2048K)
 Metaspace       used 24805K, committed 25216K, reserved 1114112K
  class space    used 3331K, committed 3520K, reserved 1048576K
}
Event: 1.735 GC heap after
{Heap after GC invocations=7 (full 0):
 garbage-first heap   total 159744K, used 17514K [0x0000000704400000, 0x0000000800000000)
  region size 2048K, 1 young (2048K), 1 survivors (2048K)
 Metaspace       used 24805K, committed 25216K, reserved 1114112K
  class space    used 3331K, committed 3520K, reserved 1048576K
}
Event: 2.807 GC heap before
{Heap before GC invocations=8 (full 0):
 garbage-first heap   total 69632K, used 56426K [0x0000000704400000, 0x0000000800000000)
  region size 2048K, 20 young (40960K), 1 survivors (2048K)
 Metaspace       used 33832K, committed 34240K, reserved 1114112K
  class space    used 4448K, committed 4608K, reserved 1048576K
}
Event: 2.813 GC heap after
{Heap after GC invocations=9 (full 0):
 garbage-first heap   total 69632K, used 19816K [0x0000000704400000, 0x0000000800000000)
  region size 2048K, 2 young (4096K), 2 survivors (4096K)
 Metaspace       used 33832K, committed 34240K, reserved 1114112K
  class space    used 4448K, committed 4608K, reserved 1048576K
}
Event: 3.180 GC heap before
{Heap before GC invocations=9 (full 0):
 garbage-first heap   total 69632K, used 54632K [0x0000000704400000, 0x0000000800000000)
  region size 2048K, 19 young (38912K), 2 survivors (4096K)
 Metaspace       used 36474K, committed 36928K, reserved 1114112K
  class space    used 4785K, committed 4992K, reserved 1048576K
}
Event: 3.190 GC heap after
{Heap after GC invocations=10 (full 0):
 garbage-first heap   total 69632K, used 22913K [0x0000000704400000, 0x0000000800000000)
  region size 2048K, 3 young (6144K), 3 survivors (6144K)
 Metaspace       used 36474K, committed 36928K, reserved 1114112K
  class space    used 4785K, committed 4992K, reserved 1048576K
}
Event: 3.720 GC heap before
{Heap before GC invocations=10 (full 0):
 garbage-first heap   total 69632K, used 55681K [0x0000000704400000, 0x0000000800000000)
  region size 2048K, 19 young (38912K), 3 survivors (6144K)
 Metaspace       used 40553K, committed 41024K, reserved 1114112K
  class space    used 5340K, committed 5568K, reserved 1048576K
}
Event: 3.730 GC heap after
{Heap after GC invocations=11 (full 0):
 garbage-first heap   total 69632K, used 24753K [0x0000000704400000, 0x0000000800000000)
  region size 2048K, 3 young (6144K), 3 survivors (6144K)
 Metaspace       used 40553K, committed 41024K, reserved 1114112K
  class space    used 5340K, committed 5568K, reserved 1048576K
}
Event: 3.871 GC heap before
{Heap before GC invocations=11 (full 0):
 garbage-first heap   total 69632K, used 32945K [0x0000000704400000, 0x0000000800000000)
  region size 2048K, 8 young (16384K), 3 survivors (6144K)
 Metaspace       used 41758K, committed 42240K, reserved 1114112K
  class space    used 5519K, committed 5760K, reserved 1048576K
}
Event: 3.881 GC heap after
{Heap after GC invocations=12 (full 0):
 garbage-first heap   total 69632K, used 25808K [0x0000000704400000, 0x0000000800000000)
  region size 2048K, 2 young (4096K), 2 survivors (4096K)
 Metaspace       used 41758K, committed 42240K, reserved 1114112K
  class space    used 5519K, committed 5760K, reserved 1048576K
}
Event: 4.423 GC heap before
{Heap before GC invocations=13 (full 0):
 garbage-first heap   total 69632K, used 58576K [0x0000000704400000, 0x0000000800000000)
  region size 2048K, 18 young (36864K), 2 survivors (4096K)
 Metaspace       used 45966K, committed 46528K, reserved 1114112K
  class space    used 6342K, committed 6592K, reserved 1048576K
}

Dll operation events (13 events):
Event: 0.011 Loaded shared library E:\JDK\JDK21\bin\java.dll
Event: 0.124 Loaded shared library E:\JDK\JDK21\bin\zip.dll
Event: 0.129 Loaded shared library E:\JDK\JDK21\bin\instrument.dll
Event: 0.132 Loaded shared library E:\JDK\JDK21\bin\net.dll
Event: 0.134 Loaded shared library E:\JDK\JDK21\bin\nio.dll
Event: 0.136 Loaded shared library E:\JDK\JDK21\bin\zip.dll
Event: 0.219 Loaded shared library D:\IntelliJ IDEA 2024.1.2\bin\breakgen64.dll
Event: 0.223 Loaded shared library E:\JDK\JDK21\bin\jimage.dll
Event: 0.225 Loaded shared library E:\JDK\JDK21\bin\extnet.dll
Event: 0.238 Loaded shared library E:\JDK\JDK21\bin\management.dll
Event: 0.248 Loaded shared library E:\JDK\JDK21\bin\management_ext.dll
Event: 1.236 Loaded shared library E:\JDK\JDK21\bin\sunmscapi.dll
Event: 4.244 Loaded shared library E:\JDK\JDK21\bin\verify.dll

Deoptimization events (10 events):
Event: 0.989 Thread 0x000001aa5ed86960 DEOPT PACKING pc=0x000001aa69701d6c sp=0x00000060ce2fe790
Event: 0.989 Thread 0x000001aa5ed86960 DEOPT UNPACKING pc=0x000001aa695188e2 sp=0x00000060ce2fdbc8 mode 3
Event: 1.053 Thread 0x000001aa5ed86960 DEOPT PACKING pc=0x000001aa69701a0b sp=0x00000060ce2fe730
Event: 1.053 Thread 0x000001aa5ed86960 DEOPT UNPACKING pc=0x000001aa695188e2 sp=0x00000060ce2fdbc0 mode 3
Event: 1.286 Thread 0x000001aa5ed86960 DEOPT PACKING pc=0x000001aa69d273ec sp=0x00000060ce2faf50
Event: 1.286 Thread 0x000001aa5ed86960 DEOPT UNPACKING pc=0x000001aa695188e2 sp=0x00000060ce2fa388 mode 3
Event: 1.467 Thread 0x000001aa5ed86960 DEOPT PACKING pc=0x000001aa69dd106c sp=0x00000060ce2ff070
Event: 1.467 Thread 0x000001aa5ed86960 DEOPT UNPACKING pc=0x000001aa695188e2 sp=0x00000060ce2fe4a8 mode 3
Event: 2.821 Thread 0x000001aa5ed86960 DEOPT PACKING pc=0x000001aa69e408ec sp=0x00000060ce2ff060
Event: 2.821 Thread 0x000001aa5ed86960 DEOPT UNPACKING pc=0x000001aa695188e2 sp=0x00000060ce2fe498 mode 3

Classes loaded (20 events):
Event: 3.991 Loading class java/util/concurrent/Flow$Publisher
Event: 3.991 Loading class java/util/concurrent/Flow$Publisher done
Event: 4.289 Loading class sun/reflect/generics/reflectiveObjects/GenericArrayTypeImpl
Event: 4.289 Loading class sun/reflect/generics/reflectiveObjects/GenericArrayTypeImpl done
Event: 4.326 Loading class java/nio/file/InvalidPathException
Event: 4.326 Loading class java/nio/file/InvalidPathException done
Event: 4.327 Loading class java/lang/UnsatisfiedLinkError
Event: 4.327 Loading class java/lang/UnsatisfiedLinkError done
Event: 4.332 Loading class java/lang/ThreadDeath
Event: 4.332 Loading class java/lang/ThreadDeath done
Event: 4.378 Loading class java/util/function/ObjIntConsumer
Event: 4.378 Loading class java/util/function/ObjIntConsumer done
Event: 4.380 Loading class jdk/internal/classfile/ClassBuilder
Event: 4.380 Loading class jdk/internal/classfile/ClassfileBuilder
Event: 4.381 Loading class jdk/internal/classfile/ClassfileBuilder done
Event: 4.381 Loading class jdk/internal/classfile/ClassBuilder done
Event: 4.381 Loading class jdk/internal/classfile/ClassElement
Event: 4.381 Loading class jdk/internal/classfile/ClassfileElement
Event: 4.381 Loading class jdk/internal/classfile/ClassfileElement done
Event: 4.381 Loading class jdk/internal/classfile/ClassElement done

Classes unloaded (0 events):
No events

Classes redefined (0 events):
No events

Internal exceptions (20 events):
Event: 3.766 Thread 0x000001aa5ed86960 Exception <a 'java/lang/NoSuchMethodError'{0x0000000713c2bbb8}: 'void java.lang.invoke.Invokers$Holder.invokeExact_MT(java.lang.Object, java.lang.Object, java.lang.Object)'> (0x0000000713c2bbb8) 
thrown [s\open\src\hotspot\share\interpreter\linkResolver.cpp, line 773]
Event: 3.801 Thread 0x000001aa5ed86960 Exception <a 'java/lang/NoClassDefFoundError'{0x0000000708226000}: org/flywaydb/core/Flyway> (0x0000000708226000) 
thrown [s\open\src\hotspot\share\classfile\systemDictionary.cpp, line 301]
Event: 3.801 Thread 0x000001aa5ed86960 Exception <a 'java/lang/NoClassDefFoundError'{0x0000000708229780}: liquibase/integration/spring/SpringLiquibase> (0x0000000708229780) 
thrown [s\open\src\hotspot\share\classfile\systemDictionary.cpp, line 301]
Event: 3.825 Thread 0x000001aa5ed86960 Exception <a 'java/lang/NoClassDefFoundError'{0x000000070809add0}: org/jooq/DSLContext> (0x000000070809add0) 
thrown [s\open\src\hotspot\share\classfile\systemDictionary.cpp, line 301]
Event: 3.825 Thread 0x000001aa5ed86960 Exception <a 'java/lang/NoClassDefFoundError'{0x00000007080a0740}: jakarta/persistence/EntityManagerFactory> (0x00000007080a0740) 
thrown [s\open\src\hotspot\share\classfile\systemDictionary.cpp, line 301]
Event: 3.826 Thread 0x000001aa5ed86960 Exception <a 'java/lang/NoClassDefFoundError'{0x00000007080a4368}: org/springframework/batch/core/repository/JobRepository> (0x00000007080a4368) 
thrown [s\open\src\hotspot\share\classfile\systemDictionary.cpp, line 301]
Event: 3.826 Thread 0x000001aa5ed86960 Exception <a 'java/lang/NoClassDefFoundError'{0x00000007080a75b8}: org/quartz/Scheduler> (0x00000007080a75b8) 
thrown [s\open\src\hotspot\share\classfile\systemDictionary.cpp, line 301]
Event: 3.826 Thread 0x000001aa5ed86960 Exception <a 'java/lang/NoClassDefFoundError'{0x00000007080ab268}: org/springframework/session/jdbc/JdbcIndexedSessionRepository> (0x00000007080ab268) 
thrown [s\open\src\hotspot\share\classfile\systemDictionary.cpp, line 301]
Event: 3.988 Thread 0x000001aa5ed86960 Exception <a 'java/lang/NoSuchMethodError'{0x000000070837b368}: 'int java.lang.invoke.DirectMethodHandle$Holder.invokeStatic(java.lang.Object)'> (0x000000070837b368) 
thrown [s\open\src\hotspot\share\interpreter\linkResolver.cpp, line 773]
Event: 3.988 Thread 0x000001aa5ed86960 Exception <a 'java/lang/NoSuchMethodError'{0x000000070837ea20}: 'int java.lang.invoke.DirectMethodHandle$Holder.invokeStaticInit(java.lang.Object)'> (0x000000070837ea20) 
thrown [s\open\src\hotspot\share\interpreter\linkResolver.cpp, line 773]
Event: 4.265 Thread 0x000001aa5ed86960 Exception <a 'java/lang/NoSuchMethodError'{0x0000000706f17400}: 'java.lang.Object java.lang.invoke.DirectMethodHandle$Holder.invokeSpecialIFC(java.lang.Object, java.lang.Object, java.lang.Object)'> (0x0000000706f17400) 
thrown [s\open\src\hotspot\share\interpreter\linkResolver.cpp, line 773]
Event: 4.310 Thread 0x000001aa5ed86960 Exception <a 'java/lang/NoSuchMethodError'{0x0000000706a09030}: 'java.lang.Object java.lang.invoke.DirectMethodHandle$Holder.invokeVirtual(java.lang.Object, java.lang.Object, java.lang.Object, java.lang.Object, java.lang.Object, java.lang.Object)'> (0x0000000706a09030) 
thrown [s\open\src\hotspot\share\interpreter\linkResolver.cpp, line 773]
Event: 4.317 Thread 0x000001aa5ed86960 Exception <a 'java/lang/NoSuchMethodError'{0x0000000706a60bf0}: 'java.lang.Object java.lang.invoke.DirectMethodHandle$Holder.invokeVirtual(java.lang.Object, java.lang.Object, java.lang.Object, java.lang.Object, java.lang.Object)'> (0x0000000706a60bf0) 
thrown [s\open\src\hotspot\share\interpreter\linkResolver.cpp, line 773]
Event: 4.384 Thread 0x000001aa5ed86960 Exception <a 'java/lang/NoSuchMethodError'{0x0000000706659b28}: 'void java.lang.invoke.DirectMethodHandle$Holder.invokeInterface(java.lang.Object, java.lang.Object, int)'> (0x0000000706659b28) 
thrown [s\open\src\hotspot\share\interpreter\linkResolver.cpp, line 773]
Event: 4.386 Thread 0x000001aa5ed86960 Exception <a 'java/lang/IncompatibleClassChangeError'{0x000000070669bf50}: Found class java.lang.Object, but interface was expected> (0x000000070669bf50) 
thrown [s\open\src\hotspot\share\interpreter\linkResolver.cpp, line 840]
Event: 4.387 Thread 0x000001aa5ed86960 Exception <a 'java/lang/NoSuchMethodError'{0x00000007066b0d18}: 'void java.lang.invoke.DirectMethodHandle$Holder.invokeStatic(java.lang.Object, int, java.lang.Object)'> (0x00000007066b0d18) 
thrown [s\open\src\hotspot\share\interpreter\linkResolver.cpp, line 773]
Event: 4.390 Thread 0x000001aa5ed86960 Exception <a 'java/lang/NoSuchMethodError'{0x00000007066f5868}: 'void java.lang.invoke.DirectMethodHandle$Holder.invokeStatic(java.lang.Object, java.lang.Object, java.lang.Object, int, java.lang.Object)'> (0x00000007066f5868) 
thrown [s\open\src\hotspot\share\interpreter\linkResolver.cpp, line 773]
Event: 4.390 Thread 0x000001aa5ed86960 Exception <a 'java/lang/NoSuchMethodError'{0x00000007066fc0a8}: 'java.lang.Object java.lang.invoke.DirectMethodHandle$Holder.newInvokeSpecial(java.lang.Object, java.lang.Object, java.lang.Object, int)'> (0x00000007066fc0a8) 
thrown [s\open\src\hotspot\share\interpreter\linkResolver.cpp, line 773]
Event: 4.390 Thread 0x000001aa5ed86960 Exception <a 'java/lang/NoSuchMethodError'{0x00000007066fff28}: 'java.lang.Object java.lang.invoke.DirectMethodHandle$Holder.invokeSpecial(java.lang.Object, java.lang.Object, java.lang.Object, java.lang.Object, int)'> (0x00000007066fff28) 
thrown [s\open\src\hotspot\share\interpreter\linkResolver.cpp, line 773]
Event: 4.390 Thread 0x000001aa5ed86960 Exception <a 'java/lang/NoSuchMethodError'{0x00000007067033b0}: 'java.lang.Object java.lang.invoke.Invokers$Holder.linkToTargetMethod(java.lang.Object, java.lang.Object, int, java.lang.Object)'> (0x00000007067033b0) 
thrown [s\open\src\hotspot\share\interpreter\linkResolver.cpp, line 773]

ZGC Phase Switch (0 events):
No events

VM Operations (20 events):
Event: 3.190 Executing VM operation: G1CollectForAllocation (G1 Evacuation Pause) done
Event: 3.500 Executing VM operation: HandshakeAllThreads (Deoptimize)
Event: 3.500 Executing VM operation: HandshakeAllThreads (Deoptimize) done
Event: 3.501 Executing VM operation: HandshakeAllThreads (Deoptimize)
Event: 3.501 Executing VM operation: HandshakeAllThreads (Deoptimize) done
Event: 3.720 Executing VM operation: G1CollectForAllocation (G1 Evacuation Pause)
Event: 3.730 Executing VM operation: G1CollectForAllocation (G1 Evacuation Pause) done
Event: 3.743 Executing VM operation: HandshakeAllThreads (Deoptimize)
Event: 3.743 Executing VM operation: HandshakeAllThreads (Deoptimize) done
Event: 3.745 Executing VM operation: HandshakeAllThreads (Deoptimize)
Event: 3.745 Executing VM operation: HandshakeAllThreads (Deoptimize) done
Event: 3.871 Executing VM operation: CollectForMetadataAllocation (Metadata GC Threshold)
Event: 3.881 Executing VM operation: CollectForMetadataAllocation (Metadata GC Threshold) done
Event: 3.893 Executing VM operation: G1PauseRemark
Event: 3.898 Executing VM operation: G1PauseRemark done
Event: 3.901 Executing VM operation: G1PauseCleanup
Event: 3.901 Executing VM operation: G1PauseCleanup done
Event: 3.989 Executing VM operation: HandshakeAllThreads (Deoptimize)
Event: 3.990 Executing VM operation: HandshakeAllThreads (Deoptimize) done
Event: 4.423 Executing VM operation: G1CollectForAllocation (G1 Evacuation Pause)

Events (20 events):
Event: 3.897 Thread 0x000001aa747131a0 flushing nmethod 0x000001aa69af3590
Event: 3.897 Thread 0x000001aa747131a0 flushing nmethod 0x000001aa69a51d10
Event: 3.897 Thread 0x000001aa747131a0 flushing nmethod 0x000001aa69a17490
Event: 3.897 Thread 0x000001aa747131a0 flushing nmethod 0x000001aa699ea810
Event: 3.897 Thread 0x000001aa747131a0 flushing nmethod 0x000001aa6996a290
Event: 3.897 Thread 0x000001aa747131a0 flushing nmethod 0x000001aa698f4810
Event: 3.897 Thread 0x000001aa747131a0 flushing nmethod 0x000001aa698f4410
Event: 3.897 Thread 0x000001aa747131a0 flushing nmethod 0x000001aa698e9110
Event: 3.897 Thread 0x000001aa747131a0 flushing nmethod 0x000001aa698e8790
Event: 3.897 Thread 0x000001aa747131a0 flushing nmethod 0x000001aa698da290
Event: 3.897 Thread 0x000001aa747131a0 flushing nmethod 0x000001aa698d9a10
Event: 3.897 Thread 0x000001aa747131a0 flushing nmethod 0x000001aa698d4710
Event: 3.897 Thread 0x000001aa747131a0 flushing nmethod 0x000001aa69898a10
Event: 3.897 Thread 0x000001aa747131a0 flushing nmethod 0x000001aa6970cd10
Event: 3.897 Thread 0x000001aa747131a0 flushing nmethod 0x000001aa6970ad90
Event: 3.897 Thread 0x000001aa747131a0 flushing nmethod 0x000001aa69702f10
Event: 3.897 Thread 0x000001aa747131a0 flushing nmethod 0x000001aa69701810
Event: 3.897 Thread 0x000001aa747131a0 flushing nmethod 0x000001aa696edd10
Event: 4.107 Thread 0x000001aa7acf2bf0 Thread added: 0x000001aa7acf2bf0
Event: 4.112 Thread 0x000001aa7acf2bf0 Thread exited: 0x000001aa7acf2bf0


Dynamic libraries:
0x00007ff77bcf0000 - 0x00007ff77bd00000 	E:\JDK\JDK21\bin\java.exe
0x00007ff8f0f90000 - 0x00007ff8f11a7000 	C:\WINDOWS\SYSTEM32\ntdll.dll
0x00007ff8eedf0000 - 0x00007ff8eeeb4000 	C:\WINDOWS\System32\KERNEL32.DLL
0x00007ff8ee4f0000 - 0x00007ff8ee89d000 	C:\WINDOWS\System32\KERNELBASE.dll
0x00007ff8ee8a0000 - 0x00007ff8ee9b1000 	C:\WINDOWS\System32\ucrtbase.dll
0x00007ff8d9840000 - 0x00007ff8d985b000 	E:\JDK\JDK21\bin\VCRUNTIME140.dll
0x00007ff8de850000 - 0x00007ff8de869000 	E:\JDK\JDK21\bin\jli.dll
0x00007ff8ef990000 - 0x00007ff8efa42000 	C:\WINDOWS\System32\ADVAPI32.dll
0x00007ff8f0ea0000 - 0x00007ff8f0f47000 	C:\WINDOWS\System32\msvcrt.dll
0x00007ff8ef070000 - 0x00007ff8ef119000 	C:\WINDOWS\System32\sechost.dll
0x00007ff8ee9c0000 - 0x00007ff8ee9e8000 	C:\WINDOWS\System32\bcrypt.dll
0x00007ff8ef770000 - 0x00007ff8ef884000 	C:\WINDOWS\System32\RPCRT4.dll
0x00007ff8eeec0000 - 0x00007ff8ef06e000 	C:\WINDOWS\System32\USER32.dll
0x00007ff8ee4c0000 - 0x00007ff8ee4e6000 	C:\WINDOWS\System32\win32u.dll
0x00007ff8f0b70000 - 0x00007ff8f0b99000 	C:\WINDOWS\System32\GDI32.dll
0x00007ff8d9ab0000 - 0x00007ff8d9d43000 	C:\WINDOWS\WinSxS\amd64_microsoft.windows.common-controls_6595b64144ccf1df_6.0.22621.3672_none_2713b9d173822955\COMCTL32.dll
0x00007ff8ee9f0000 - 0x00007ff8eeb09000 	C:\WINDOWS\System32\gdi32full.dll
0x00007ff8ee420000 - 0x00007ff8ee4ba000 	C:\WINDOWS\System32\msvcp_win.dll
0x00007ff8e3d60000 - 0x00007ff8e3d6a000 	C:\WINDOWS\SYSTEM32\VERSION.dll
0x00007ff8f0d50000 - 0x00007ff8f0d81000 	C:\WINDOWS\System32\IMM32.DLL
0x00007ff8e65f0000 - 0x00007ff8e65fc000 	E:\JDK\JDK21\bin\vcruntime140_1.dll
0x00007ff8bf5c0000 - 0x00007ff8bf64e000 	E:\JDK\JDK21\bin\msvcp140.dll
0x00007ff82d540000 - 0x00007ff82e24d000 	E:\JDK\JDK21\bin\server\jvm.dll
0x00007ff8eed20000 - 0x00007ff8eed91000 	C:\WINDOWS\System32\WS2_32.dll
0x00007ff8ed160000 - 0x00007ff8ed1ad000 	C:\WINDOWS\SYSTEM32\POWRPROF.dll
0x00007ff8e6420000 - 0x00007ff8e6454000 	C:\WINDOWS\SYSTEM32\WINMM.dll
0x00007ff8ed140000 - 0x00007ff8ed153000 	C:\WINDOWS\SYSTEM32\UMPDC.dll
0x00007ff8ed3f0000 - 0x00007ff8ed408000 	C:\WINDOWS\SYSTEM32\kernel.appcore.dll
0x00007ff8de7a0000 - 0x00007ff8de7aa000 	E:\JDK\JDK21\bin\jimage.dll
0x00007ff8eb400000 - 0x00007ff8eb632000 	C:\WINDOWS\SYSTEM32\DBGHELP.DLL
0x00007ff8efd20000 - 0x00007ff8f00ae000 	C:\WINDOWS\System32\combase.dll
0x00007ff8efc40000 - 0x00007ff8efd17000 	C:\WINDOWS\System32\OLEAUT32.dll
0x00007ff8e34f0000 - 0x00007ff8e3522000 	C:\WINDOWS\SYSTEM32\dbgcore.DLL
0x00007ff8eebd0000 - 0x00007ff8eec4b000 	C:\WINDOWS\System32\bcryptPrimitives.dll
0x00007ff8d9230000 - 0x00007ff8d923f000 	E:\JDK\JDK21\bin\instrument.dll
0x00007ff8d9010000 - 0x00007ff8d902f000 	E:\JDK\JDK21\bin\java.dll
0x00007ff8f00b0000 - 0x00007ff8f0917000 	C:\WINDOWS\System32\SHELL32.dll
0x00007ff8ec200000 - 0x00007ff8ecaff000 	C:\WINDOWS\SYSTEM32\windows.storage.dll
0x00007ff8ec0c0000 - 0x00007ff8ec1ff000 	C:\WINDOWS\SYSTEM32\wintypes.dll
0x00007ff8ef890000 - 0x00007ff8ef989000 	C:\WINDOWS\System32\SHCORE.dll
0x00007ff8f0920000 - 0x00007ff8f097e000 	C:\WINDOWS\System32\shlwapi.dll
0x00007ff8ee1e0000 - 0x00007ff8ee207000 	C:\WINDOWS\SYSTEM32\profapi.dll
0x00007ff8ced60000 - 0x00007ff8ced78000 	E:\JDK\JDK21\bin\zip.dll
0x00007ff8d9710000 - 0x00007ff8d9720000 	E:\JDK\JDK21\bin\net.dll
0x00007ff8e76a0000 - 0x00007ff8e77d6000 	C:\WINDOWS\SYSTEM32\WINHTTP.dll
0x00007ff8ed860000 - 0x00007ff8ed8c9000 	C:\WINDOWS\system32\mswsock.dll
0x00007ff8d7780000 - 0x00007ff8d7796000 	E:\JDK\JDK21\bin\nio.dll
0x00007ff8cb190000 - 0x00007ff8cb1aa000 	D:\IntelliJ IDEA 2024.1.2\bin\breakgen64.dll
0x00007ff8d7770000 - 0x00007ff8d7779000 	E:\JDK\JDK21\bin\extnet.dll
0x00007ff8ece40000 - 0x00007ff8ecf38000 	C:\WINDOWS\SYSTEM32\DNSAPI.dll
0x00007ff8ecdd0000 - 0x00007ff8ecdfd000 	C:\WINDOWS\SYSTEM32\IPHLPAPI.DLL
0x00007ff8efb10000 - 0x00007ff8efb19000 	C:\WINDOWS\System32\NSI.dll
0x00007ff8e6390000 - 0x00007ff8e639a000 	C:\Windows\System32\rasadhlp.dll
0x00007ff8e66a0000 - 0x00007ff8e6723000 	C:\WINDOWS\System32\fwpuclnt.dll
0x00007ff8d9660000 - 0x00007ff8d966a000 	E:\JDK\JDK21\bin\management.dll
0x00007ff8d95d0000 - 0x00007ff8d95db000 	E:\JDK\JDK21\bin\management_ext.dll
0x00007ff8f0e90000 - 0x00007ff8f0e98000 	C:\WINDOWS\System32\PSAPI.DLL
0x00007ff8edac0000 - 0x00007ff8edadb000 	C:\WINDOWS\SYSTEM32\CRYPTSP.dll
0x00007ff8ed350000 - 0x00007ff8ed385000 	C:\WINDOWS\system32\rsaenh.dll
0x00007ff8ed950000 - 0x00007ff8ed978000 	C:\WINDOWS\SYSTEM32\USERENV.dll
0x00007ff8edab0000 - 0x00007ff8edabc000 	C:\WINDOWS\SYSTEM32\CRYPTBASE.dll
0x00007ff8d1220000 - 0x00007ff8d1237000 	C:\WINDOWS\system32\napinsp.dll
0x00007ff8ce810000 - 0x00007ff8ce82b000 	C:\WINDOWS\system32\pnrpnsp.dll
0x00007ff8ce7f0000 - 0x00007ff8ce801000 	C:\WINDOWS\System32\winrnr.dll
0x00007ff8ce7d0000 - 0x00007ff8ce7e5000 	C:\WINDOWS\system32\wshbth.dll
0x00007ff8ce7a0000 - 0x00007ff8ce7c7000 	C:\WINDOWS\system32\nlansp_c.dll
0x00007ff8d9000000 - 0x00007ff8d900e000 	E:\JDK\JDK21\bin\sunmscapi.dll
0x00007ff8ee2b0000 - 0x00007ff8ee416000 	C:\WINDOWS\System32\CRYPT32.dll
0x00007ff8edc50000 - 0x00007ff8edc7e000 	C:\WINDOWS\SYSTEM32\ncrypt.dll
0x00007ff8edc10000 - 0x00007ff8edc47000 	C:\WINDOWS\SYSTEM32\NTASN1.dll
0x00007ff8e4220000 - 0x00007ff8e4228000 	C:\WINDOWS\system32\wshunix.dll
0x00007ff8d0e40000 - 0x00007ff8d0e50000 	E:\JDK\JDK21\bin\verify.dll

dbghelp: loaded successfully - version: 4.0.5 - missing functions: none
symbol engine: initialized successfully - sym options: 0x614 - pdb path: .;E:\JDK\JDK21\bin;C:\WINDOWS\SYSTEM32;C:\WINDOWS\WinSxS\amd64_microsoft.windows.common-controls_6595b64144ccf1df_6.0.22621.3672_none_2713b9d173822955;E:\JDK\JDK21\bin\server;D:\IntelliJ IDEA 2024.1.2\bin

VM Arguments:
jvm_args: -XX:TieredStopAtLevel=1 -Dspring.output.ansi.enabled=always -Dcom.sun.management.jmxremote -Dspring.jmx.enabled=true -Dspring.liveBeansView.mbeanDomain -Dspring.application.admin.enabled=true -Dmanagement.endpoints.jmx.exposure.include=* -javaagent:D:\IntelliJ IDEA 2024.1.2\lib\idea_rt.jar=54188:D:\IntelliJ IDEA 2024.1.2\bin -Dfile.encoding=UTF-8 -Dsun.stdout.encoding=UTF-8 -Dsun.stderr.encoding=UTF-8 
java_command: cn.finetool.order.OrderApplication --server.port=8091
java_class_path (initial): C:\Users\86173\Desktop\-\mass-service-auth\mass-order\target\classes;D:\Maven\apache-maven-3.9.7\repository\org\springframework\boot\spring-boot-starter\3.2.4\spring-boot-starter-3.2.4.jar;D:\Maven\apache-maven-3.9.7\repository\org\springframework\boot\spring-boot\3.2.4\spring-boot-3.2.4.jar;D:\Maven\apache-maven-3.9.7\repository\org\springframework\spring-context\6.1.5\spring-context-6.1.5.jar;D:\Maven\apache-maven-3.9.7\repository\org\springframework\boot\spring-boot-autoconfigure\3.2.4\spring-boot-autoconfigure-3.2.4.jar;D:\Maven\apache-maven-3.9.7\repository\org\springframework\boot\spring-boot-starter-logging\3.2.4\spring-boot-starter-logging-3.2.4.jar;D:\Maven\apache-maven-3.9.7\repository\ch\qos\logback\logback-classic\1.4.14\logback-classic-1.4.14.jar;D:\Maven\apache-maven-3.9.7\repository\ch\qos\logback\logback-core\1.4.14\logback-core-1.4.14.jar;D:\Maven\apache-maven-3.9.7\repository\org\apache\logging\log4j\log4j-to-slf4j\2.21.1\log4j-to-slf4j-2.21.1.jar;D:\Maven\apache-maven-3.9.7\repository\org\apache\logging\log4j\log4j-api\2.21.1\log4j-api-2.21.1.jar;D:\Maven\apache-maven-3.9.7\repository\org\slf4j\jul-to-slf4j\2.0.12\jul-to-slf4j-2.0.12.jar;D:\Maven\apache-maven-3.9.7\repository\jakarta\annotation\jakarta.annotation-api\2.1.1\jakarta.annotation-api-2.1.1.jar;D:\Maven\apache-maven-3.9.7\repository\org\springframework\spring-core\6.1.5\spring-core-6.1.5.jar;D:\Maven\apache-maven-3.9.7\repository\org\springframework\spring-jcl\6.1.5\spring-jcl-6.1.5.jar;D:\Maven\apache-maven-3.9.7\repository\org\yaml\snakeyaml\2.2\snakeyaml-2.2.jar;D:\Maven\apache-maven-3.9.7\repository\org\springframework\boot\spring-boot-starter-web\3.2.4\spring-boot-starter-web-3.2.4.jar;D:\Maven\apache-maven-3.9.7\repository\org\springframework\boot\spring-boot-starter-json\3.2.4\spring-boot-starter-json-3.2.4.jar;D:\Maven\apache-maven-3.9.7\repository\com\fasterxml\jackson\datatype\jackson-datatype-jdk8\2.15.4\jackson-datatype-jdk8-2.15.4.jar;D:\Maven\apache-maven-3.9.7\repository\com\fasterxml\jackson\module\jackson-module-parameter-names\2.15.4\jackson-module-parameter-names-2.15.4.jar;D:\Maven\apache-maven-3.9.7\repository\org\springframework\boot\spring-boot-starter-tomcat\3.2.4\spring-boot-starter-tomcat-3.2.4.jar;D:\Maven\apache-maven-3.9.7\repository\org\apache\tomcat\embed\tomcat-embed-core\10.1.19\tomcat-embed-core-10.1.19.jar;D:\Maven\apache-maven-3.9.7\repository\org\apache\tomcat\embed\tomcat-embed-el\10.1.19\tomcat-embed-el-10.1.19.jar;D:\Maven\apache-maven-3.9.7\repository\org\apache\tomcat\embed\tomcat-embed-websocket\10.1.19\tomcat-embed-websocket-10.1.19.jar;D:\Maven\apache-maven-3.9.7\repository\org\springframework\spring-web\6.1.5\spring-web-6.1.5.jar;D:\Maven\apache-maven-3.9.7\repository\org\springframework\spring-beans\6.1.5\spring-beans-6.1.5.jar;D:\Maven\apache-maven-3.9.7\repository\io\micrometer\micrometer-observation\1.12.4\micrometer-observation-1.12.4.jar;D:\Maven\apache-maven-3.9.7\repository\io\micrometer\micrometer-commons\1.12.4\micrometer-commons-1.12.4.jar;D:\Maven\apache-maven-3.9.7\repository\org\springframework\spring-webmvc\6.1.5\spring-webmvc-6.1.5.jar;D:\Maven\apache-maven-3.9.7\repository\org\springframework\spring-aop\6.1.5\spring-aop-6.1.5.jar;D:\Maven\apache-maven-3.9.7\repository\org\springframework\spring-expression\6.1.5\spring-expression-6.1.5.jar;D:\Maven\apache-maven-3.9.7\repository\org\springframework\boot\spring-boot-starter-data-redis\3.2.4\spring-boot-starter-data-redis-3.2.4.jar;D:\Maven\apache-maven-3.9.7\repository\io\lettuce\lettuce-core\6.3.2.RELEASE\lettuce-core-6.3.2.RELEASE.jar;D:\Maven\apache-maven-3.9.7\repository\org\springframework\data\spring-data-redis\3.2.4\spring-data-redis-3.2.4.jar;D:\Maven\apache-maven-3.9.7\repository\org\springframework\data\spring-data-keyvalue\3.2.4\spring-data-keyvalue-3.2.4.jar;D:\Maven\apache-maven-3.9.7\repository\org\springframework\data\spring-data-commons\3.2.4\spring-data-commons-3.2.4.jar;D:\Maven\apache-maven-3.9.7\repository\org\springframework\spring-tx\6.1.5\spring-tx-6.1.5.jar;D:\Maven\apache-maven-3.9.7\repository\org\springframework\spring-oxm\6.1.5\spring-oxm-6.1.5.jar;D:\Maven\apache-maven-3.9.7\repository\org\springframework\spring-context-support\6.1.5\spring-context-support-6.1.5.jar;D:\Maven\apache-maven-3.9.7\repository\org\springframework\cloud\spring-cloud-starter-openfeign\4.1.0\spring-cloud-starter-openfeign-4.1.0.jar;D:\Maven\apache-maven-3.9.7\repository\org\springframework\cloud\spring-cloud-starter\4.1.0\spring-cloud-starter-4.1.0.jar;D:\Maven\apache-maven-3.9.7\repository\org\springframework\security\spring-security-rsa\1.1.1\spring-security-rsa-1.1.1.jar;D:\Maven\apache-maven-3.9.7\repository\org\bouncycastle\bcprov-jdk18on\1.74\bcprov-jdk18on-1.74.jar;D:\Maven\apache-maven-3.9.7\repository\org\springframework\cloud\spring-cloud-openfeign-core\4.1.0\spring-cloud-openfeign-core-4.1.0.jar;D:\Maven\apache-maven-3.9.7\repository\org\springframework\boot\spring-boot-starter-aop\3.2.4\spring-boot-starter-aop-3.2.4.jar;D:\Maven\apache-maven-3.9.7\repository\org\aspectj\aspectjweaver\1.9.21\aspectjweaver-1.9.21.jar;D:\Maven\apache-maven-3.9.7\repository\io\github\openfeign\form\feign-form-spring\3.8.0\feign-form-spring-3.8.0.jar;D:\Maven\apache-maven-3.9.7\repository\io\github\openfeign\form\feign-form\3.8.0\feign-form-3.8.0.jar;D:\Maven\apache-maven-3.9.7\repository\commons-fileupload\commons-fileupload\1.5\commons-fileupload-1.5.jar;D:\Maven\apache-maven-3.9.7\repository\org\springframework\cloud\spring-cloud-commons\4.1.0\spring-cloud-commons-4.1.0.jar;D:\Maven\apache-maven-3.9.7\repository\org\springframework\security\spring-security-crypto\6.2.3\spring-security-crypto-6.2.3.jar;D:\Maven\apache-maven-3.9.7\repository\io\github\openfeign\feign-core\13.1\feign-core-13.1.jar;D:\Maven\apache-maven-3.9.7\repository\io\github\openfeign\feign-slf4j\13.1\feign-slf4j-13.1.jar;D:\Maven\apache-maven-3.9.7\repository\com\alibaba\cloud\spring-cloud-starter-alibaba-nacos-discovery\2022.0.0.0\spring-cloud-starter-alibaba-nacos-discovery-2022.0.0.0.jar;D:\Maven\apache-maven-3.9.7\repository\com\alibaba\cloud\spring-cloud-alibaba-commons\2022.0.0.0\spring-cloud-alibaba-commons-2022.0.0.0.jar;D:\Maven\apache-maven-3.9.7\repository\com\alibaba\spring\spring-context-support\1.0.11\spring-context-support-1.0.11.jar;D:\Maven\apache-maven-3.9.7\repository\org\springframework\cloud\spring-cloud-context\4.1.0\spring-cloud-context-4.1.0.jar;D:\Maven\apache-maven-3.9.7\repository\com\alibaba\nacos\nacos-client\2.2.1\nacos-client-2.2.1.jar;D:\Maven\apache-maven-3.9.7\repository\com\alibaba\nacos\nacos-auth-plugin\2.2.1\nacos-auth-plugin-2.2.1.jar;D:\Maven\apache-maven-3.9.7\repository\com\alibaba\nacos\nacos-encryption-plugin\2.2.1\nacos-encryption-plugin-2.2.1.jar;D:\Maven\apache-maven-3.9.7\repository\commons-codec\commons-codec\1.16.1\commons-codec-1.16.1.jar;D:\Maven\apache-maven-3.9.7\repository\com\fasterxml\jackson\core\jackson-core\2.15.4\jackson-core-2.15.4.jar;D:\Maven\apache-maven-3.9.7\repository\com\fasterxml\jackson\core\jackson-databind\2.15.4\jackson-databind-2.15.4.jar;D:\Maven\apache-maven-3.9.7\repository\org\apache\httpcomponents\httpasyncclient\4.1.5\httpasyncclient-4.1.5.jar;D:\Maven\apache-maven-3.9.7\repository\org\apache\httpcomponents\httpcore\4.4.16\httpcore-4.4.16.jar;D:\Maven\apache-maven-3.9.7\repository\org\apache\httpcomponents\httpcore-nio\4.4.16\httpcore-nio-4.4.16.jar;D:\Maven\apache-maven-3.9.7\repository\org\apache\httpcomponents\httpclient\4.5.13\httpclient-4.5.13.jar;D:\Maven\apache-maven-3.9.7\repository\io\prometheus\simpleclient\0.16.0\simpleclient-0.16.0.jar;D:\Maven\apache-maven-3.9.7\repository\io\prometheus\simpleclient_tracer_otel\0.16.0\simpleclient_tracer_otel-0.16.0.jar;D:\Maven\apache-maven-3.9.7\repository\io\prometheus\simpleclient_tracer_common\0.16.0\simpleclient_tracer_common-0.16.0.jar;D:\Maven\apache-maven-3.9.7\repository\io\prometheus\simpleclient_tracer_otel_agent\0.16.0\simpleclient_tracer_otel_agent-0.16.0.jar;D:\Maven\apache-maven-3.9.7\repository\org\projectlombok\lombok\1.18.30\lombok-1.18.30.jar;C:\Users\86173\Desktop\-\mass-service-auth\mass-common\target\classes;D:\Maven\apache-maven-3.9.7\repository\com\mysql\mysql-connector-j\8.0.33\mysql-connector-j-8.0.33.jar;D:\Maven\apache-maven-3.9.7\repository\com\google\protobuf\protobuf-java\3.21.9\protobuf-java-3.21.9.jar;D:\Maven\apache-maven-3.9.7\repository\com\fasterxml\jackson\datatype\jackson-datatype-jsr310\2.15.4\jackson-datatype-jsr310-2.15.4.jar;D:\Maven\apache-maven-3.9.7\repository\io\minio\minio\6.0.13\minio-6.0.13.jar;D:\Maven\apache-maven-3.9.7\repository\com\google\http-client\google-http-client-xml\1.24.1\google-http-client-xml-1.24.1.jar;D:\Maven\apache-maven-3.9.7\repository\com\google\http-client\google-http-client\1.24.1\google-http-client-1.24.1.jar;D:\Maven\apache-maven-3.9.7\repository\xpp3\xpp3\1.1.4c\xpp3-1.1.4c.jar;D:\Maven\apache-maven-3.9.7\repository\com\google\guava\guava\25.1-jre\guava-25.1-jre.jar;D:\Maven\apache-maven-3.9.7\repository\org\checkerframework\checker-qual\2.0.0\checker-qual-2.0.0.jar;D:\Maven\apache-maven-3.9.7\repository\com\google\errorprone\error_prone_annotations\2.1.3\error_prone_annotations-2.1.3.jar;D:\Maven\apache-maven-3.9.7\repository\com\google\j2objc\j2objc-annotations\1.1\j2objc-annotations-1.1.jar;D:\Maven\apache-maven-3.9.7\repository\org\codehaus\mojo\animal-sniffer-annotations\1.14\animal-sniffer-annotations-1.14.jar;D:\Maven\apache-maven-3.9.7\repository\com\squareup\okhttp3\okhttp\4.12.0\okhttp-4.12.0.jar;D:\Maven\apache-maven-3.9.7\repository\org\jetbrains\kotlin\kotlin-stdlib-jdk8\1.9.23\kotlin-stdlib-jdk8-1.9.23.jar;D:\Maven\apache-maven-3.9.7\repository\org\jetbrains\kotlin\kotlin-stdlib\1.9.23\kotlin-stdlib-1.9.23.jar;D:\Maven\apache-maven-3.9.7\repository\org\jetbrains\annotations\13.0\annotations-13.0.jar;D:\Maven\apache-maven-3.9.7\repository\org\jetbrains\kotlin\kotlin-stdlib-jdk7\1.9.23\kotlin-stdlib-jdk7-1.9.23.jar;D:\Maven\apache-maven-3.9.7\repository\com\squareup\okio\okio\1.17.2\okio-1.17.2.jar;D:\Maven\apache-maven-3.9.7\repository\joda-time\joda-time\2.7\joda-time-2.7.jar;D:\Maven\apache-maven-3.9.7\repository\com\google\code\findbugs\annotations\3.0.1\annotations-3.0.1.jar;D:\Maven\apache-maven-3.9.7\repository\net\jcip\jcip-annotations\1.0\jcip-annotations-1.0.jar;D:\Maven\apache-maven-3.9.7\repository\com\google\code\findbugs\jsr305\3.0.2\jsr305-3.0.2.jar;D:\Maven\apache-maven-3.9.7\repository\com\baomidou\mybatis-plus-boot-starter\3.5.7\mybatis-plus-boot-starter-3.5.7.jar;D:\Maven\apache-maven-3.9.7\repository\com\baomidou\mybatis-plus\3.5.7\mybatis-plus-3.5.7.jar;D:\Maven\apache-maven-3.9.7\repository\com\baomidou\mybatis-plus-core\3.5.7\mybatis-plus-core-3.5.7.jar;D:\Maven\apache-maven-3.9.7\repository\com\baomidou\mybatis-plus-annotation\3.5.7\mybatis-plus-annotation-3.5.7.jar;D:\Maven\apache-maven-3.9.7\repository\com\baomidou\mybatis-plus-extension\3.5.7\mybatis-plus-extension-3.5.7.jar;D:\Maven\apache-maven-3.9.7\repository\org\mybatis\mybatis\3.5.16\mybatis-3.5.16.jar;D:\Maven\apache-maven-3.9.7\repository\com\github\jsqlparser\jsqlparser\4.9\jsqlparser-4.9.jar;D:\Maven\apache-maven-3.9.7\repository\org\mybatis\mybatis-spring\3.0.3\mybatis-spring-3.0.3.jar;D:\Maven\apache-maven-3.9.7\repository\com\baomidou\mybatis-plus-spring-boot-autoconfigure\3.5.7\mybatis-plus-spring-boot-autoconfigure-3.5.7.jar;D:\Maven\apache-maven-3.9.7\repository\org\springframework\boot\spring-boot-starter-jdbc\3.2.4\spring-boot-starter-jdbc-3.2.4.jar;D:\Maven\apache-maven-3.9.7\repository\com\zaxxer\HikariCP\5.0.1\HikariCP-5.0.1.jar;D:\Maven\apache-maven-3.9.7\repository\org\springframework\spring-jdbc\6.1.5\spring-jdbc-6.1.5.jar;D:\Maven\apache-maven-3.9.7\repository\io\swagger\swagger-annotations\1.5.20\swagger-annotations-1.5.20.jar;D:\Maven\apache-maven-3.9.7\repository\org\springframework\boot\spring-boot-starter-amqp\3.2.4\spring-boot-starter-amqp-3.2.4.jar;D:\Maven\apache-maven-3.9.7\repository\org\springframework\spring-messaging\6.1.5\spring-messaging-6.1.5.jar;D:\Maven\apache-maven-3.9.7\repository\org\springframework\retry\spring-retry\2.0.5\spring-retry-2.0.5.jar;D:\Maven\apache-maven-3.9.7\repository\org\springframework\amqp\spring-rabbit\3.1.3\spring-rabbit-3.1.3.jar;D:\Maven\apache-maven-3.9.7\repository\org\springframework\amqp\spring-amqp\3.1.3\spring-amqp-3.1.3.jar;D:\Maven\apache-maven-3.9.7\repository\com\rabbitmq\amqp-client\5.19.0\amqp-client-5.19.0.jar;D:\Maven\apache-maven-3.9.7\repository\org\apache\commons\commons-lang3\3.13.0\commons-lang3-3.13.0.jar;D:\Maven\apache-maven-3.9.7\repository\commons-io\commons-io\2.16.1\commons-io-2.16.1.jar;C:\Users\86173\Desktop\-\mass-service-auth\mass-api\target\classes;D:\Maven\apache-maven-3.9.7\repository\org\springframework\cloud\spring-cloud-starter-loadbalancer\4.1.0\spring-cloud-starter-loadbalancer-4.1.0.jar;D:\Maven\apache-maven-3.9.7\repository\org\springframework\cloud\spring-cloud-loadbalancer\4.1.0\spring-cloud-loadbalancer-4.1.0.jar;D:\Maven\apache-maven-3.9.7\repository\io\projectreactor\addons\reactor-extra\3.5.1\reactor-extra-3.5.1.jar;D:\Maven\apache-maven-3.9.7\repository\org\springframework\boot\spring-boot-starter-cache\3.2.4\spring-boot-starter-cache-3.2.4.jar;D:\Maven\apache-maven-3.9.7\repository\com\stoyanr\evictor\1.0.0\evictor-1.0.0.jar;D:\Maven\apache-maven-3.9.7\repository\cn\dev33\sa-token-spring-boot3-starter\1.38.0\sa-token-spring-boot3-starter-1.38.0.jar;D:\Maven\apache-maven-3.9.7\repository\cn\dev33\sa-token-jakarta-servlet\1.38.0\sa-token-jakarta-servlet-1.38.0.jar;D:\Maven\apache-maven-3.9.7\repository\jakarta\servlet\jakarta.servlet-api\6.0.0\jakarta.servlet-api-6.0.0.jar;D:\Maven\apache-maven-3.9.7\repository\cn\dev33\sa-token-spring-boot-autoconfig\1.38.0\sa-token-spring-boot-autoconfig-1.38.0.jar;D:\Maven\apache-maven-3.9.7\repository\cn\dev33\sa-token-redis-jackson\1.38.0\sa-token-redis-jackson-1.38.0.jar;D:\Maven\apache-maven-3.9.7\repository\cn\dev33\sa-token-core\1.38.0\sa-token-core-1.38.0.jar;D:\Maven\apache-maven-3.9.7\repository\com\alibaba\cloud\spring-cloud-starter-alibaba-nacos-config\2022.0.0.0\spring-cloud-starter-alibaba-nacos-config-2022.0.0.0.jar;D:\Maven\apache-maven-3.9.7\repository\org\slf4j\slf4j-api\2.0.12\slf4j-api-2.0.12.jar;D:\Maven\apache-maven-3.9.7\repository\org\springframework\cloud\spring-cloud-starter-bootstrap\4.1.0\spring-cloud-starter-bootstrap-4.1.0.jar;D:\Maven\apache-maven-3.9.7\repository\org\redisson\redisson\3.16.6\redisson-3.16.6.jar;D:\Maven\apache-maven-3.9.7\repository\io\netty\netty-common\4.1.107.Final\netty-common-4.1.107.Final.jar;D:\Maven\apache-maven-3.9.7\repository\io\netty\netty-codec\4.1.107.Final\netty-codec-4.1.107.Final.jar;D:\Maven\apache-maven-3.9.7\repository\io\netty\netty-buffer\4.1.107.Final\netty-buffer-4.1.107.Final.jar;D:\Maven\apache-maven-3.9.7\repository\io\netty\netty-transport\4.1.107.Final\netty-transport-4.1.107.Final.jar;D:\Maven\apache-maven-3.9.7\repository\io\netty\netty-resolver\4.1.107.Final\netty-resolver-4.1.107.Final.jar;D:\Maven\apache-maven-3.9.7\repository\io\netty\netty-resolver-dns\4.1.107.Final\netty-resolver-dns-4.1.107.Final.jar;D:\Maven\apache-maven-3.9.7\repository\io\netty\netty-codec-dns\4.1.107.Final\netty-codec-dns-4.1.107.Final.jar;D:\Maven\apache-maven-3.9.7\repository\io\netty\netty-handler\4.1.107.Final\netty-handler-4.1.107.Final.jar;D:\Maven\apache-maven-3.9.7\repository\io\netty\netty-transport-native-unix-common\4.1.107.Final\netty-transport-native-unix-common-4.1.107.Final.jar;D:\Maven\apache-maven-3.9.7\repository\javax\cache\cache-api\1.1.1\cache-api-1.1.1.jar;D:\Maven\apache-maven-3.9.7\repository\io\projectreactor\reactor-core\3.6.4\reactor-core-3.6.4.jar;D:\Maven\apache-maven-3.9.7\repository\org\reactivestreams\reactive-streams\1.0.4\reactive-streams-1.0.4.jar;D:\Maven\apache-maven-3.9.7\repository\io\reactivex\rxjava3\rxjava\3.1.8\rxjava-3.1.8.jar;D:\Maven\apache-maven-3.9.7\repository\org\jboss\marshalling\jboss-marshalling\2.0.11.Final\jboss-marshalling-2.0.11.Final.jar;D:\Maven\apache-maven-3.9.7\repository\org\jboss\marshalling\jboss-marshalling-river\2.0.11.Final\jboss-marshalling-river-2.0.11.Final.jar;D:\Maven\apache-maven-3.9.7\repository\com\fasterxml\jackson\core\jackson-annotations\2.15.4\jackson-annotations-2.15.4.jar;D:\Maven\apache-maven-3.9.7\repository\com\fasterxml\jackson\dataformat\jackson-dataformat-yaml\2.15.4\jackson-dataformat-yaml-2.15.4.jar;D:\Maven\apache-maven-3.9.7\repository\net\bytebuddy\byte-buddy\1.14.12\byte-buddy-1.14.12.jar;D:\Maven\apache-maven-3.9.7\repository\org\jodd\jodd-bean\5.1.6\jodd-bean-5.1.6.jar;D:\Maven\apache-maven-3.9.7\repository\org\jodd\jodd-core\5.1.6\jodd-core-5.1.6.jar
Launcher Type: SUN_STANDARD

[Global flags]
     intx CICompilerCount                          = 12                                        {product} {ergonomic}
     uint ConcGCThreads                            = 3                                         {product} {ergonomic}
     uint G1ConcRefinementThreads                  = 13                                        {product} {ergonomic}
   size_t G1HeapRegionSize                         = 2097152                                   {product} {ergonomic}
    uintx GCDrainStackTargetSize                   = 64                                        {product} {ergonomic}
   size_t InitialHeapSize                          = 264241152                                 {product} {ergonomic}
     bool ManagementServer                         = true                                      {product} {command line}
   size_t MarkStackSize                            = 4194304                                   {product} {ergonomic}
   size_t MaxHeapSize                              = 4223664128                                {product} {ergonomic}
   size_t MaxNewSize                               = 2533359616                                {product} {ergonomic}
   size_t MinHeapDeltaBytes                        = 2097152                                   {product} {ergonomic}
   size_t MinHeapSize                              = 8388608                                   {product} {ergonomic}
    uintx NonNMethodCodeHeapSize                   = 4096                                   {pd product} {ergonomic}
    uintx NonProfiledCodeHeapSize                  = 0                                      {pd product} {ergonomic}
     bool ProfileInterpreter                       = false                                  {pd product} {command line}
    uintx ProfiledCodeHeapSize                     = 0                                      {pd product} {ergonomic}
   size_t SoftMaxHeapSize                          = 4223664128                             {manageable} {ergonomic}
     intx TieredStopAtLevel                        = 1                                         {product} {command line}
     bool UseCompressedOops                        = true                           {product lp64_product} {ergonomic}
     bool UseG1GC                                  = true                                      {product} {ergonomic}
     bool UseLargePagesIndividualAllocation        = false                                  {pd product} {ergonomic}

Logging:
Log output configuration:
 #0: stdout all=warning uptime,level,tags foldmultilines=false
 #1: stderr all=off uptime,level,tags foldmultilines=false

Environment Variables:
JAVA_HOME=E:\JDK\JDK21
PATH=C:\Program Files (x86)\VMware\VMware Workstation\bin\;C:\Program Files\Common Files\Oracle\Java\javapath;C:\Program Files (x86)\Common Files\Oracle\Java\javapath;C:\Windows\system32;C:\Windows;C:\Windows\System32\Wbem;C:\Windows\System32\WindowsPowerShell\v1.0\;C:\Windows\System32\OpenSSH\;C:\Program Files (x86)\NVIDIA Corporation\PhysX\Common;C:\Program Files\NVIDIA Corporation\NVIDIA NvDLISR;E:\JDK\JDK21\;C:\Program Files (x86)\Microsoft SQL Server\100\Tools\Binn\;C:\Program Files\Microsoft SQL Server\100\Tools\Binn\;C:\Program Files\Microsoft SQL Server\100\DTS\Binn\;C:\Program Files (x86)\Microsoft SQL Server\100\Tools\Binn\VSShell\Common7\IDE\;C:\Program Files (x86)\Microsoft Visual Studio 9.0\Common7\IDE\PrivateAssemblies\;C:\Program Files (x86)\Microsoft SQL Server\100\DTS\Binn\;E:\Node.js;E:\Node.js\node_modules;C:\Program Files\Bandizip\;E:\web\dll;%MYSQL;HOME%;C:\Users\86173\Desktop\mysql\mysql-5.7.32-winx64\bin;D:\Maven\apache-maven-3.9.7\bin;E:\JDK\JDK21\bin;C:\WINDOWS\system32;C:\WINDOWS;C:\WINDOWS\System32\Wbem;C:\WINDOWS\System32\WindowsPowerShell\v1.0\;C:\WINDOWS\System32\OpenSSH\;D:\Git\cmd;C:\Users\86173\AppData\Local\Microsoft\WindowsApps;C:\Users\86173\AppData\Roaming\\6.5.12.0;C:\Program Files\Bandizip\;D:\Users\86173\AppData\Local\Programs\Microsoft VS Code\bin;E:\Node.js\node_gobal;E:\Node.js\node_cache;E:\IntelliJ IDEA 2023.1.1\bin;E:\JDK\JDK21\bin;D:\webstorm\WebStorm 2024.1.3\bin;C:\Users\86173\AppData\Local\JetBrains\Toolbox\scripts;D:\IntelliJ IDEA 2024.1.2\bin;;
USERNAME=86173
OS=Windows_NT
PROCESSOR_IDENTIFIER=Intel64 Family 6 Model 141 Stepping 1, GenuineIntel
TMP=C:\Users\86173\AppData\Local\Temp
TEMP=C:\Users\86173\AppData\Local\Temp




Periodic native trim disabled

---------------  S Y S T E M  ---------------

OS:
 Windows 11 , 64 bit Build 22621 (10.0.22621.3958)
OS uptime: 2 days 13:58 hours
Hyper-V role detected

CPU: total 16 (initial active 16) (8 cores per cpu, 2 threads per core) family 6 model 141 stepping 1 microcode 0x34, cx8, cmov, fxsr, ht, mmx, 3dnowpref, sse, sse2, sse3, ssse3, sse4.1, sse4.2, popcnt, lzcnt, tsc, tscinvbit, avx, avx2, aes, erms, clmul, bmi1, bmi2, adx, avx512f, avx512dq, avx512cd, avx512bw, avx512vl, sha, fma, vzeroupper, avx512_vpopcntdq, avx512_vpclmulqdq, avx512_vaes, avx512_vnni, clflush, clflushopt, clwb, avx512_vbmi2, avx512_vbmi, hv, rdtscp, rdpid, fsrm, gfni, avx512_bitalg, f16c, cet_ibt, cet_ss, avx512_ifma
Processor Information for all 16 processors :
  Max Mhz: 2304, Current Mhz: 2304, Mhz Limit: 2304

Memory: 4k page, system-wide physical 16106M (1742M free)
TotalPageFile size 36833M (AvailPageFile size 5M)
current process WorkingSet (physical memory assigned to process): 203M, peak: 203M
current process commit charge ("private bytes"): 257M, peak: 380M

vm_info: Java HotSpot(TM) 64-Bit Server VM (21.0.3+7-LTS-152) for windows-amd64 JRE (21.0.3+7-LTS-152), built on 2024-03-11T17:42:26Z by "mach5one" with MS VC++ 17.6 (VS2022)

END.
