00:00:02:655  INFO 21724 --- [mass-activity-service] [scheduling-1] c.f.a.service.impl.UserSignServiceImpl   : 检查签到数据是否达标=================
00:00:12:655  INFO 21724 --- [mass-activity-service] [scheduling-1] c.f.a.service.impl.UserSignServiceImpl   : 检查签到数据是否达标=================
00:00:22:660  INFO 21724 --- [mass-activity-service] [scheduling-1] c.f.a.service.impl.UserSignServiceImpl   : 检查签到数据是否达标=================
00:00:32:656  INFO 21724 --- [mass-activity-service] [scheduling-1] c.f.a.service.impl.UserSignServiceImpl   : 检查签到数据是否达标=================
00:00:42:656  INFO 21724 --- [mass-activity-service] [scheduling-1] c.f.a.service.impl.UserSignServiceImpl   : 检查签到数据是否达标=================
00:00:52:657  INFO 21724 --- [mass-activity-service] [scheduling-1] c.f.a.service.impl.UserSignServiceImpl   : 检查签到数据是否达标=================
00:01:02:656  INFO 21724 --- [mass-activity-service] [scheduling-1] c.f.a.service.impl.UserSignServiceImpl   : 检查签到数据是否达标=================
00:01:12:655  INFO 21724 --- [mass-activity-service] [scheduling-1] c.f.a.service.impl.UserSignServiceImpl   : 检查签到数据是否达标=================
00:01:22:657  INFO 21724 --- [mass-activity-service] [scheduling-1] c.f.a.service.impl.UserSignServiceImpl   : 检查签到数据是否达标=================
00:01:32:656  INFO 21724 --- [mass-activity-service] [scheduling-1] c.f.a.service.impl.UserSignServiceImpl   : 检查签到数据是否达标=================
00:01:42:657  INFO 21724 --- [mass-activity-service] [scheduling-1] c.f.a.service.impl.UserSignServiceImpl   : 检查签到数据是否达标=================
00:01:52:662  INFO 21724 --- [mass-activity-service] [scheduling-1] c.f.a.service.impl.UserSignServiceImpl   : 检查签到数据是否达标=================
00:02:02:655  INFO 21724 --- [mass-activity-service] [scheduling-1] c.f.a.service.impl.UserSignServiceImpl   : 检查签到数据是否达标=================
00:02:12:656  INFO 21724 --- [mass-activity-service] [scheduling-1] c.f.a.service.impl.UserSignServiceImpl   : 检查签到数据是否达标=================
00:02:22:658  INFO 21724 --- [mass-activity-service] [scheduling-1] c.f.a.service.impl.UserSignServiceImpl   : 检查签到数据是否达标=================
00:02:32:658  INFO 21724 --- [mass-activity-service] [scheduling-1] c.f.a.service.impl.UserSignServiceImpl   : 检查签到数据是否达标=================
00:02:42:656  INFO 21724 --- [mass-activity-service] [scheduling-1] c.f.a.service.impl.UserSignServiceImpl   : 检查签到数据是否达标=================
00:02:52:656  INFO 21724 --- [mass-activity-service] [scheduling-1] c.f.a.service.impl.UserSignServiceImpl   : 检查签到数据是否达标=================
00:03:02:657  INFO 21724 --- [mass-activity-service] [scheduling-1] c.f.a.service.impl.UserSignServiceImpl   : 检查签到数据是否达标=================
00:03:12:655  INFO 21724 --- [mass-activity-service] [scheduling-1] c.f.a.service.impl.UserSignServiceImpl   : 检查签到数据是否达标=================
00:03:22:655  INFO 21724 --- [mass-activity-service] [scheduling-1] c.f.a.service.impl.UserSignServiceImpl   : 检查签到数据是否达标=================
00:03:32:657  INFO 21724 --- [mass-activity-service] [scheduling-1] c.f.a.service.impl.UserSignServiceImpl   : 检查签到数据是否达标=================
00:03:42:656  INFO 21724 --- [mass-activity-service] [scheduling-1] c.f.a.service.impl.UserSignServiceImpl   : 检查签到数据是否达标=================
00:03:52:667  INFO 21724 --- [mass-activity-service] [scheduling-1] c.f.a.service.impl.UserSignServiceImpl   : 检查签到数据是否达标=================
00:04:02:655  INFO 21724 --- [mass-activity-service] [scheduling-1] c.f.a.service.impl.UserSignServiceImpl   : 检查签到数据是否达标=================
00:04:12:656  INFO 21724 --- [mass-activity-service] [scheduling-1] c.f.a.service.impl.UserSignServiceImpl   : 检查签到数据是否达标=================
00:04:22:656  INFO 21724 --- [mass-activity-service] [scheduling-1] c.f.a.service.impl.UserSignServiceImpl   : 检查签到数据是否达标=================
00:04:32:658  INFO 21724 --- [mass-activity-service] [scheduling-1] c.f.a.service.impl.UserSignServiceImpl   : 检查签到数据是否达标=================
00:04:42:658  INFO 21724 --- [mass-activity-service] [scheduling-1] c.f.a.service.impl.UserSignServiceImpl   : 检查签到数据是否达标=================
00:04:52:656  INFO 21724 --- [mass-activity-service] [scheduling-1] c.f.a.service.impl.UserSignServiceImpl   : 检查签到数据是否达标=================
00:05:02:656  INFO 21724 --- [mass-activity-service] [scheduling-1] c.f.a.service.impl.UserSignServiceImpl   : 检查签到数据是否达标=================
00:05:12:657  INFO 21724 --- [mass-activity-service] [scheduling-1] c.f.a.service.impl.UserSignServiceImpl   : 检查签到数据是否达标=================
00:05:22:656  INFO 21724 --- [mass-activity-service] [scheduling-1] c.f.a.service.impl.UserSignServiceImpl   : 检查签到数据是否达标=================
00:05:32:656  INFO 21724 --- [mass-activity-service] [scheduling-1] c.f.a.service.impl.UserSignServiceImpl   : 检查签到数据是否达标=================
00:05:42:656  INFO 21724 --- [mass-activity-service] [scheduling-1] c.f.a.service.impl.UserSignServiceImpl   : 检查签到数据是否达标=================
00:05:52:657  INFO 21724 --- [mass-activity-service] [scheduling-1] c.f.a.service.impl.UserSignServiceImpl   : 检查签到数据是否达标=================
00:06:02:657  INFO 21724 --- [mass-activity-service] [scheduling-1] c.f.a.service.impl.UserSignServiceImpl   : 检查签到数据是否达标=================
00:06:04:387  WARN 21724 --- [mass-activity-service] [Thread-7] c.a.nacos.common.notify.NotifyCenter     : [NotifyCenter] Start destroying Publisher
00:06:04:387  WARN 21724 --- [mass-activity-service] [Thread-1] c.a.n.common.http.HttpClientBeanHolder   : [HttpClientBeanHolder] Start destroying common HttpClient
00:06:04:388  WARN 21724 --- [mass-activity-service] [Thread-7] c.a.nacos.common.notify.NotifyCenter     : [NotifyCenter] Destruction of the end
00:06:04:388  WARN 21724 --- [mass-activity-service] [Thread-1] c.a.n.common.http.HttpClientBeanHolder   : [HttpClientBeanHolder] Destruction of the end
00:06:04:509  INFO 21724 --- [mass-activity-service] [SpringApplicationShutdownHook] c.a.c.n.registry.NacosServiceRegistry    : De-registering from Nacos Server now...
00:06:04:509  INFO 21724 --- [mass-activity-service] [SpringApplicationShutdownHook] com.alibaba.nacos.client.naming          : [DEREGISTER-SERVICE] public deregistering service mass-activity-service with instance: Instance{instanceId='null', ip='192.168.247.1', port=8082, weight=1.0, healthy=true, enabled=true, ephemeral=true, clusterName='DEFAULT', serviceName='null', metadata={}}
00:06:04:513  INFO 21724 --- [mass-activity-service] [SpringApplicationShutdownHook] c.a.c.n.registry.NacosServiceRegistry    : De-registration finished.
00:06:04:513  INFO 21724 --- [mass-activity-service] [SpringApplicationShutdownHook] com.alibaba.nacos.client.naming          : com.alibaba.nacos.client.naming.cache.ServiceInfoHolder do shutdown begin
00:06:04:513  INFO 21724 --- [mass-activity-service] [SpringApplicationShutdownHook] com.alibaba.nacos.client.naming          : com.alibaba.nacos.client.naming.backups.FailoverReactor do shutdown begin
00:06:04:513  INFO 21724 --- [mass-activity-service] [SpringApplicationShutdownHook] com.alibaba.nacos.client.naming          : com.alibaba.nacos.client.naming.backups.FailoverReactor do shutdown stop
00:06:04:513  INFO 21724 --- [mass-activity-service] [SpringApplicationShutdownHook] com.alibaba.nacos.client.naming          : com.alibaba.nacos.client.naming.cache.ServiceInfoHolder do shutdown stop
00:06:04:513  INFO 21724 --- [mass-activity-service] [SpringApplicationShutdownHook] com.alibaba.nacos.client.naming          : com.alibaba.nacos.client.naming.remote.NamingClientProxyDelegate do shutdown begin
00:06:04:513  INFO 21724 --- [mass-activity-service] [SpringApplicationShutdownHook] com.alibaba.nacos.client.naming          : com.alibaba.nacos.client.naming.core.ServiceInfoUpdateService do shutdown begin
00:06:04:513  INFO 21724 --- [mass-activity-service] [SpringApplicationShutdownHook] com.alibaba.nacos.client.naming          : com.alibaba.nacos.client.naming.core.ServiceInfoUpdateService do shutdown stop
00:06:04:513  INFO 21724 --- [mass-activity-service] [SpringApplicationShutdownHook] com.alibaba.nacos.client.naming          : com.alibaba.nacos.client.naming.core.ServerListManager do shutdown begin
00:06:04:513  WARN 21724 --- [mass-activity-service] [SpringApplicationShutdownHook] com.alibaba.nacos.client.naming          : [NamingHttpClientManager] Start destroying NacosRestTemplate
00:06:04:513  WARN 21724 --- [mass-activity-service] [SpringApplicationShutdownHook] com.alibaba.nacos.client.naming          : [NamingHttpClientManager] Destruction of the end
00:06:04:514  INFO 21724 --- [mass-activity-service] [SpringApplicationShutdownHook] com.alibaba.nacos.client.naming          : com.alibaba.nacos.client.naming.core.ServerListManager do shutdown stop
00:06:04:514  INFO 21724 --- [mass-activity-service] [SpringApplicationShutdownHook] com.alibaba.nacos.client.naming          : com.alibaba.nacos.client.naming.remote.http.NamingHttpClientProxy do shutdown begin
00:06:04:514  WARN 21724 --- [mass-activity-service] [SpringApplicationShutdownHook] com.alibaba.nacos.client.naming          : [NamingHttpClientManager] Start destroying NacosRestTemplate
00:06:04:514  WARN 21724 --- [mass-activity-service] [SpringApplicationShutdownHook] com.alibaba.nacos.client.naming          : [NamingHttpClientManager] Destruction of the end
00:06:04:514  INFO 21724 --- [mass-activity-service] [SpringApplicationShutdownHook] com.alibaba.nacos.client.naming          : com.alibaba.nacos.client.naming.remote.http.NamingHttpClientProxy do shutdown stop
00:06:04:514  INFO 21724 --- [mass-activity-service] [SpringApplicationShutdownHook] com.alibaba.nacos.common.remote.client   : Shutdown rpc client, set status to shutdown
00:06:04:514  INFO 21724 --- [mass-activity-service] [SpringApplicationShutdownHook] com.alibaba.nacos.common.remote.client   : Shutdown client event executor java.util.concurrent.ScheduledThreadPoolExecutor@4bdbfbc6[Running, pool size = 2, active threads = 2, queued tasks = 0, completed tasks = 0]
00:06:04:514  INFO 21724 --- [mass-activity-service] [SpringApplicationShutdownHook] com.alibaba.nacos.common.remote.client   : Close current connection 1727539044493_192.168.64.1_54694
00:06:04:515  INFO 21724 --- [mass-activity-service] [nacos-grpc-client-executor-192.168.64.100-118] c.a.n.c.remote.client.grpc.GrpcClient    : [1727539044493_192.168.64.1_54694]Ignore complete event,isRunning:false,isAbandon=false
00:06:04:516  INFO 21724 --- [mass-activity-service] [SpringApplicationShutdownHook] c.a.n.c.remote.client.grpc.GrpcClient    : Shutdown grpc executor java.util.concurrent.ThreadPoolExecutor@593e594f[Running, pool size = 4, active threads = 0, queued tasks = 0, completed tasks = 119]
00:06:04:516  INFO 21724 --- [mass-activity-service] [SpringApplicationShutdownHook] com.alibaba.nacos.client.naming          : Shutdown grpc redo service executor java.util.concurrent.ScheduledThreadPoolExecutor@3eadfbbb[Running, pool size = 1, active threads = 0, queued tasks = 1, completed tasks = 173]
00:06:04:516  INFO 21724 --- [mass-activity-service] [SpringApplicationShutdownHook] c.a.n.c.a.r.identify.CredentialWatcher   : [null] CredentialWatcher is stopped
00:06:04:517  INFO 21724 --- [mass-activity-service] [SpringApplicationShutdownHook] c.a.n.c.a.r.identify.CredentialService   : [null] CredentialService is freed
00:06:04:517  INFO 21724 --- [mass-activity-service] [SpringApplicationShutdownHook] com.alibaba.nacos.client.naming          : com.alibaba.nacos.client.naming.remote.NamingClientProxyDelegate do shutdown stop
00:06:09:044  WARN 13412 --- [mass-activity-service] [main] c.a.nacos.client.logging.NacosLogging    : Load Logback Configuration of Nacos fail, message: Could not initialize Logback Nacos logging from classpath:nacos-logback.xml
00:06:09:045  INFO 13412 --- [mass-activity-service] [main] c.finetool.activity.ActivityApplication  : The following 1 profile is active: "dev"
00:06:09:471  INFO 13412 --- [mass-activity-service] [main] .s.d.r.c.RepositoryConfigurationDelegate : Multiple Spring Data modules found, entering strict repository configuration mode
00:06:09:474  INFO 13412 --- [mass-activity-service] [main] .s.d.r.c.RepositoryConfigurationDelegate : Bootstrapping Spring Data Redis repositories in DEFAULT mode.
00:06:09:490  INFO 13412 --- [mass-activity-service] [main] .s.d.r.c.RepositoryConfigurationDelegate : Finished Spring Data repository scanning in 7 ms. Found 0 Redis repository interfaces.
00:06:09:650  INFO 13412 --- [mass-activity-service] [main] o.s.cloud.context.scope.GenericScope     : BeanFactory id=0ca85c61-0dab-38ab-974b-339a153af48f
00:06:09:796  WARN 13412 --- [mass-activity-service] [main] trationDelegate$BeanPostProcessorChecker : Bean 'org.springframework.cloud.client.loadbalancer.LoadBalancerAutoConfiguration$RetryInterceptorAutoConfiguration' of type [org.springframework.cloud.client.loadbalancer.LoadBalancerAutoConfiguration$RetryInterceptorAutoConfiguration] is not eligible for getting processed by all BeanPostProcessors (for example: not eligible for auto-proxying). The currently created BeanPostProcessor [lbRestClientPostProcessor] is declared through a non-static factory method on that class; consider declaring it as static instead.
00:06:09:798  WARN 13412 --- [mass-activity-service] [main] trationDelegate$BeanPostProcessorChecker : Bean 'org.springframework.cloud.loadbalancer.config.BlockingLoadBalancerClientAutoConfiguration' of type [org.springframework.cloud.loadbalancer.config.BlockingLoadBalancerClientAutoConfiguration] is not eligible for getting processed by all BeanPostProcessors (for example: not eligible for auto-proxying). Is this bean getting eagerly injected into a currently created BeanPostProcessor [lbRestClientPostProcessor]? Check the corresponding BeanPostProcessor declaration and its dependencies.
00:06:09:799  WARN 13412 --- [mass-activity-service] [main] trationDelegate$BeanPostProcessorChecker : Bean 'org.springframework.cloud.loadbalancer.config.LoadBalancerAutoConfiguration' of type [org.springframework.cloud.loadbalancer.config.LoadBalancerAutoConfiguration] is not eligible for getting processed by all BeanPostProcessors (for example: not eligible for auto-proxying). Is this bean getting eagerly injected into a currently created BeanPostProcessor [lbRestClientPostProcessor]? Check the corresponding BeanPostProcessor declaration and its dependencies.
00:06:09:801  WARN 13412 --- [mass-activity-service] [main] trationDelegate$BeanPostProcessorChecker : Bean 'org.springframework.cloud.commons.config.CommonsConfigAutoConfiguration' of type [org.springframework.cloud.commons.config.CommonsConfigAutoConfiguration] is not eligible for getting processed by all BeanPostProcessors (for example: not eligible for auto-proxying). Is this bean getting eagerly injected into a currently created BeanPostProcessor [lbRestClientPostProcessor]? Check the corresponding BeanPostProcessor declaration and its dependencies.
00:06:09:802  WARN 13412 --- [mass-activity-service] [main] trationDelegate$BeanPostProcessorChecker : Bean 'org.springframework.cloud.client.loadbalancer.LoadBalancerDefaultMappingsProviderAutoConfiguration' of type [org.springframework.cloud.client.loadbalancer.LoadBalancerDefaultMappingsProviderAutoConfiguration] is not eligible for getting processed by all BeanPostProcessors (for example: not eligible for auto-proxying). Is this bean getting eagerly injected into a currently created BeanPostProcessor [lbRestClientPostProcessor]? Check the corresponding BeanPostProcessor declaration and its dependencies.
00:06:09:803  WARN 13412 --- [mass-activity-service] [main] trationDelegate$BeanPostProcessorChecker : Bean 'loadBalancerClientsDefaultsMappingsProvider' of type [org.springframework.cloud.client.loadbalancer.LoadBalancerDefaultMappingsProviderAutoConfiguration$$Lambda/0x0000029ac861c708] is not eligible for getting processed by all BeanPostProcessors (for example: not eligible for auto-proxying). Is this bean getting eagerly injected into a currently created BeanPostProcessor [lbRestClientPostProcessor]? Check the corresponding BeanPostProcessor declaration and its dependencies.
00:06:09:803  WARN 13412 --- [mass-activity-service] [main] trationDelegate$BeanPostProcessorChecker : Bean 'defaultsBindHandlerAdvisor' of type [org.springframework.cloud.commons.config.DefaultsBindHandlerAdvisor] is not eligible for getting processed by all BeanPostProcessors (for example: not eligible for auto-proxying). Is this bean getting eagerly injected into a currently created BeanPostProcessor [lbRestClientPostProcessor]? Check the corresponding BeanPostProcessor declaration and its dependencies.
00:06:09:807  WARN 13412 --- [mass-activity-service] [main] trationDelegate$BeanPostProcessorChecker : Bean 'spring.cloud.loadbalancer-org.springframework.cloud.client.loadbalancer.LoadBalancerClientsProperties' of type [org.springframework.cloud.client.loadbalancer.LoadBalancerClientsProperties] is not eligible for getting processed by all BeanPostProcessors (for example: not eligible for auto-proxying). Is this bean getting eagerly injected into a currently created BeanPostProcessor [lbRestClientPostProcessor]? Check the corresponding BeanPostProcessor declaration and its dependencies.
00:06:09:809  WARN 13412 --- [mass-activity-service] [main] trationDelegate$BeanPostProcessorChecker : Bean 'default.org.springframework.cloud.loadbalancer.config.LoadBalancerAutoConfiguration.LoadBalancerClientSpecification' of type [org.springframework.cloud.loadbalancer.annotation.LoadBalancerClientSpecification] is not eligible for getting processed by all BeanPostProcessors (for example: not eligible for auto-proxying). Is this bean getting eagerly injected into a currently created BeanPostProcessor [lbRestClientPostProcessor]? Check the corresponding BeanPostProcessor declaration and its dependencies.
00:06:09:810  WARN 13412 --- [mass-activity-service] [main] trationDelegate$BeanPostProcessorChecker : Bean 'default.org.springframework.cloud.loadbalancer.config.BlockingLoadBalancerClientAutoConfiguration.LoadBalancerClientSpecification' of type [org.springframework.cloud.loadbalancer.annotation.LoadBalancerClientSpecification] is not eligible for getting processed by all BeanPostProcessors (for example: not eligible for auto-proxying). Is this bean getting eagerly injected into a currently created BeanPostProcessor [lbRestClientPostProcessor]? Check the corresponding BeanPostProcessor declaration and its dependencies.
00:06:09:810  WARN 13412 --- [mass-activity-service] [main] trationDelegate$BeanPostProcessorChecker : Bean 'loadBalancerClientFactory' of type [org.springframework.cloud.loadbalancer.support.LoadBalancerClientFactory] is not eligible for getting processed by all BeanPostProcessors (for example: not eligible for auto-proxying). Is this bean getting eagerly injected into a currently created BeanPostProcessor [lbRestClientPostProcessor]? Check the corresponding BeanPostProcessor declaration and its dependencies.
00:06:09:812  WARN 13412 --- [mass-activity-service] [main] trationDelegate$BeanPostProcessorChecker : Bean 'blockingLoadBalancerClient' of type [org.springframework.cloud.loadbalancer.blocking.client.BlockingLoadBalancerClient] is not eligible for getting processed by all BeanPostProcessors (for example: not eligible for auto-proxying). Is this bean getting eagerly injected into a currently created BeanPostProcessor [lbRestClientPostProcessor]? Check the corresponding BeanPostProcessor declaration and its dependencies.
00:06:09:816  WARN 13412 --- [mass-activity-service] [main] trationDelegate$BeanPostProcessorChecker : Bean 'loadBalancerServiceInstanceCookieTransformer' of type [org.springframework.cloud.loadbalancer.core.LoadBalancerServiceInstanceCookieTransformer] is not eligible for getting processed by all BeanPostProcessors (for example: not eligible for auto-proxying). Is this bean getting eagerly injected into a currently created BeanPostProcessor [lbRestClientPostProcessor]? Check the corresponding BeanPostProcessor declaration and its dependencies.
00:06:09:816  WARN 13412 --- [mass-activity-service] [main] trationDelegate$BeanPostProcessorChecker : Bean 'xForwarderHeadersTransformer' of type [org.springframework.cloud.loadbalancer.blocking.XForwardedHeadersTransformer] is not eligible for getting processed by all BeanPostProcessors (for example: not eligible for auto-proxying). Is this bean getting eagerly injected into a currently created BeanPostProcessor [lbRestClientPostProcessor]? Check the corresponding BeanPostProcessor declaration and its dependencies.
00:06:09:817  WARN 13412 --- [mass-activity-service] [main] trationDelegate$BeanPostProcessorChecker : Bean 'org.springframework.cloud.client.loadbalancer.LoadBalancerAutoConfiguration' of type [org.springframework.cloud.client.loadbalancer.LoadBalancerAutoConfiguration] is not eligible for getting processed by all BeanPostProcessors (for example: not eligible for auto-proxying). Is this bean getting eagerly injected into a currently created BeanPostProcessor [lbRestClientPostProcessor]? Check the corresponding BeanPostProcessor declaration and its dependencies.
00:06:09:817  WARN 13412 --- [mass-activity-service] [main] trationDelegate$BeanPostProcessorChecker : Bean 'loadBalancerRequestFactory' of type [org.springframework.cloud.client.loadbalancer.LoadBalancerRequestFactory] is not eligible for getting processed by all BeanPostProcessors (for example: not eligible for auto-proxying). Is this bean getting eagerly injected into a currently created BeanPostProcessor [lbRestClientPostProcessor]? Check the corresponding BeanPostProcessor declaration and its dependencies.
00:06:09:818  WARN 13412 --- [mass-activity-service] [main] trationDelegate$BeanPostProcessorChecker : Bean 'org.springframework.cloud.loadbalancer.config.BlockingLoadBalancerClientAutoConfiguration$BlockingLoadBalancerRetryConfig' of type [org.springframework.cloud.loadbalancer.config.BlockingLoadBalancerClientAutoConfiguration$BlockingLoadBalancerRetryConfig$$SpringCGLIB$$0] is not eligible for getting processed by all BeanPostProcessors (for example: not eligible for auto-proxying). Is this bean getting eagerly injected into a currently created BeanPostProcessor [lbRestClientPostProcessor]? Check the corresponding BeanPostProcessor declaration and its dependencies.
00:06:09:819  WARN 13412 --- [mass-activity-service] [main] trationDelegate$BeanPostProcessorChecker : Bean 'loadBalancedRetryFactory' of type [org.springframework.cloud.loadbalancer.blocking.retry.BlockingLoadBalancedRetryFactory] is not eligible for getting processed by all BeanPostProcessors (for example: not eligible for auto-proxying). Is this bean getting eagerly injected into a currently created BeanPostProcessor [lbRestClientPostProcessor]? Check the corresponding BeanPostProcessor declaration and its dependencies.
00:06:09:822  WARN 13412 --- [mass-activity-service] [main] trationDelegate$BeanPostProcessorChecker : Bean 'loadBalancerInterceptor' of type [org.springframework.cloud.client.loadbalancer.RetryLoadBalancerInterceptor] is not eligible for getting processed by all BeanPostProcessors (for example: not eligible for auto-proxying). Is this bean getting eagerly injected into a currently created BeanPostProcessor [lbRestClientPostProcessor]? Check the corresponding BeanPostProcessor declaration and its dependencies.
00:06:09:972  INFO 13412 --- [mass-activity-service] [main] o.s.b.w.embedded.tomcat.TomcatWebServer  : Tomcat initialized with port 8082 (http)
00:06:09:985  INFO 13412 --- [mass-activity-service] [main] o.apache.catalina.core.StandardService   : Starting service [Tomcat]
00:06:09:985  INFO 13412 --- [mass-activity-service] [main] o.apache.catalina.core.StandardEngine    : Starting Servlet engine: [Apache Tomcat/10.1.19]
00:06:10:052  INFO 13412 --- [mass-activity-service] [main] o.a.c.c.C.[Tomcat].[localhost].[/]       : Initializing Spring embedded WebApplicationContext
00:06:10:053  INFO 13412 --- [mass-activity-service] [main] w.s.c.ServletWebServerApplicationContext : Root WebApplicationContext: initialization completed in 996 ms
00:06:11:090  WARN 13412 --- [mass-activity-service] [main] iguration$LoadBalancerCaffeineWarnLogger : Spring Cloud LoadBalancer is currently working with the default cache. While this cache implementation is useful for development and tests, it's recommended to use Caffeine cache in production.You can switch to using Caffeine cache, by adding it and org.springframework.cache.caffeine.CaffeineCacheManager to the classpath.
00:06:11:145  INFO 13412 --- [mass-activity-service] [main] o.s.b.w.embedded.tomcat.TomcatWebServer  : Tomcat started on port 8082 (http) with context path ''
00:06:11:149  INFO 13412 --- [mass-activity-service] [main] com.alibaba.nacos.client.naming          : initializer namespace from ans.namespace attribute : null
00:06:11:149  INFO 13412 --- [mass-activity-service] [main] com.alibaba.nacos.client.naming          : initializer namespace from ALIBABA_ALIWARE_NAMESPACE attribute :null
00:06:11:149  INFO 13412 --- [mass-activity-service] [main] com.alibaba.nacos.client.naming          : initializer namespace from namespace attribute :null
00:06:11:155  INFO 13412 --- [mass-activity-service] [main] c.a.n.p.a.s.c.ClientAuthPluginManager    : [ClientAuthPluginManager] Load ClientAuthService com.alibaba.nacos.client.auth.impl.NacosClientAuthServiceImpl success.
00:06:11:155  INFO 13412 --- [mass-activity-service] [main] c.a.n.p.a.s.c.ClientAuthPluginManager    : [ClientAuthPluginManager] Load ClientAuthService com.alibaba.nacos.client.auth.ram.RamClientAuthServiceImpl success.
00:06:11:158  INFO 13412 --- [mass-activity-service] [main] com.alibaba.nacos.common.remote.client   : [RpcClientFactory] create a new rpc client of 11fc06ad-8ff4-46a8-b84d-e505f4ee4230
00:06:11:159  INFO 13412 --- [mass-activity-service] [main] com.alibaba.nacos.common.remote.client   : [11fc06ad-8ff4-46a8-b84d-e505f4ee4230] RpcClient init, ServerListFactory = com.alibaba.nacos.client.naming.core.ServerListManager
00:06:11:159  INFO 13412 --- [mass-activity-service] [main] com.alibaba.nacos.common.remote.client   : [11fc06ad-8ff4-46a8-b84d-e505f4ee4230] Registry connection listener to current client:com.alibaba.nacos.client.naming.remote.gprc.redo.NamingGrpcRedoService
00:06:11:159  INFO 13412 --- [mass-activity-service] [main] com.alibaba.nacos.common.remote.client   : [11fc06ad-8ff4-46a8-b84d-e505f4ee4230] Register server push request handler:com.alibaba.nacos.client.naming.remote.gprc.NamingPushRequestHandler
00:06:11:160  INFO 13412 --- [mass-activity-service] [main] com.alibaba.nacos.common.remote.client   : [11fc06ad-8ff4-46a8-b84d-e505f4ee4230] Try to connect to server on start up, server: {serverIp = '192.168.64.100', server main port = 8848}
00:06:11:160  INFO 13412 --- [mass-activity-service] [main] c.a.n.c.remote.client.grpc.GrpcClient    : grpc client connection server:192.168.64.100 ip,serverPort:9848,grpcTslConfig:{"sslProvider":"OPENSSL","enableTls":false,"mutualAuthEnable":false,"trustAll":false}
00:06:11:285  INFO 13412 --- [mass-activity-service] [main] com.alibaba.nacos.common.remote.client   : [11fc06ad-8ff4-46a8-b84d-e505f4ee4230] Success to connect to server [192.168.64.100:8848] on start up, connectionId = 1727539573149_192.168.64.1_55307
00:06:11:285  INFO 13412 --- [mass-activity-service] [main] com.alibaba.nacos.common.remote.client   : [11fc06ad-8ff4-46a8-b84d-e505f4ee4230] Register server push request handler:com.alibaba.nacos.common.remote.client.RpcClient$ConnectResetRequestHandler
00:06:11:285  INFO 13412 --- [mass-activity-service] [main] com.alibaba.nacos.common.remote.client   : [11fc06ad-8ff4-46a8-b84d-e505f4ee4230] Register server push request handler:com.alibaba.nacos.common.remote.client.RpcClient$$Lambda/0x0000029ac845d688
00:06:11:285  INFO 13412 --- [mass-activity-service] [com.alibaba.nacos.client.remote.worker] com.alibaba.nacos.common.remote.client   : [11fc06ad-8ff4-46a8-b84d-e505f4ee4230] Notify connected event to listeners.
00:06:11:285  INFO 13412 --- [mass-activity-service] [com.alibaba.nacos.client.remote.worker] com.alibaba.nacos.client.naming          : Grpc connection connect
00:06:11:286  INFO 13412 --- [mass-activity-service] [main] com.alibaba.nacos.client.naming          : [REGISTER-SERVICE] public registering service mass-activity-service with instance Instance{instanceId='null', ip='192.168.247.1', port=8082, weight=1.0, healthy=true, enabled=true, ephemeral=true, clusterName='DEFAULT', serviceName='null', metadata={IPv6=null, preserved.register.source=SPRING_CLOUD}}
00:06:11:297  INFO 13412 --- [mass-activity-service] [main] c.a.c.n.registry.NacosServiceRegistry    : nacos registry, DEFAULT_GROUP mass-activity-service 192.168.247.1:8082 register finished
00:06:11:312  INFO 13412 --- [mass-activity-service] [main] c.finetool.activity.ActivityApplication  : Started ActivityApplication in 3.544 seconds (process running for 4.019)
00:06:11:313  INFO 13412 --- [mass-activity-service] [scheduling-1] c.f.a.service.impl.UserSignServiceImpl   : 检查签到数据是否达标=================
00:06:11:315  INFO 13412 --- [mass-activity-service] [main] c.a.nacos.client.config.impl.CacheData   : nacos.cache.data.init.snapshot = true 
00:06:11:315  INFO 13412 --- [mass-activity-service] [main] c.a.n.client.config.impl.ClientWorker    : [fixed-192.168.64.100_8848] [subscribe] mass-activity-service-dev.yaml+DEFAULT_GROUP
00:06:11:321  INFO 13412 --- [mass-activity-service] [main] c.a.nacos.client.config.impl.CacheData   : [fixed-192.168.64.100_8848] [add-listener] ok, tenant=, dataId=mass-activity-service-dev.yaml, group=DEFAULT_GROUP, cnt=1
00:06:11:322  INFO 13412 --- [mass-activity-service] [main] c.a.c.n.refresh.NacosContextRefresher    : [Nacos Config] Listening config: dataId=mass-activity-service-dev.yaml, group=DEFAULT_GROUP
00:06:11:322  INFO 13412 --- [mass-activity-service] [main] c.a.n.client.config.impl.ClientWorker    : [fixed-192.168.64.100_8848] [subscribe] mass-activity-service+DEFAULT_GROUP
00:06:11:322  INFO 13412 --- [mass-activity-service] [main] c.a.nacos.client.config.impl.CacheData   : [fixed-192.168.64.100_8848] [add-listener] ok, tenant=, dataId=mass-activity-service, group=DEFAULT_GROUP, cnt=1
00:06:11:322  INFO 13412 --- [mass-activity-service] [main] c.a.c.n.refresh.NacosContextRefresher    : [Nacos Config] Listening config: dataId=mass-activity-service, group=DEFAULT_GROUP
00:06:11:322  INFO 13412 --- [mass-activity-service] [main] c.a.n.client.config.impl.ClientWorker    : [fixed-192.168.64.100_8848] [subscribe] mass-activity-service.yaml+DEFAULT_GROUP
00:06:11:322  INFO 13412 --- [mass-activity-service] [main] c.a.nacos.client.config.impl.CacheData   : [fixed-192.168.64.100_8848] [add-listener] ok, tenant=, dataId=mass-activity-service.yaml, group=DEFAULT_GROUP, cnt=1
00:06:11:322  INFO 13412 --- [mass-activity-service] [main] c.a.c.n.refresh.NacosContextRefresher    : [Nacos Config] Listening config: dataId=mass-activity-service.yaml, group=DEFAULT_GROUP
00:06:21:310  INFO 13412 --- [mass-activity-service] [scheduling-1] c.f.a.service.impl.UserSignServiceImpl   : 检查签到数据是否达标=================
00:06:31:312  INFO 13412 --- [mass-activity-service] [scheduling-1] c.f.a.service.impl.UserSignServiceImpl   : 检查签到数据是否达标=================
00:06:41:310  INFO 13412 --- [mass-activity-service] [scheduling-1] c.f.a.service.impl.UserSignServiceImpl   : 检查签到数据是否达标=================
00:06:51:311  INFO 13412 --- [mass-activity-service] [scheduling-1] c.f.a.service.impl.UserSignServiceImpl   : 检查签到数据是否达标=================
00:06:52:397  INFO 13412 --- [mass-activity-service] [http-nio-8082-exec-1] o.a.c.c.C.[Tomcat].[localhost].[/]       : Initializing Spring DispatcherServlet 'dispatcherServlet'
00:06:52:397  INFO 13412 --- [mass-activity-service] [http-nio-8082-exec-1] o.s.web.servlet.DispatcherServlet        : Initializing Servlet 'dispatcherServlet'
00:06:52:399  INFO 13412 --- [mass-activity-service] [http-nio-8082-exec-1] o.s.web.servlet.DispatcherServlet        : Completed initialization in 2 ms
00:06:52:496  INFO 13412 --- [mass-activity-service] [http-nio-8082-exec-1] com.zaxxer.hikari.HikariDataSource       : HikariPool-1 - Starting...
00:06:52:744  INFO 13412 --- [mass-activity-service] [http-nio-8082-exec-1] com.zaxxer.hikari.pool.HikariPool        : HikariPool-1 - Added connection com.mysql.cj.jdbc.ConnectionImpl@1ff181be
00:06:52:745  INFO 13412 --- [mass-activity-service] [http-nio-8082-exec-1] com.zaxxer.hikari.HikariDataSource       : HikariPool-1 - Start completed.
00:07:01:311  INFO 13412 --- [mass-activity-service] [scheduling-1] c.f.a.service.impl.UserSignServiceImpl   : 检查签到数据是否达标=================
00:07:11:311  INFO 13412 --- [mass-activity-service] [scheduling-1] c.f.a.service.impl.UserSignServiceImpl   : 检查签到数据是否达标=================
00:07:21:312  INFO 13412 --- [mass-activity-service] [scheduling-1] c.f.a.service.impl.UserSignServiceImpl   : 检查签到数据是否达标=================
00:07:31:310  INFO 13412 --- [mass-activity-service] [scheduling-1] c.f.a.service.impl.UserSignServiceImpl   : 检查签到数据是否达标=================
00:07:41:317  INFO 13412 --- [mass-activity-service] [scheduling-1] c.f.a.service.impl.UserSignServiceImpl   : 检查签到数据是否达标=================
00:07:51:310  INFO 13412 --- [mass-activity-service] [scheduling-1] c.f.a.service.impl.UserSignServiceImpl   : 检查签到数据是否达标=================
00:08:01:309  INFO 13412 --- [mass-activity-service] [scheduling-1] c.f.a.service.impl.UserSignServiceImpl   : 检查签到数据是否达标=================
00:08:11:309  INFO 13412 --- [mass-activity-service] [scheduling-1] c.f.a.service.impl.UserSignServiceImpl   : 检查签到数据是否达标=================
00:08:21:311  INFO 13412 --- [mass-activity-service] [scheduling-1] c.f.a.service.impl.UserSignServiceImpl   : 检查签到数据是否达标=================
00:08:31:324  INFO 13412 --- [mass-activity-service] [scheduling-1] c.f.a.service.impl.UserSignServiceImpl   : 检查签到数据是否达标=================
00:08:41:311  INFO 13412 --- [mass-activity-service] [scheduling-1] c.f.a.service.impl.UserSignServiceImpl   : 检查签到数据是否达标=================
00:08:51:310  INFO 13412 --- [mass-activity-service] [scheduling-1] c.f.a.service.impl.UserSignServiceImpl   : 检查签到数据是否达标=================
00:09:01:312  INFO 13412 --- [mass-activity-service] [scheduling-1] c.f.a.service.impl.UserSignServiceImpl   : 检查签到数据是否达标=================
00:09:11:311  INFO 13412 --- [mass-activity-service] [scheduling-1] c.f.a.service.impl.UserSignServiceImpl   : 检查签到数据是否达标=================
00:09:21:312  INFO 13412 --- [mass-activity-service] [scheduling-1] c.f.a.service.impl.UserSignServiceImpl   : 检查签到数据是否达标=================
00:09:31:311  INFO 13412 --- [mass-activity-service] [scheduling-1] c.f.a.service.impl.UserSignServiceImpl   : 检查签到数据是否达标=================
00:09:41:312  INFO 13412 --- [mass-activity-service] [scheduling-1] c.f.a.service.impl.UserSignServiceImpl   : 检查签到数据是否达标=================
00:09:51:310  INFO 13412 --- [mass-activity-service] [scheduling-1] c.f.a.service.impl.UserSignServiceImpl   : 检查签到数据是否达标=================
00:10:01:310  INFO 13412 --- [mass-activity-service] [scheduling-1] c.f.a.service.impl.UserSignServiceImpl   : 检查签到数据是否达标=================
00:10:11:310  INFO 13412 --- [mass-activity-service] [scheduling-1] c.f.a.service.impl.UserSignServiceImpl   : 检查签到数据是否达标=================
00:10:21:310  INFO 13412 --- [mass-activity-service] [scheduling-1] c.f.a.service.impl.UserSignServiceImpl   : 检查签到数据是否达标=================
00:10:31:311  INFO 13412 --- [mass-activity-service] [scheduling-1] c.f.a.service.impl.UserSignServiceImpl   : 检查签到数据是否达标=================
00:10:41:310  INFO 13412 --- [mass-activity-service] [scheduling-1] c.f.a.service.impl.UserSignServiceImpl   : 检查签到数据是否达标=================
00:10:51:310  INFO 13412 --- [mass-activity-service] [scheduling-1] c.f.a.service.impl.UserSignServiceImpl   : 检查签到数据是否达标=================
00:11:01:312  INFO 13412 --- [mass-activity-service] [scheduling-1] c.f.a.service.impl.UserSignServiceImpl   : 检查签到数据是否达标=================
00:11:11:311  INFO 13412 --- [mass-activity-service] [scheduling-1] c.f.a.service.impl.UserSignServiceImpl   : 检查签到数据是否达标=================
00:11:21:311  INFO 13412 --- [mass-activity-service] [scheduling-1] c.f.a.service.impl.UserSignServiceImpl   : 检查签到数据是否达标=================
00:11:31:309  INFO 13412 --- [mass-activity-service] [scheduling-1] c.f.a.service.impl.UserSignServiceImpl   : 检查签到数据是否达标=================
00:11:41:310  INFO 13412 --- [mass-activity-service] [scheduling-1] c.f.a.service.impl.UserSignServiceImpl   : 检查签到数据是否达标=================
00:11:51:311  INFO 13412 --- [mass-activity-service] [scheduling-1] c.f.a.service.impl.UserSignServiceImpl   : 检查签到数据是否达标=================
00:12:01:311  INFO 13412 --- [mass-activity-service] [scheduling-1] c.f.a.service.impl.UserSignServiceImpl   : 检查签到数据是否达标=================
00:12:11:312  INFO 13412 --- [mass-activity-service] [scheduling-1] c.f.a.service.impl.UserSignServiceImpl   : 检查签到数据是否达标=================
00:12:21:311  INFO 13412 --- [mass-activity-service] [scheduling-1] c.f.a.service.impl.UserSignServiceImpl   : 检查签到数据是否达标=================
00:12:31:312  INFO 13412 --- [mass-activity-service] [scheduling-1] c.f.a.service.impl.UserSignServiceImpl   : 检查签到数据是否达标=================
00:12:41:311  INFO 13412 --- [mass-activity-service] [scheduling-1] c.f.a.service.impl.UserSignServiceImpl   : 检查签到数据是否达标=================
00:12:51:310  INFO 13412 --- [mass-activity-service] [scheduling-1] c.f.a.service.impl.UserSignServiceImpl   : 检查签到数据是否达标=================
00:13:01:310  INFO 13412 --- [mass-activity-service] [scheduling-1] c.f.a.service.impl.UserSignServiceImpl   : 检查签到数据是否达标=================
00:13:11:309  INFO 13412 --- [mass-activity-service] [scheduling-1] c.f.a.service.impl.UserSignServiceImpl   : 检查签到数据是否达标=================
00:13:21:312  INFO 13412 --- [mass-activity-service] [scheduling-1] c.f.a.service.impl.UserSignServiceImpl   : 检查签到数据是否达标=================
00:13:31:313  INFO 13412 --- [mass-activity-service] [scheduling-1] c.f.a.service.impl.UserSignServiceImpl   : 检查签到数据是否达标=================
00:13:41:311  INFO 13412 --- [mass-activity-service] [scheduling-1] c.f.a.service.impl.UserSignServiceImpl   : 检查签到数据是否达标=================
00:13:51:310  INFO 13412 --- [mass-activity-service] [scheduling-1] c.f.a.service.impl.UserSignServiceImpl   : 检查签到数据是否达标=================
00:14:01:324  INFO 13412 --- [mass-activity-service] [scheduling-1] c.f.a.service.impl.UserSignServiceImpl   : 检查签到数据是否达标=================
00:14:11:312  INFO 13412 --- [mass-activity-service] [scheduling-1] c.f.a.service.impl.UserSignServiceImpl   : 检查签到数据是否达标=================
00:14:21:311  INFO 13412 --- [mass-activity-service] [scheduling-1] c.f.a.service.impl.UserSignServiceImpl   : 检查签到数据是否达标=================
00:14:31:311  INFO 13412 --- [mass-activity-service] [scheduling-1] c.f.a.service.impl.UserSignServiceImpl   : 检查签到数据是否达标=================
00:14:41:311  INFO 13412 --- [mass-activity-service] [scheduling-1] c.f.a.service.impl.UserSignServiceImpl   : 检查签到数据是否达标=================
00:14:51:313  INFO 13412 --- [mass-activity-service] [scheduling-1] c.f.a.service.impl.UserSignServiceImpl   : 检查签到数据是否达标=================
00:15:01:312  INFO 13412 --- [mass-activity-service] [scheduling-1] c.f.a.service.impl.UserSignServiceImpl   : 检查签到数据是否达标=================
00:15:11:311  INFO 13412 --- [mass-activity-service] [scheduling-1] c.f.a.service.impl.UserSignServiceImpl   : 检查签到数据是否达标=================
00:15:21:312  INFO 13412 --- [mass-activity-service] [scheduling-1] c.f.a.service.impl.UserSignServiceImpl   : 检查签到数据是否达标=================
00:15:31:313  INFO 13412 --- [mass-activity-service] [scheduling-1] c.f.a.service.impl.UserSignServiceImpl   : 检查签到数据是否达标=================
00:15:41:310  INFO 13412 --- [mass-activity-service] [scheduling-1] c.f.a.service.impl.UserSignServiceImpl   : 检查签到数据是否达标=================
00:15:51:311  INFO 13412 --- [mass-activity-service] [scheduling-1] c.f.a.service.impl.UserSignServiceImpl   : 检查签到数据是否达标=================
00:16:01:312  INFO 13412 --- [mass-activity-service] [scheduling-1] c.f.a.service.impl.UserSignServiceImpl   : 检查签到数据是否达标=================
00:16:11:311  INFO 13412 --- [mass-activity-service] [scheduling-1] c.f.a.service.impl.UserSignServiceImpl   : 检查签到数据是否达标=================
00:16:21:309  INFO 13412 --- [mass-activity-service] [scheduling-1] c.f.a.service.impl.UserSignServiceImpl   : 检查签到数据是否达标=================
00:16:31:310  INFO 13412 --- [mass-activity-service] [scheduling-1] c.f.a.service.impl.UserSignServiceImpl   : 检查签到数据是否达标=================
00:16:41:311  INFO 13412 --- [mass-activity-service] [scheduling-1] c.f.a.service.impl.UserSignServiceImpl   : 检查签到数据是否达标=================
00:16:51:311  INFO 13412 --- [mass-activity-service] [scheduling-1] c.f.a.service.impl.UserSignServiceImpl   : 检查签到数据是否达标=================
00:17:01:309  INFO 13412 --- [mass-activity-service] [scheduling-1] c.f.a.service.impl.UserSignServiceImpl   : 检查签到数据是否达标=================
00:17:11:310  INFO 13412 --- [mass-activity-service] [scheduling-1] c.f.a.service.impl.UserSignServiceImpl   : 检查签到数据是否达标=================
00:17:21:311  INFO 13412 --- [mass-activity-service] [scheduling-1] c.f.a.service.impl.UserSignServiceImpl   : 检查签到数据是否达标=================
00:17:31:311  INFO 13412 --- [mass-activity-service] [scheduling-1] c.f.a.service.impl.UserSignServiceImpl   : 检查签到数据是否达标=================
00:17:41:312  INFO 13412 --- [mass-activity-service] [scheduling-1] c.f.a.service.impl.UserSignServiceImpl   : 检查签到数据是否达标=================
00:17:51:311  INFO 13412 --- [mass-activity-service] [scheduling-1] c.f.a.service.impl.UserSignServiceImpl   : 检查签到数据是否达标=================
00:18:01:309  INFO 13412 --- [mass-activity-service] [scheduling-1] c.f.a.service.impl.UserSignServiceImpl   : 检查签到数据是否达标=================
00:18:11:310  INFO 13412 --- [mass-activity-service] [scheduling-1] c.f.a.service.impl.UserSignServiceImpl   : 检查签到数据是否达标=================
00:18:21:312  INFO 13412 --- [mass-activity-service] [scheduling-1] c.f.a.service.impl.UserSignServiceImpl   : 检查签到数据是否达标=================
00:18:31:310  INFO 13412 --- [mass-activity-service] [scheduling-1] c.f.a.service.impl.UserSignServiceImpl   : 检查签到数据是否达标=================
00:18:41:318  INFO 13412 --- [mass-activity-service] [scheduling-1] c.f.a.service.impl.UserSignServiceImpl   : 检查签到数据是否达标=================
00:18:51:312  INFO 13412 --- [mass-activity-service] [scheduling-1] c.f.a.service.impl.UserSignServiceImpl   : 检查签到数据是否达标=================
00:19:01:310  INFO 13412 --- [mass-activity-service] [scheduling-1] c.f.a.service.impl.UserSignServiceImpl   : 检查签到数据是否达标=================
00:19:11:309  INFO 13412 --- [mass-activity-service] [scheduling-1] c.f.a.service.impl.UserSignServiceImpl   : 检查签到数据是否达标=================
00:19:21:322  INFO 13412 --- [mass-activity-service] [scheduling-1] c.f.a.service.impl.UserSignServiceImpl   : 检查签到数据是否达标=================
00:19:31:313  INFO 13412 --- [mass-activity-service] [scheduling-1] c.f.a.service.impl.UserSignServiceImpl   : 检查签到数据是否达标=================
00:19:41:310  INFO 13412 --- [mass-activity-service] [scheduling-1] c.f.a.service.impl.UserSignServiceImpl   : 检查签到数据是否达标=================
00:19:51:311  INFO 13412 --- [mass-activity-service] [scheduling-1] c.f.a.service.impl.UserSignServiceImpl   : 检查签到数据是否达标=================
00:20:01:311  INFO 13412 --- [mass-activity-service] [scheduling-1] c.f.a.service.impl.UserSignServiceImpl   : 检查签到数据是否达标=================
00:20:11:310  INFO 13412 --- [mass-activity-service] [scheduling-1] c.f.a.service.impl.UserSignServiceImpl   : 检查签到数据是否达标=================
00:20:21:311  INFO 13412 --- [mass-activity-service] [scheduling-1] c.f.a.service.impl.UserSignServiceImpl   : 检查签到数据是否达标=================
00:20:31:312  INFO 13412 --- [mass-activity-service] [scheduling-1] c.f.a.service.impl.UserSignServiceImpl   : 检查签到数据是否达标=================
00:20:41:313  INFO 13412 --- [mass-activity-service] [scheduling-1] c.f.a.service.impl.UserSignServiceImpl   : 检查签到数据是否达标=================
00:20:51:310  INFO 13412 --- [mass-activity-service] [scheduling-1] c.f.a.service.impl.UserSignServiceImpl   : 检查签到数据是否达标=================
00:21:01:310  INFO 13412 --- [mass-activity-service] [scheduling-1] c.f.a.service.impl.UserSignServiceImpl   : 检查签到数据是否达标=================
00:21:11:312  INFO 13412 --- [mass-activity-service] [scheduling-1] c.f.a.service.impl.UserSignServiceImpl   : 检查签到数据是否达标=================
00:21:21:310  INFO 13412 --- [mass-activity-service] [scheduling-1] c.f.a.service.impl.UserSignServiceImpl   : 检查签到数据是否达标=================
00:21:31:312  INFO 13412 --- [mass-activity-service] [scheduling-1] c.f.a.service.impl.UserSignServiceImpl   : 检查签到数据是否达标=================
00:21:41:312  INFO 13412 --- [mass-activity-service] [scheduling-1] c.f.a.service.impl.UserSignServiceImpl   : 检查签到数据是否达标=================
00:21:51:320  INFO 13412 --- [mass-activity-service] [scheduling-1] c.f.a.service.impl.UserSignServiceImpl   : 检查签到数据是否达标=================
00:22:01:309  INFO 13412 --- [mass-activity-service] [scheduling-1] c.f.a.service.impl.UserSignServiceImpl   : 检查签到数据是否达标=================
00:22:11:312  INFO 13412 --- [mass-activity-service] [scheduling-1] c.f.a.service.impl.UserSignServiceImpl   : 检查签到数据是否达标=================
00:22:21:310  INFO 13412 --- [mass-activity-service] [scheduling-1] c.f.a.service.impl.UserSignServiceImpl   : 检查签到数据是否达标=================
00:22:31:311  INFO 13412 --- [mass-activity-service] [scheduling-1] c.f.a.service.impl.UserSignServiceImpl   : 检查签到数据是否达标=================
00:22:41:310  INFO 13412 --- [mass-activity-service] [scheduling-1] c.f.a.service.impl.UserSignServiceImpl   : 检查签到数据是否达标=================
00:22:51:322  INFO 13412 --- [mass-activity-service] [scheduling-1] c.f.a.service.impl.UserSignServiceImpl   : 检查签到数据是否达标=================
00:23:01:310  INFO 13412 --- [mass-activity-service] [scheduling-1] c.f.a.service.impl.UserSignServiceImpl   : 检查签到数据是否达标=================
00:23:11:310  INFO 13412 --- [mass-activity-service] [scheduling-1] c.f.a.service.impl.UserSignServiceImpl   : 检查签到数据是否达标=================
00:23:21:309  INFO 13412 --- [mass-activity-service] [scheduling-1] c.f.a.service.impl.UserSignServiceImpl   : 检查签到数据是否达标=================
00:23:31:310  INFO 13412 --- [mass-activity-service] [scheduling-1] c.f.a.service.impl.UserSignServiceImpl   : 检查签到数据是否达标=================
00:23:41:311  INFO 13412 --- [mass-activity-service] [scheduling-1] c.f.a.service.impl.UserSignServiceImpl   : 检查签到数据是否达标=================
00:23:51:310  INFO 13412 --- [mass-activity-service] [scheduling-1] c.f.a.service.impl.UserSignServiceImpl   : 检查签到数据是否达标=================
00:24:01:310  INFO 13412 --- [mass-activity-service] [scheduling-1] c.f.a.service.impl.UserSignServiceImpl   : 检查签到数据是否达标=================
00:24:11:312  INFO 13412 --- [mass-activity-service] [scheduling-1] c.f.a.service.impl.UserSignServiceImpl   : 检查签到数据是否达标=================
00:24:21:311  INFO 13412 --- [mass-activity-service] [scheduling-1] c.f.a.service.impl.UserSignServiceImpl   : 检查签到数据是否达标=================
00:24:31:312  INFO 13412 --- [mass-activity-service] [scheduling-1] c.f.a.service.impl.UserSignServiceImpl   : 检查签到数据是否达标=================
00:24:41:311  INFO 13412 --- [mass-activity-service] [scheduling-1] c.f.a.service.impl.UserSignServiceImpl   : 检查签到数据是否达标=================
00:24:51:312  INFO 13412 --- [mass-activity-service] [scheduling-1] c.f.a.service.impl.UserSignServiceImpl   : 检查签到数据是否达标=================
00:25:01:324  INFO 13412 --- [mass-activity-service] [scheduling-1] c.f.a.service.impl.UserSignServiceImpl   : 检查签到数据是否达标=================
00:25:11:310  INFO 13412 --- [mass-activity-service] [scheduling-1] c.f.a.service.impl.UserSignServiceImpl   : 检查签到数据是否达标=================
00:25:21:310  INFO 13412 --- [mass-activity-service] [scheduling-1] c.f.a.service.impl.UserSignServiceImpl   : 检查签到数据是否达标=================
00:25:31:311  INFO 13412 --- [mass-activity-service] [scheduling-1] c.f.a.service.impl.UserSignServiceImpl   : 检查签到数据是否达标=================
00:25:41:313  INFO 13412 --- [mass-activity-service] [scheduling-1] c.f.a.service.impl.UserSignServiceImpl   : 检查签到数据是否达标=================
00:25:51:311  INFO 13412 --- [mass-activity-service] [scheduling-1] c.f.a.service.impl.UserSignServiceImpl   : 检查签到数据是否达标=================
00:26:01:310  INFO 13412 --- [mass-activity-service] [scheduling-1] c.f.a.service.impl.UserSignServiceImpl   : 检查签到数据是否达标=================
00:26:11:324  INFO 13412 --- [mass-activity-service] [scheduling-1] c.f.a.service.impl.UserSignServiceImpl   : 检查签到数据是否达标=================
00:26:21:313  INFO 13412 --- [mass-activity-service] [scheduling-1] c.f.a.service.impl.UserSignServiceImpl   : 检查签到数据是否达标=================
00:26:31:311  INFO 13412 --- [mass-activity-service] [scheduling-1] c.f.a.service.impl.UserSignServiceImpl   : 检查签到数据是否达标=================
00:26:41:312  INFO 13412 --- [mass-activity-service] [scheduling-1] c.f.a.service.impl.UserSignServiceImpl   : 检查签到数据是否达标=================
00:26:51:311  INFO 13412 --- [mass-activity-service] [scheduling-1] c.f.a.service.impl.UserSignServiceImpl   : 检查签到数据是否达标=================
00:27:01:310  INFO 13412 --- [mass-activity-service] [scheduling-1] c.f.a.service.impl.UserSignServiceImpl   : 检查签到数据是否达标=================
00:27:11:312  INFO 13412 --- [mass-activity-service] [scheduling-1] c.f.a.service.impl.UserSignServiceImpl   : 检查签到数据是否达标=================
00:27:21:312  INFO 13412 --- [mass-activity-service] [scheduling-1] c.f.a.service.impl.UserSignServiceImpl   : 检查签到数据是否达标=================
00:27:31:311  INFO 13412 --- [mass-activity-service] [scheduling-1] c.f.a.service.impl.UserSignServiceImpl   : 检查签到数据是否达标=================
00:27:41:312  INFO 13412 --- [mass-activity-service] [scheduling-1] c.f.a.service.impl.UserSignServiceImpl   : 检查签到数据是否达标=================
00:27:51:309  INFO 13412 --- [mass-activity-service] [scheduling-1] c.f.a.service.impl.UserSignServiceImpl   : 检查签到数据是否达标=================
00:28:01:310  INFO 13412 --- [mass-activity-service] [scheduling-1] c.f.a.service.impl.UserSignServiceImpl   : 检查签到数据是否达标=================
00:28:11:311  INFO 13412 --- [mass-activity-service] [scheduling-1] c.f.a.service.impl.UserSignServiceImpl   : 检查签到数据是否达标=================
00:28:21:312  INFO 13412 --- [mass-activity-service] [scheduling-1] c.f.a.service.impl.UserSignServiceImpl   : 检查签到数据是否达标=================
00:28:31:310  INFO 13412 --- [mass-activity-service] [scheduling-1] c.f.a.service.impl.UserSignServiceImpl   : 检查签到数据是否达标=================
00:28:41:310  INFO 13412 --- [mass-activity-service] [scheduling-1] c.f.a.service.impl.UserSignServiceImpl   : 检查签到数据是否达标=================
00:28:51:312  INFO 13412 --- [mass-activity-service] [scheduling-1] c.f.a.service.impl.UserSignServiceImpl   : 检查签到数据是否达标=================
00:29:01:310  INFO 13412 --- [mass-activity-service] [scheduling-1] c.f.a.service.impl.UserSignServiceImpl   : 检查签到数据是否达标=================
00:29:11:311  INFO 13412 --- [mass-activity-service] [scheduling-1] c.f.a.service.impl.UserSignServiceImpl   : 检查签到数据是否达标=================
00:29:21:312  INFO 13412 --- [mass-activity-service] [scheduling-1] c.f.a.service.impl.UserSignServiceImpl   : 检查签到数据是否达标=================
00:29:31:310  INFO 13412 --- [mass-activity-service] [scheduling-1] c.f.a.service.impl.UserSignServiceImpl   : 检查签到数据是否达标=================
00:29:41:312  INFO 13412 --- [mass-activity-service] [scheduling-1] c.f.a.service.impl.UserSignServiceImpl   : 检查签到数据是否达标=================
00:29:51:311  INFO 13412 --- [mass-activity-service] [scheduling-1] c.f.a.service.impl.UserSignServiceImpl   : 检查签到数据是否达标=================
00:30:01:309  INFO 13412 --- [mass-activity-service] [scheduling-1] c.f.a.service.impl.UserSignServiceImpl   : 检查签到数据是否达标=================
00:30:11:310  INFO 13412 --- [mass-activity-service] [scheduling-1] c.f.a.service.impl.UserSignServiceImpl   : 检查签到数据是否达标=================
00:30:21:311  INFO 13412 --- [mass-activity-service] [scheduling-1] c.f.a.service.impl.UserSignServiceImpl   : 检查签到数据是否达标=================
00:30:31:315  INFO 13412 --- [mass-activity-service] [scheduling-1] c.f.a.service.impl.UserSignServiceImpl   : 检查签到数据是否达标=================
00:30:41:310  INFO 13412 --- [mass-activity-service] [scheduling-1] c.f.a.service.impl.UserSignServiceImpl   : 检查签到数据是否达标=================
00:30:51:313  INFO 13412 --- [mass-activity-service] [scheduling-1] c.f.a.service.impl.UserSignServiceImpl   : 检查签到数据是否达标=================
00:31:01:311  INFO 13412 --- [mass-activity-service] [scheduling-1] c.f.a.service.impl.UserSignServiceImpl   : 检查签到数据是否达标=================
00:31:11:310  INFO 13412 --- [mass-activity-service] [scheduling-1] c.f.a.service.impl.UserSignServiceImpl   : 检查签到数据是否达标=================
00:31:21:313  INFO 13412 --- [mass-activity-service] [scheduling-1] c.f.a.service.impl.UserSignServiceImpl   : 检查签到数据是否达标=================
00:31:27:441  INFO 13412 --- [mass-activity-service] [http-nio-8082-exec-5] c.f.a.service.impl.UserSignServiceImpl   : 签到时间:273
00:31:31:310  INFO 13412 --- [mass-activity-service] [scheduling-1] c.f.a.service.impl.UserSignServiceImpl   : 检查签到数据是否达标=================
00:31:41:310  INFO 13412 --- [mass-activity-service] [scheduling-1] c.f.a.service.impl.UserSignServiceImpl   : 检查签到数据是否达标=================
00:31:51:312  INFO 13412 --- [mass-activity-service] [scheduling-1] c.f.a.service.impl.UserSignServiceImpl   : 检查签到数据是否达标=================
00:32:01:312  INFO 13412 --- [mass-activity-service] [scheduling-1] c.f.a.service.impl.UserSignServiceImpl   : 检查签到数据是否达标=================
00:32:11:311  INFO 13412 --- [mass-activity-service] [scheduling-1] c.f.a.service.impl.UserSignServiceImpl   : 检查签到数据是否达标=================
00:32:21:313  INFO 13412 --- [mass-activity-service] [scheduling-1] c.f.a.service.impl.UserSignServiceImpl   : 检查签到数据是否达标=================
00:32:31:310  INFO 13412 --- [mass-activity-service] [scheduling-1] c.f.a.service.impl.UserSignServiceImpl   : 检查签到数据是否达标=================
00:32:41:311  INFO 13412 --- [mass-activity-service] [scheduling-1] c.f.a.service.impl.UserSignServiceImpl   : 检查签到数据是否达标=================
00:32:51:311  INFO 13412 --- [mass-activity-service] [scheduling-1] c.f.a.service.impl.UserSignServiceImpl   : 检查签到数据是否达标=================
00:33:01:313  INFO 13412 --- [mass-activity-service] [scheduling-1] c.f.a.service.impl.UserSignServiceImpl   : 检查签到数据是否达标=================
00:33:11:310  INFO 13412 --- [mass-activity-service] [scheduling-1] c.f.a.service.impl.UserSignServiceImpl   : 检查签到数据是否达标=================
00:33:21:312  INFO 13412 --- [mass-activity-service] [scheduling-1] c.f.a.service.impl.UserSignServiceImpl   : 检查签到数据是否达标=================
00:33:31:310  INFO 13412 --- [mass-activity-service] [scheduling-1] c.f.a.service.impl.UserSignServiceImpl   : 检查签到数据是否达标=================
00:33:41:312  INFO 13412 --- [mass-activity-service] [scheduling-1] c.f.a.service.impl.UserSignServiceImpl   : 检查签到数据是否达标=================
00:33:51:311  INFO 13412 --- [mass-activity-service] [scheduling-1] c.f.a.service.impl.UserSignServiceImpl   : 检查签到数据是否达标=================
00:34:01:310  INFO 13412 --- [mass-activity-service] [scheduling-1] c.f.a.service.impl.UserSignServiceImpl   : 检查签到数据是否达标=================
00:34:11:310  INFO 13412 --- [mass-activity-service] [scheduling-1] c.f.a.service.impl.UserSignServiceImpl   : 检查签到数据是否达标=================
00:34:21:311  INFO 13412 --- [mass-activity-service] [scheduling-1] c.f.a.service.impl.UserSignServiceImpl   : 检查签到数据是否达标=================
00:34:31:312  INFO 13412 --- [mass-activity-service] [scheduling-1] c.f.a.service.impl.UserSignServiceImpl   : 检查签到数据是否达标=================
00:34:41:311  INFO 13412 --- [mass-activity-service] [scheduling-1] c.f.a.service.impl.UserSignServiceImpl   : 检查签到数据是否达标=================
00:34:51:310  INFO 13412 --- [mass-activity-service] [scheduling-1] c.f.a.service.impl.UserSignServiceImpl   : 检查签到数据是否达标=================
00:35:01:311  INFO 13412 --- [mass-activity-service] [scheduling-1] c.f.a.service.impl.UserSignServiceImpl   : 检查签到数据是否达标=================
00:35:11:312  INFO 13412 --- [mass-activity-service] [scheduling-1] c.f.a.service.impl.UserSignServiceImpl   : 检查签到数据是否达标=================
00:35:21:321  INFO 13412 --- [mass-activity-service] [scheduling-1] c.f.a.service.impl.UserSignServiceImpl   : 检查签到数据是否达标=================
00:35:31:311  INFO 13412 --- [mass-activity-service] [scheduling-1] c.f.a.service.impl.UserSignServiceImpl   : 检查签到数据是否达标=================
00:35:41:309  INFO 13412 --- [mass-activity-service] [scheduling-1] c.f.a.service.impl.UserSignServiceImpl   : 检查签到数据是否达标=================
00:35:51:309  INFO 13412 --- [mass-activity-service] [scheduling-1] c.f.a.service.impl.UserSignServiceImpl   : 检查签到数据是否达标=================
00:36:01:310  INFO 13412 --- [mass-activity-service] [scheduling-1] c.f.a.service.impl.UserSignServiceImpl   : 检查签到数据是否达标=================
00:36:11:311  INFO 13412 --- [mass-activity-service] [scheduling-1] c.f.a.service.impl.UserSignServiceImpl   : 检查签到数据是否达标=================
00:36:21:311  INFO 13412 --- [mass-activity-service] [scheduling-1] c.f.a.service.impl.UserSignServiceImpl   : 检查签到数据是否达标=================
00:36:31:309  INFO 13412 --- [mass-activity-service] [scheduling-1] c.f.a.service.impl.UserSignServiceImpl   : 检查签到数据是否达标=================
00:36:41:312  INFO 13412 --- [mass-activity-service] [scheduling-1] c.f.a.service.impl.UserSignServiceImpl   : 检查签到数据是否达标=================
00:36:51:311  INFO 13412 --- [mass-activity-service] [scheduling-1] c.f.a.service.impl.UserSignServiceImpl   : 检查签到数据是否达标=================
00:37:01:310  INFO 13412 --- [mass-activity-service] [scheduling-1] c.f.a.service.impl.UserSignServiceImpl   : 检查签到数据是否达标=================
00:37:11:312  INFO 13412 --- [mass-activity-service] [scheduling-1] c.f.a.service.impl.UserSignServiceImpl   : 检查签到数据是否达标=================
00:37:21:310  INFO 13412 --- [mass-activity-service] [scheduling-1] c.f.a.service.impl.UserSignServiceImpl   : 检查签到数据是否达标=================
00:37:31:311  INFO 13412 --- [mass-activity-service] [scheduling-1] c.f.a.service.impl.UserSignServiceImpl   : 检查签到数据是否达标=================
00:37:41:310  INFO 13412 --- [mass-activity-service] [scheduling-1] c.f.a.service.impl.UserSignServiceImpl   : 检查签到数据是否达标=================
00:37:51:309  INFO 13412 --- [mass-activity-service] [scheduling-1] c.f.a.service.impl.UserSignServiceImpl   : 检查签到数据是否达标=================
00:38:01:311  INFO 13412 --- [mass-activity-service] [scheduling-1] c.f.a.service.impl.UserSignServiceImpl   : 检查签到数据是否达标=================
00:38:11:310  INFO 13412 --- [mass-activity-service] [scheduling-1] c.f.a.service.impl.UserSignServiceImpl   : 检查签到数据是否达标=================
00:38:21:322  INFO 13412 --- [mass-activity-service] [scheduling-1] c.f.a.service.impl.UserSignServiceImpl   : 检查签到数据是否达标=================
00:38:31:310  INFO 13412 --- [mass-activity-service] [scheduling-1] c.f.a.service.impl.UserSignServiceImpl   : 检查签到数据是否达标=================
00:38:41:311  INFO 13412 --- [mass-activity-service] [scheduling-1] c.f.a.service.impl.UserSignServiceImpl   : 检查签到数据是否达标=================
00:38:51:309  INFO 13412 --- [mass-activity-service] [scheduling-1] c.f.a.service.impl.UserSignServiceImpl   : 检查签到数据是否达标=================
00:39:01:311  INFO 13412 --- [mass-activity-service] [scheduling-1] c.f.a.service.impl.UserSignServiceImpl   : 检查签到数据是否达标=================
00:39:11:311  INFO 13412 --- [mass-activity-service] [scheduling-1] c.f.a.service.impl.UserSignServiceImpl   : 检查签到数据是否达标=================
00:39:21:311  INFO 13412 --- [mass-activity-service] [scheduling-1] c.f.a.service.impl.UserSignServiceImpl   : 检查签到数据是否达标=================
00:39:31:324  INFO 13412 --- [mass-activity-service] [scheduling-1] c.f.a.service.impl.UserSignServiceImpl   : 检查签到数据是否达标=================
00:39:41:309  INFO 13412 --- [mass-activity-service] [scheduling-1] c.f.a.service.impl.UserSignServiceImpl   : 检查签到数据是否达标=================
00:39:51:310  INFO 13412 --- [mass-activity-service] [scheduling-1] c.f.a.service.impl.UserSignServiceImpl   : 检查签到数据是否达标=================
00:40:01:309  INFO 13412 --- [mass-activity-service] [scheduling-1] c.f.a.service.impl.UserSignServiceImpl   : 检查签到数据是否达标=================
00:40:11:312  INFO 13412 --- [mass-activity-service] [scheduling-1] c.f.a.service.impl.UserSignServiceImpl   : 检查签到数据是否达标=================
00:40:21:309  INFO 13412 --- [mass-activity-service] [scheduling-1] c.f.a.service.impl.UserSignServiceImpl   : 检查签到数据是否达标=================
00:40:31:312  INFO 13412 --- [mass-activity-service] [scheduling-1] c.f.a.service.impl.UserSignServiceImpl   : 检查签到数据是否达标=================
00:40:41:311  INFO 13412 --- [mass-activity-service] [scheduling-1] c.f.a.service.impl.UserSignServiceImpl   : 检查签到数据是否达标=================
00:40:51:313  INFO 13412 --- [mass-activity-service] [scheduling-1] c.f.a.service.impl.UserSignServiceImpl   : 检查签到数据是否达标=================
00:41:01:311  INFO 13412 --- [mass-activity-service] [scheduling-1] c.f.a.service.impl.UserSignServiceImpl   : 检查签到数据是否达标=================
00:41:11:311  INFO 13412 --- [mass-activity-service] [scheduling-1] c.f.a.service.impl.UserSignServiceImpl   : 检查签到数据是否达标=================
00:41:21:311  INFO 13412 --- [mass-activity-service] [scheduling-1] c.f.a.service.impl.UserSignServiceImpl   : 检查签到数据是否达标=================
00:41:31:310  INFO 13412 --- [mass-activity-service] [scheduling-1] c.f.a.service.impl.UserSignServiceImpl   : 检查签到数据是否达标=================
00:41:41:324  INFO 13412 --- [mass-activity-service] [scheduling-1] c.f.a.service.impl.UserSignServiceImpl   : 检查签到数据是否达标=================
00:41:51:310  INFO 13412 --- [mass-activity-service] [scheduling-1] c.f.a.service.impl.UserSignServiceImpl   : 检查签到数据是否达标=================
00:42:01:310  INFO 13412 --- [mass-activity-service] [scheduling-1] c.f.a.service.impl.UserSignServiceImpl   : 检查签到数据是否达标=================
00:42:11:310  INFO 13412 --- [mass-activity-service] [scheduling-1] c.f.a.service.impl.UserSignServiceImpl   : 检查签到数据是否达标=================
00:42:21:309  INFO 13412 --- [mass-activity-service] [scheduling-1] c.f.a.service.impl.UserSignServiceImpl   : 检查签到数据是否达标=================
00:42:31:311  INFO 13412 --- [mass-activity-service] [scheduling-1] c.f.a.service.impl.UserSignServiceImpl   : 检查签到数据是否达标=================
00:42:41:312  INFO 13412 --- [mass-activity-service] [scheduling-1] c.f.a.service.impl.UserSignServiceImpl   : 检查签到数据是否达标=================
00:42:51:311  INFO 13412 --- [mass-activity-service] [scheduling-1] c.f.a.service.impl.UserSignServiceImpl   : 检查签到数据是否达标=================
00:43:01:310  INFO 13412 --- [mass-activity-service] [scheduling-1] c.f.a.service.impl.UserSignServiceImpl   : 检查签到数据是否达标=================
00:43:11:313  INFO 13412 --- [mass-activity-service] [scheduling-1] c.f.a.service.impl.UserSignServiceImpl   : 检查签到数据是否达标=================
00:43:21:310  INFO 13412 --- [mass-activity-service] [scheduling-1] c.f.a.service.impl.UserSignServiceImpl   : 检查签到数据是否达标=================
00:43:31:319  INFO 13412 --- [mass-activity-service] [scheduling-1] c.f.a.service.impl.UserSignServiceImpl   : 检查签到数据是否达标=================
00:43:41:313  INFO 13412 --- [mass-activity-service] [scheduling-1] c.f.a.service.impl.UserSignServiceImpl   : 检查签到数据是否达标=================
00:43:51:312  INFO 13412 --- [mass-activity-service] [scheduling-1] c.f.a.service.impl.UserSignServiceImpl   : 检查签到数据是否达标=================
00:44:01:310  INFO 13412 --- [mass-activity-service] [scheduling-1] c.f.a.service.impl.UserSignServiceImpl   : 检查签到数据是否达标=================
00:44:11:312  INFO 13412 --- [mass-activity-service] [scheduling-1] c.f.a.service.impl.UserSignServiceImpl   : 检查签到数据是否达标=================
00:44:21:311  INFO 13412 --- [mass-activity-service] [scheduling-1] c.f.a.service.impl.UserSignServiceImpl   : 检查签到数据是否达标=================
00:44:31:310  INFO 13412 --- [mass-activity-service] [scheduling-1] c.f.a.service.impl.UserSignServiceImpl   : 检查签到数据是否达标=================
00:44:41:313  INFO 13412 --- [mass-activity-service] [scheduling-1] c.f.a.service.impl.UserSignServiceImpl   : 检查签到数据是否达标=================
00:44:51:311  INFO 13412 --- [mass-activity-service] [scheduling-1] c.f.a.service.impl.UserSignServiceImpl   : 检查签到数据是否达标=================
00:45:01:310  INFO 13412 --- [mass-activity-service] [scheduling-1] c.f.a.service.impl.UserSignServiceImpl   : 检查签到数据是否达标=================
00:45:11:312  INFO 13412 --- [mass-activity-service] [scheduling-1] c.f.a.service.impl.UserSignServiceImpl   : 检查签到数据是否达标=================
00:45:21:311  INFO 13412 --- [mass-activity-service] [scheduling-1] c.f.a.service.impl.UserSignServiceImpl   : 检查签到数据是否达标=================
00:45:31:313  INFO 13412 --- [mass-activity-service] [scheduling-1] c.f.a.service.impl.UserSignServiceImpl   : 检查签到数据是否达标=================
00:45:41:309  INFO 13412 --- [mass-activity-service] [scheduling-1] c.f.a.service.impl.UserSignServiceImpl   : 检查签到数据是否达标=================
00:45:51:310  INFO 13412 --- [mass-activity-service] [scheduling-1] c.f.a.service.impl.UserSignServiceImpl   : 检查签到数据是否达标=================
00:46:01:309  INFO 13412 --- [mass-activity-service] [scheduling-1] c.f.a.service.impl.UserSignServiceImpl   : 检查签到数据是否达标=================
00:46:11:312  INFO 13412 --- [mass-activity-service] [scheduling-1] c.f.a.service.impl.UserSignServiceImpl   : 检查签到数据是否达标=================
00:46:21:311  INFO 13412 --- [mass-activity-service] [scheduling-1] c.f.a.service.impl.UserSignServiceImpl   : 检查签到数据是否达标=================
